Repair Log
Processed Timestamp: 2025-09-30T15:19:09.408930

--------------------------------------------------
Time: 2025-09-30T15:19:03.764389
Issue: oneOf | N/A
Message: {'description': 'Request message for projectService.InitializeProject', 'properties': {'accessControlMode': {'description': 'Required. The access control mode for accessing the customer data', 'enum': ['ACL_MODE_UNKNOWN', 'ACL_MODE_UNIVERSAL_ACCESS', 'ACL_MODE_DOCUMENT_LEVEL_ACCESS_CONTROL_BYOID', 'ACL_MODE_DOCUMENT_LEVEL_ACCESS_CONTROL_GCI'], 'type': 'string'}, 'databaseType': {'description': 'Required. The type of database used to store customer data', 'enum': ['DB_UNKNOWN', 'DB_INFRA_SPANNER', 'DB_CLOUD_SQL_POSTGRES'], 'enumDeprecated': [False, False, True], 'type': 'string'}, 'documentCreatorDefaultRole': {'description': 'Optional. The default role for the person who create a document.', 'enum': ['DOCUMENT_CREATOR_DEFAULT_ROLE_UNSPECIFIED', 'DOCUMENT_ADMIN', 'DOCUMENT_EDITOR', 'DOCUMENT_VIEWER'], 'type': 'string'}, 'enableCalUserEmailLogging': {'description': 'Optional. Whether to enable CAL user email logging.', 'type': 'boolean'}, 'kmsKey': {'description': 'Optional. The KMS key used for CMEK encryption. It is required that the kms key is in the same region as the endpoint. The same key will be used for all provisioned resources, if encryption is available. If the kms_key is left empty, no encryption will be enforced.', 'type': 'string'}}, 'type': 'object'} is not valid under any of the given schemas
Location: N/A
Fixed: False
Source: System
Issue Source: openapi-spec-validator
Issue Target: import-url_bundled-spec
Action: COULD NOT PROCESS: Issue definition for code 'oneOf' not found in registry.
--------------------------------------------------
Time: 2025-09-30T15:19:03.766721
Issue: oneOf | N/A
Message: {'description': 'Status of a project, including the project state, dbType, aclMode and etc.', 'properties': {'accessControlMode': {'description': 'Access control mode.', 'enum': ['ACL_MODE_UNKNOWN', 'ACL_MODE_UNIVERSAL_ACCESS', 'ACL_MODE_DOCUMENT_LEVEL_ACCESS_CONTROL_BYOID', 'ACL_MODE_DOCUMENT_LEVEL_ACCESS_CONTROL_GCI'], 'type': 'string'}, 'databaseType': {'description': 'Database type.', 'enum': ['DB_UNKNOWN', 'DB_INFRA_SPANNER', 'DB_CLOUD_SQL_POSTGRES'], 'enumDeprecated': [False, False, True], 'type': 'string'}, 'documentCreatorDefaultRole': {'description': 'The default role for the person who create a document.', 'type': 'string'}, 'location': {'description': 'The location of the queried project.', 'type': 'string'}, 'qaEnabled': {'description': 'If the qa is enabled on this project.', 'type': 'boolean'}, 'state': {'description': 'State of the project.', 'enum': ['PROJECT_STATE_UNSPECIFIED', 'PROJECT_STATE_PENDING', 'PROJECT_STATE_COMPLETED', 'PROJECT_STATE_FAILED', 'PROJECT_STATE_DELETING', 'PROJECT_STATE_DELETING_FAILED', 'PROJECT_STATE_DELETED', 'PROJECT_STATE_NOT_FOUND'], 'type': 'string'}}, 'type': 'object'} is not valid under any of the given schemas
Location: N/A
Fixed: False
Source: System
Issue Source: openapi-spec-validator
Issue Target: import-url_bundled-spec
Action: COULD NOT PROCESS: Issue definition for code 'oneOf' not found in registry.
--------------------------------------------------
Time: 2025-09-30T15:19:03.768298
Issue: oneOf | N/A
Message: {'description': 'Structure to identify provenance relationships between annotations in different revisions.', 'properties': {'id': {'deprecated': True, 'description': 'The Id of this operation. Needs to be unique within the scope of the revision.', 'format': 'int32', 'type': 'integer'}, 'parents': {'description': 'References to the original elements that are replaced.', 'items': {'$ref': '#/components/schemas/GoogleCloudDocumentaiV1DocumentProvenanceParent'}, 'type': 'array'}, 'revision': {'deprecated': True, 'description': 'The index of the revision that produced this element.', 'format': 'int32', 'type': 'integer'}, 'type': {'description': 'The type of provenance operation.', 'enum': ['OPERATION_TYPE_UNSPECIFIED', 'ADD', 'REMOVE', 'UPDATE', 'REPLACE', 'EVAL_REQUESTED', 'EVAL_APPROVED', 'EVAL_SKIPPED'], 'enumDeprecated': [False, False, False, False, False, True, True, True], 'type': 'string'}}, 'type': 'object'} is not valid under any of the given schemas
Location: N/A
Fixed: False
Source: System
Issue Source: openapi-spec-validator
Issue Target: import-url_bundled-spec
Action: COULD NOT PROCESS: Issue definition for code 'oneOf' not found in registry.
--------------------------------------------------
Time: 2025-09-30T15:19:03.769070
Issue: <unset> | N/A
Message: Path parameter '+location' for 'get' operation in '/v1/{+location}:getStatus' was not resolved
Location: N/A
Fixed: False
Source: System
Issue Source: openapi-spec-validator
Issue Target: import-url_bundled-spec
Action: COULD NOT PROCESS: Issue definition for code '<unset>' not found in registry.
--------------------------------------------------
Time: 2025-09-30T15:19:03.770407
Issue: <unset> | N/A
Message: Path parameter '+location' for 'post' operation in '/v1/{+location}:initialize' was not resolved
Location: N/A
Fixed: False
Source: System
Issue Source: openapi-spec-validator
Issue Target: import-url_bundled-spec
Action: COULD NOT PROCESS: Issue definition for code '<unset>' not found in registry.
--------------------------------------------------
Time: 2025-09-30T15:19:03.771800
Issue: <unset> | N/A
Message: Path parameter '+name' for 'delete' operation in '/v1/{+name}' was not resolved
Location: N/A
Fixed: False
Source: System
Issue Source: openapi-spec-validator
Issue Target: import-url_bundled-spec
Action: COULD NOT PROCESS: Issue definition for code '<unset>' not found in registry.
--------------------------------------------------
Time: 2025-09-30T15:19:03.772814
Issue: <unset> | N/A
Message: Path parameter '+name' for 'get' operation in '/v1/{+name}' was not resolved
Location: N/A
Fixed: False
Source: System
Issue Source: openapi-spec-validator
Issue Target: import-url_bundled-spec
Action: COULD NOT PROCESS: Issue definition for code '<unset>' not found in registry.
--------------------------------------------------
Time: 2025-09-30T15:19:03.773772
Issue: <unset> | N/A
Message: Path parameter '+name' for 'patch' operation in '/v1/{+name}' was not resolved
Location: N/A
Fixed: False
Source: System
Issue Source: openapi-spec-validator
Issue Target: import-url_bundled-spec
Action: COULD NOT PROCESS: Issue definition for code '<unset>' not found in registry.
--------------------------------------------------
Time: 2025-09-30T15:19:03.774514
Issue: <unset> | N/A
Message: Path parameter '+name' for 'post' operation in '/v1/{+name}:delete' was not resolved
Location: N/A
Fixed: False
Source: System
Issue Source: openapi-spec-validator
Issue Target: import-url_bundled-spec
Action: COULD NOT PROCESS: Issue definition for code '<unset>' not found in registry.
--------------------------------------------------
Time: 2025-09-30T15:19:03.776562
Issue: <unset> | N/A
Message: Path parameter '+name' for 'post' operation in '/v1/{+name}:get' was not resolved
Location: N/A
Fixed: False
Source: System
Issue Source: openapi-spec-validator
Issue Target: import-url_bundled-spec
Action: COULD NOT PROCESS: Issue definition for code '<unset>' not found in registry.
--------------------------------------------------
Time: 2025-09-30T15:19:03.777899
Issue: <unset> | N/A
Message: Path parameter '+name' for 'post' operation in '/v1/{+name}:lock' was not resolved
Location: N/A
Fixed: False
Source: System
Issue Source: openapi-spec-validator
Issue Target: import-url_bundled-spec
Action: COULD NOT PROCESS: Issue definition for code '<unset>' not found in registry.
--------------------------------------------------
Time: 2025-09-30T15:19:03.779095
Issue: <unset> | N/A
Message: Path parameter '+name' for 'post' operation in '/v1/{+name}:runPipeline' was not resolved
Location: N/A
Fixed: False
Source: System
Issue Source: openapi-spec-validator
Issue Target: import-url_bundled-spec
Action: COULD NOT PROCESS: Issue definition for code '<unset>' not found in registry.
--------------------------------------------------
Time: 2025-09-30T15:19:03.779998
Issue: <unset> | N/A
Message: Path parameter '+parent' for 'post' operation in '/v1/{+parent}/documentLinks' was not resolved
Location: N/A
Fixed: False
Source: System
Issue Source: openapi-spec-validator
Issue Target: import-url_bundled-spec
Action: COULD NOT PROCESS: Issue definition for code '<unset>' not found in registry.
--------------------------------------------------
Time: 2025-09-30T15:19:03.781643
Issue: <unset> | N/A
Message: Path parameter '+parent' for 'get' operation in '/v1/{+parent}/documentSchemas' was not resolved
Location: N/A
Fixed: False
Source: System
Issue Source: openapi-spec-validator
Issue Target: import-url_bundled-spec
Action: COULD NOT PROCESS: Issue definition for code '<unset>' not found in registry.
--------------------------------------------------
Time: 2025-09-30T15:19:03.782774
Issue: <unset> | N/A
Message: Path parameter '+parent' for 'post' operation in '/v1/{+parent}/documentSchemas' was not resolved
Location: N/A
Fixed: False
Source: System
Issue Source: openapi-spec-validator
Issue Target: import-url_bundled-spec
Action: COULD NOT PROCESS: Issue definition for code '<unset>' not found in registry.
--------------------------------------------------
Time: 2025-09-30T15:19:03.783609
Issue: <unset> | N/A
Message: Path parameter '+parent' for 'post' operation in '/v1/{+parent}/documents' was not resolved
Location: N/A
Fixed: False
Source: System
Issue Source: openapi-spec-validator
Issue Target: import-url_bundled-spec
Action: COULD NOT PROCESS: Issue definition for code '<unset>' not found in registry.
--------------------------------------------------
Time: 2025-09-30T15:19:03.784697
Issue: <unset> | N/A
Message: Path parameter '+parent' for 'post' operation in '/v1/{+parent}/documents:search' was not resolved
Location: N/A
Fixed: False
Source: System
Issue Source: openapi-spec-validator
Issue Target: import-url_bundled-spec
Action: COULD NOT PROCESS: Issue definition for code '<unset>' not found in registry.
--------------------------------------------------
Time: 2025-09-30T15:19:03.785806
Issue: <unset> | N/A
Message: Path parameter '+parent' for 'post' operation in '/v1/{+parent}/linkedSources' was not resolved
Location: N/A
Fixed: False
Source: System
Issue Source: openapi-spec-validator
Issue Target: import-url_bundled-spec
Action: COULD NOT PROCESS: Issue definition for code '<unset>' not found in registry.
--------------------------------------------------
Time: 2025-09-30T15:19:03.786825
Issue: <unset> | N/A
Message: Path parameter '+parent' for 'post' operation in '/v1/{+parent}/linkedTargets' was not resolved
Location: N/A
Fixed: False
Source: System
Issue Source: openapi-spec-validator
Issue Target: import-url_bundled-spec
Action: COULD NOT PROCESS: Issue definition for code '<unset>' not found in registry.
--------------------------------------------------
Time: 2025-09-30T15:19:03.787663
Issue: <unset> | N/A
Message: Path parameter '+parent' for 'get' operation in '/v1/{+parent}/ruleSets' was not resolved
Location: N/A
Fixed: False
Source: System
Issue Source: openapi-spec-validator
Issue Target: import-url_bundled-spec
Action: COULD NOT PROCESS: Issue definition for code '<unset>' not found in registry.
--------------------------------------------------
Time: 2025-09-30T15:19:03.788365
Issue: <unset> | N/A
Message: Path parameter '+parent' for 'post' operation in '/v1/{+parent}/ruleSets' was not resolved
Location: N/A
Fixed: False
Source: System
Issue Source: openapi-spec-validator
Issue Target: import-url_bundled-spec
Action: COULD NOT PROCESS: Issue definition for code '<unset>' not found in registry.
--------------------------------------------------
Time: 2025-09-30T15:19:03.789152
Issue: <unset> | N/A
Message: Path parameter '+parent' for 'get' operation in '/v1/{+parent}/synonymSets' was not resolved
Location: N/A
Fixed: False
Source: System
Issue Source: openapi-spec-validator
Issue Target: import-url_bundled-spec
Action: COULD NOT PROCESS: Issue definition for code '<unset>' not found in registry.
--------------------------------------------------
Time: 2025-09-30T15:19:03.790174
Issue: <unset> | N/A
Message: Path parameter '+parent' for 'post' operation in '/v1/{+parent}/synonymSets' was not resolved
Location: N/A
Fixed: False
Source: System
Issue Source: openapi-spec-validator
Issue Target: import-url_bundled-spec
Action: COULD NOT PROCESS: Issue definition for code '<unset>' not found in registry.
--------------------------------------------------
Time: 2025-09-30T15:19:03.791047
Issue: <unset> | N/A
Message: Path parameter '+resource' for 'post' operation in '/v1/{+resource}:fetchAcl' was not resolved
Location: N/A
Fixed: False
Source: System
Issue Source: openapi-spec-validator
Issue Target: import-url_bundled-spec
Action: COULD NOT PROCESS: Issue definition for code '<unset>' not found in registry.
--------------------------------------------------
Time: 2025-09-30T15:19:03.792101
Issue: <unset> | N/A
Message: Path parameter '+resource' for 'post' operation in '/v1/{+resource}:setAcl' was not resolved
Location: N/A
Fixed: False
Source: System
Issue Source: openapi-spec-validator
Issue Target: import-url_bundled-spec
Action: COULD NOT PROCESS: Issue definition for code '<unset>' not found in registry.
--------------------------------------------------
Time: 2025-09-30T15:19:03.793162
Issue: no-server-trailing-slash | N/A
Message: Server `url` should not have a trailing slash. [path: servers.0.url]
Location: N/A
Fixed: False
Source: System
Issue Source: redocly-validator
Issue Target: import-url_bundled-spec
Action: COULD NOT PROCESS: Issue definition for code 'no-server-trailing-slash' not found in registry.
--------------------------------------------------
Time: 2025-09-30T15:19:03.794379
Issue: operation-summary | N/A
Message: Operation object should contain `summary` field. [path: paths./v1/{+location}:getStatus.get.summary]
Location: N/A
Fixed: False
Source: System
Issue Source: redocly-validator
Issue Target: import-url_bundled-spec
Action: COULD NOT PROCESS: Issue definition for code 'operation-summary' not found in registry.
--------------------------------------------------
Time: 2025-09-30T15:19:03.795436
Issue: path-parameters-defined | N/A
Message: Path parameter `location` is not used in the path `/v1/{+location}:getStatus`. [path: paths./v1/{+location}:getStatus.get.parameters.0.name]
Location: N/A
Fixed: False
Source: System
Issue Source: redocly-validator
Issue Target: import-url_bundled-spec
Action: COULD NOT PROCESS: Issue definition for code 'path-parameters-defined' not found in registry.
--------------------------------------------------
Time: 2025-09-30T15:19:03.796864
Issue: struct | N/A
Message: Property `enumDeprecated` is not expected here. [path: components.schemas.GoogleCloudContentwarehouseV1ProjectStatus.properties.databaseType.enumDeprecated]
Location: N/A
Fixed: False
Source: System
Issue Source: redocly-validator
Issue Target: import-url_bundled-spec
Action: COULD NOT PROCESS: Issue definition for code 'struct' not found in registry.
--------------------------------------------------
Time: 2025-09-30T15:19:03.798259
Issue: operation-summary | N/A
Message: Operation object should contain `summary` field. [path: paths./v1/{+location}:initialize.post.summary]
Location: N/A
Fixed: False
Source: System
Issue Source: redocly-validator
Issue Target: import-url_bundled-spec
Action: COULD NOT PROCESS: Issue definition for code 'operation-summary' not found in registry.
--------------------------------------------------
Time: 2025-09-30T15:19:03.799241
Issue: path-parameters-defined | N/A
Message: Path parameter `location` is not used in the path `/v1/{+location}:initialize`. [path: paths./v1/{+location}:initialize.post.parameters.0.name]
Location: N/A
Fixed: False
Source: System
Issue Source: redocly-validator
Issue Target: import-url_bundled-spec
Action: COULD NOT PROCESS: Issue definition for code 'path-parameters-defined' not found in registry.
--------------------------------------------------
Time: 2025-09-30T15:19:03.800030
Issue: struct | N/A
Message: Property `enumDeprecated` is not expected here. [path: components.schemas.GoogleCloudContentwarehouseV1InitializeProjectRequest.properties.databaseType.enumDeprecated]
Location: N/A
Fixed: False
Source: System
Issue Source: redocly-validator
Issue Target: import-url_bundled-spec
Action: COULD NOT PROCESS: Issue definition for code 'struct' not found in registry.
--------------------------------------------------
Time: 2025-09-30T15:19:03.800801
Issue: operation-summary | N/A
Message: Operation object should contain `summary` field. [path: paths./v1/{+name}.get.summary]
Location: N/A
Fixed: False
Source: System
Issue Source: redocly-validator
Issue Target: import-url_bundled-spec
Action: COULD NOT PROCESS: Issue definition for code 'operation-summary' not found in registry.
--------------------------------------------------
Time: 2025-09-30T15:19:03.801496
Issue: path-parameters-defined | N/A
Message: Path parameter `name` is not used in the path `/v1/{+name}`. [path: paths./v1/{+name}.get.parameters.0.name]
Location: N/A
Fixed: False
Source: System
Issue Source: redocly-validator
Issue Target: import-url_bundled-spec
Action: COULD NOT PROCESS: Issue definition for code 'path-parameters-defined' not found in registry.
--------------------------------------------------
Time: 2025-09-30T15:19:03.802631
Issue: operation-summary | N/A
Message: Operation object should contain `summary` field. [path: paths./v1/{+name}.delete.summary]
Location: N/A
Fixed: False
Source: System
Issue Source: redocly-validator
Issue Target: import-url_bundled-spec
Action: COULD NOT PROCESS: Issue definition for code 'operation-summary' not found in registry.
--------------------------------------------------
Time: 2025-09-30T15:19:03.803247
Issue: path-parameters-defined | N/A
Message: Path parameter `name` is not used in the path `/v1/{+name}`. [path: paths./v1/{+name}.delete.parameters.0.name]
Location: N/A
Fixed: False
Source: System
Issue Source: redocly-validator
Issue Target: import-url_bundled-spec
Action: COULD NOT PROCESS: Issue definition for code 'path-parameters-defined' not found in registry.
--------------------------------------------------
Time: 2025-09-30T15:19:03.804812
Issue: operation-summary | N/A
Message: Operation object should contain `summary` field. [path: paths./v1/{+name}.patch.summary]
Location: N/A
Fixed: False
Source: System
Issue Source: redocly-validator
Issue Target: import-url_bundled-spec
Action: COULD NOT PROCESS: Issue definition for code 'operation-summary' not found in registry.
--------------------------------------------------
Time: 2025-09-30T15:19:03.805855
Issue: path-parameters-defined | N/A
Message: Path parameter `name` is not used in the path `/v1/{+name}`. [path: paths./v1/{+name}.patch.parameters.0.name]
Location: N/A
Fixed: False
Source: System
Issue Source: redocly-validator
Issue Target: import-url_bundled-spec
Action: COULD NOT PROCESS: Issue definition for code 'path-parameters-defined' not found in registry.
--------------------------------------------------
Time: 2025-09-30T15:19:03.806630
Issue: operation-summary | N/A
Message: Operation object should contain `summary` field. [path: paths./v1/{+name}:delete.post.summary]
Location: N/A
Fixed: False
Source: System
Issue Source: redocly-validator
Issue Target: import-url_bundled-spec
Action: COULD NOT PROCESS: Issue definition for code 'operation-summary' not found in registry.
--------------------------------------------------
Time: 2025-09-30T15:19:03.807603
Issue: path-parameters-defined | N/A
Message: Path parameter `name` is not used in the path `/v1/{+name}:delete`. [path: paths./v1/{+name}:delete.post.parameters.0.name]
Location: N/A
Fixed: False
Source: System
Issue Source: redocly-validator
Issue Target: import-url_bundled-spec
Action: COULD NOT PROCESS: Issue definition for code 'path-parameters-defined' not found in registry.
--------------------------------------------------
Time: 2025-09-30T15:19:03.808717
Issue: operation-summary | N/A
Message: Operation object should contain `summary` field. [path: paths./v1/{+name}:get.post.summary]
Location: N/A
Fixed: False
Source: System
Issue Source: redocly-validator
Issue Target: import-url_bundled-spec
Action: COULD NOT PROCESS: Issue definition for code 'operation-summary' not found in registry.
--------------------------------------------------
Time: 2025-09-30T15:19:03.809484
Issue: path-parameters-defined | N/A
Message: Path parameter `name` is not used in the path `/v1/{+name}:get`. [path: paths./v1/{+name}:get.post.parameters.0.name]
Location: N/A
Fixed: False
Source: System
Issue Source: redocly-validator
Issue Target: import-url_bundled-spec
Action: COULD NOT PROCESS: Issue definition for code 'path-parameters-defined' not found in registry.
--------------------------------------------------
Time: 2025-09-30T15:19:03.810399
Issue: struct | N/A
Message: Property `enumDeprecated` is not expected here. [path: components.schemas.GoogleCloudDocumentaiV1DocumentProvenance.properties.type.enumDeprecated]
Location: N/A
Fixed: False
Source: System
Issue Source: redocly-validator
Issue Target: import-url_bundled-spec
Action: COULD NOT PROCESS: Issue definition for code 'struct' not found in registry.
--------------------------------------------------
Time: 2025-09-30T15:19:03.811325
Issue: operation-summary | N/A
Message: Operation object should contain `summary` field. [path: paths./v1/{+name}:lock.post.summary]
Location: N/A
Fixed: False
Source: System
Issue Source: redocly-validator
Issue Target: import-url_bundled-spec
Action: COULD NOT PROCESS: Issue definition for code 'operation-summary' not found in registry.
--------------------------------------------------
Time: 2025-09-30T15:19:03.812286
Issue: path-parameters-defined | N/A
Message: Path parameter `name` is not used in the path `/v1/{+name}:lock`. [path: paths./v1/{+name}:lock.post.parameters.0.name]
Location: N/A
Fixed: False
Source: System
Issue Source: redocly-validator
Issue Target: import-url_bundled-spec
Action: COULD NOT PROCESS: Issue definition for code 'path-parameters-defined' not found in registry.
--------------------------------------------------
Time: 2025-09-30T15:19:03.813580
Issue: operation-summary | N/A
Message: Operation object should contain `summary` field. [path: paths./v1/{+name}:runPipeline.post.summary]
Location: N/A
Fixed: False
Source: System
Issue Source: redocly-validator
Issue Target: import-url_bundled-spec
Action: COULD NOT PROCESS: Issue definition for code 'operation-summary' not found in registry.
--------------------------------------------------
Time: 2025-09-30T15:19:03.815332
Issue: path-parameters-defined | N/A
Message: Path parameter `name` is not used in the path `/v1/{+name}:runPipeline`. [path: paths./v1/{+name}:runPipeline.post.parameters.0.name]
Location: N/A
Fixed: False
Source: System
Issue Source: redocly-validator
Issue Target: import-url_bundled-spec
Action: COULD NOT PROCESS: Issue definition for code 'path-parameters-defined' not found in registry.
--------------------------------------------------
Time: 2025-09-30T15:19:03.816631
Issue: operation-summary | N/A
Message: Operation object should contain `summary` field. [path: paths./v1/{+parent}/documentLinks.post.summary]
Location: N/A
Fixed: False
Source: System
Issue Source: redocly-validator
Issue Target: import-url_bundled-spec
Action: COULD NOT PROCESS: Issue definition for code 'operation-summary' not found in registry.
--------------------------------------------------
Time: 2025-09-30T15:19:03.817520
Issue: path-parameters-defined | N/A
Message: Path parameter `parent` is not used in the path `/v1/{+parent}/documentLinks`. [path: paths./v1/{+parent}/documentLinks.post.parameters.0.name]
Location: N/A
Fixed: False
Source: System
Issue Source: redocly-validator
Issue Target: import-url_bundled-spec
Action: COULD NOT PROCESS: Issue definition for code 'path-parameters-defined' not found in registry.
--------------------------------------------------
Time: 2025-09-30T15:19:03.818382
Issue: operation-summary | N/A
Message: Operation object should contain `summary` field. [path: paths./v1/{+parent}/documentSchemas.get.summary]
Location: N/A
Fixed: False
Source: System
Issue Source: redocly-validator
Issue Target: import-url_bundled-spec
Action: COULD NOT PROCESS: Issue definition for code 'operation-summary' not found in registry.
--------------------------------------------------
Time: 2025-09-30T15:19:03.819325
Issue: path-parameters-defined | N/A
Message: Path parameter `parent` is not used in the path `/v1/{+parent}/documentSchemas`. [path: paths./v1/{+parent}/documentSchemas.get.parameters.0.name]
Location: N/A
Fixed: False
Source: System
Issue Source: redocly-validator
Issue Target: import-url_bundled-spec
Action: COULD NOT PROCESS: Issue definition for code 'path-parameters-defined' not found in registry.
--------------------------------------------------
Time: 2025-09-30T15:19:03.820306
Issue: operation-summary | N/A
Message: Operation object should contain `summary` field. [path: paths./v1/{+parent}/documentSchemas.post.summary]
Location: N/A
Fixed: False
Source: System
Issue Source: redocly-validator
Issue Target: import-url_bundled-spec
Action: COULD NOT PROCESS: Issue definition for code 'operation-summary' not found in registry.
--------------------------------------------------
Time: 2025-09-30T15:19:03.821236
Issue: path-parameters-defined | N/A
Message: Path parameter `parent` is not used in the path `/v1/{+parent}/documentSchemas`. [path: paths./v1/{+parent}/documentSchemas.post.parameters.0.name]
Location: N/A
Fixed: False
Source: System
Issue Source: redocly-validator
Issue Target: import-url_bundled-spec
Action: COULD NOT PROCESS: Issue definition for code 'path-parameters-defined' not found in registry.
--------------------------------------------------
Time: 2025-09-30T15:19:03.822389
Issue: operation-summary | N/A
Message: Operation object should contain `summary` field. [path: paths./v1/{+parent}/documents.post.summary]
Location: N/A
Fixed: False
Source: System
Issue Source: redocly-validator
Issue Target: import-url_bundled-spec
Action: COULD NOT PROCESS: Issue definition for code 'operation-summary' not found in registry.
--------------------------------------------------
Time: 2025-09-30T15:19:03.824134
Issue: path-parameters-defined | N/A
Message: Path parameter `parent` is not used in the path `/v1/{+parent}/documents`. [path: paths./v1/{+parent}/documents.post.parameters.0.name]
Location: N/A
Fixed: False
Source: System
Issue Source: redocly-validator
Issue Target: import-url_bundled-spec
Action: COULD NOT PROCESS: Issue definition for code 'path-parameters-defined' not found in registry.
--------------------------------------------------
Time: 2025-09-30T15:19:03.824911
Issue: operation-summary | N/A
Message: Operation object should contain `summary` field. [path: paths./v1/{+parent}/documents:search.post.summary]
Location: N/A
Fixed: False
Source: System
Issue Source: redocly-validator
Issue Target: import-url_bundled-spec
Action: COULD NOT PROCESS: Issue definition for code 'operation-summary' not found in registry.
--------------------------------------------------
Time: 2025-09-30T15:19:03.825105
Issue: path-parameters-defined | N/A
Message: Path parameter `parent` is not used in the path `/v1/{+parent}/documents:search`. [path: paths./v1/{+parent}/documents:search.post.parameters.0.name]
Location: N/A
Fixed: False
Source: System
Issue Source: redocly-validator
Issue Target: import-url_bundled-spec
Action: COULD NOT PROCESS: Issue definition for code 'path-parameters-defined' not found in registry.
--------------------------------------------------
Time: 2025-09-30T15:19:03.825673
Issue: operation-summary | N/A
Message: Operation object should contain `summary` field. [path: paths./v1/{+parent}/linkedSources.post.summary]
Location: N/A
Fixed: False
Source: System
Issue Source: redocly-validator
Issue Target: import-url_bundled-spec
Action: COULD NOT PROCESS: Issue definition for code 'operation-summary' not found in registry.
--------------------------------------------------
Time: 2025-09-30T15:19:03.827048
Issue: path-parameters-defined | N/A
Message: Path parameter `parent` is not used in the path `/v1/{+parent}/linkedSources`. [path: paths./v1/{+parent}/linkedSources.post.parameters.0.name]
Location: N/A
Fixed: False
Source: System
Issue Source: redocly-validator
Issue Target: import-url_bundled-spec
Action: COULD NOT PROCESS: Issue definition for code 'path-parameters-defined' not found in registry.
--------------------------------------------------
Time: 2025-09-30T15:19:03.827994
Issue: operation-summary | N/A
Message: Operation object should contain `summary` field. [path: paths./v1/{+parent}/linkedTargets.post.summary]
Location: N/A
Fixed: False
Source: System
Issue Source: redocly-validator
Issue Target: import-url_bundled-spec
Action: COULD NOT PROCESS: Issue definition for code 'operation-summary' not found in registry.
--------------------------------------------------
Time: 2025-09-30T15:19:03.831948
Issue: path-parameters-defined | N/A
Message: Path parameter `parent` is not used in the path `/v1/{+parent}/linkedTargets`. [path: paths./v1/{+parent}/linkedTargets.post.parameters.0.name]
Location: N/A
Fixed: False
Source: System
Issue Source: redocly-validator
Issue Target: import-url_bundled-spec
Action: COULD NOT PROCESS: Issue definition for code 'path-parameters-defined' not found in registry.
--------------------------------------------------
Time: 2025-09-30T15:19:03.832923
Issue: operation-summary | N/A
Message: Operation object should contain `summary` field. [path: paths./v1/{+parent}/ruleSets.get.summary]
Location: N/A
Fixed: False
Source: System
Issue Source: redocly-validator
Issue Target: import-url_bundled-spec
Action: COULD NOT PROCESS: Issue definition for code 'operation-summary' not found in registry.
--------------------------------------------------
Time: 2025-09-30T15:19:03.835449
Issue: path-parameters-defined | N/A
Message: Path parameter `parent` is not used in the path `/v1/{+parent}/ruleSets`. [path: paths./v1/{+parent}/ruleSets.get.parameters.0.name]
Location: N/A
Fixed: False
Source: System
Issue Source: redocly-validator
Issue Target: import-url_bundled-spec
Action: COULD NOT PROCESS: Issue definition for code 'path-parameters-defined' not found in registry.
--------------------------------------------------
Time: 2025-09-30T15:19:03.839929
Issue: operation-summary | N/A
Message: Operation object should contain `summary` field. [path: paths./v1/{+parent}/ruleSets.post.summary]
Location: N/A
Fixed: False
Source: System
Issue Source: redocly-validator
Issue Target: import-url_bundled-spec
Action: COULD NOT PROCESS: Issue definition for code 'operation-summary' not found in registry.
--------------------------------------------------
Time: 2025-09-30T15:19:03.841177
Issue: path-parameters-defined | N/A
Message: Path parameter `parent` is not used in the path `/v1/{+parent}/ruleSets`. [path: paths./v1/{+parent}/ruleSets.post.parameters.0.name]
Location: N/A
Fixed: False
Source: System
Issue Source: redocly-validator
Issue Target: import-url_bundled-spec
Action: COULD NOT PROCESS: Issue definition for code 'path-parameters-defined' not found in registry.
--------------------------------------------------
Time: 2025-09-30T15:19:03.842305
Issue: operation-summary | N/A
Message: Operation object should contain `summary` field. [path: paths./v1/{+parent}/synonymSets.get.summary]
Location: N/A
Fixed: False
Source: System
Issue Source: redocly-validator
Issue Target: import-url_bundled-spec
Action: COULD NOT PROCESS: Issue definition for code 'operation-summary' not found in registry.
--------------------------------------------------
Time: 2025-09-30T15:19:03.845827
Issue: path-parameters-defined | N/A
Message: Path parameter `parent` is not used in the path `/v1/{+parent}/synonymSets`. [path: paths./v1/{+parent}/synonymSets.get.parameters.0.name]
Location: N/A
Fixed: False
Source: System
Issue Source: redocly-validator
Issue Target: import-url_bundled-spec
Action: COULD NOT PROCESS: Issue definition for code 'path-parameters-defined' not found in registry.
--------------------------------------------------
Time: 2025-09-30T15:19:03.848094
Issue: operation-summary | N/A
Message: Operation object should contain `summary` field. [path: paths./v1/{+parent}/synonymSets.post.summary]
Location: N/A
Fixed: False
Source: System
Issue Source: redocly-validator
Issue Target: import-url_bundled-spec
Action: COULD NOT PROCESS: Issue definition for code 'operation-summary' not found in registry.
--------------------------------------------------
Time: 2025-09-30T15:19:03.850068
Issue: path-parameters-defined | N/A
Message: Path parameter `parent` is not used in the path `/v1/{+parent}/synonymSets`. [path: paths./v1/{+parent}/synonymSets.post.parameters.0.name]
Location: N/A
Fixed: False
Source: System
Issue Source: redocly-validator
Issue Target: import-url_bundled-spec
Action: COULD NOT PROCESS: Issue definition for code 'path-parameters-defined' not found in registry.
--------------------------------------------------
Time: 2025-09-30T15:19:03.853046
Issue: operation-summary | N/A
Message: Operation object should contain `summary` field. [path: paths./v1/{+resource}:fetchAcl.post.summary]
Location: N/A
Fixed: False
Source: System
Issue Source: redocly-validator
Issue Target: import-url_bundled-spec
Action: COULD NOT PROCESS: Issue definition for code 'operation-summary' not found in registry.
--------------------------------------------------
Time: 2025-09-30T15:19:03.856078
Issue: path-parameters-defined | N/A
Message: Path parameter `resource` is not used in the path `/v1/{+resource}:fetchAcl`. [path: paths./v1/{+resource}:fetchAcl.post.parameters.0.name]
Location: N/A
Fixed: False
Source: System
Issue Source: redocly-validator
Issue Target: import-url_bundled-spec
Action: COULD NOT PROCESS: Issue definition for code 'path-parameters-defined' not found in registry.
--------------------------------------------------
Time: 2025-09-30T15:19:03.858095
Issue: operation-summary | N/A
Message: Operation object should contain `summary` field. [path: paths./v1/{+resource}:setAcl.post.summary]
Location: N/A
Fixed: False
Source: System
Issue Source: redocly-validator
Issue Target: import-url_bundled-spec
Action: COULD NOT PROCESS: Issue definition for code 'operation-summary' not found in registry.
--------------------------------------------------
Time: 2025-09-30T15:19:03.860382
Issue: path-parameters-defined | N/A
Message: Path parameter `resource` is not used in the path `/v1/{+resource}:setAcl`. [path: paths./v1/{+resource}:setAcl.post.parameters.0.name]
Location: N/A
Fixed: False
Source: System
Issue Source: redocly-validator
Issue Target: import-url_bundled-spec
Action: COULD NOT PROCESS: Issue definition for code 'path-parameters-defined' not found in registry.
--------------------------------------------------
Time: 2025-09-30T15:19:03.862696
Issue: tag-description | N/A
Message: Tag object should contain `description` field. [path: tags.0.description]
Location: N/A
Fixed: False
Source: System
Issue Source: redocly-validator
Issue Target: import-url_bundled-spec
Action: COULD NOT PROCESS: Issue definition for code 'tag-description' not found in registry.
--------------------------------------------------
Time: 2025-09-30T15:19:03.863958
Issue: operation-4xx-response | N/A
Message: Operation must have at least one `4XX` response. [path: paths./v1/{+location}:getStatus.get.responses]
Location: N/A
Fixed: False
Source: System
Issue Source: redocly-validator
Issue Target: import-url_bundled-spec
Action: COULD NOT PROCESS: Issue definition for code 'operation-4xx-response' not found in registry.
--------------------------------------------------
Time: 2025-09-30T15:19:03.864221
Issue: operation-4xx-response | N/A
Message: Operation must have at least one `4XX` response. [path: paths./v1/{+location}:initialize.post.responses]
Location: N/A
Fixed: False
Source: System
Issue Source: redocly-validator
Issue Target: import-url_bundled-spec
Action: COULD NOT PROCESS: Issue definition for code 'operation-4xx-response' not found in registry.
--------------------------------------------------
Time: 2025-09-30T15:19:03.864948
Issue: operation-4xx-response | N/A
Message: Operation must have at least one `4XX` response. [path: paths./v1/{+name}.get.responses]
Location: N/A
Fixed: False
Source: System
Issue Source: redocly-validator
Issue Target: import-url_bundled-spec
Action: COULD NOT PROCESS: Issue definition for code 'operation-4xx-response' not found in registry.
--------------------------------------------------
Time: 2025-09-30T15:19:03.868542
Issue: operation-4xx-response | N/A
Message: Operation must have at least one `4XX` response. [path: paths./v1/{+name}.delete.responses]
Location: N/A
Fixed: False
Source: System
Issue Source: redocly-validator
Issue Target: import-url_bundled-spec
Action: COULD NOT PROCESS: Issue definition for code 'operation-4xx-response' not found in registry.
--------------------------------------------------
Time: 2025-09-30T15:19:03.871126
Issue: operation-4xx-response | N/A
Message: Operation must have at least one `4XX` response. [path: paths./v1/{+name}.patch.responses]
Location: N/A
Fixed: False
Source: System
Issue Source: redocly-validator
Issue Target: import-url_bundled-spec
Action: COULD NOT PROCESS: Issue definition for code 'operation-4xx-response' not found in registry.
--------------------------------------------------
Time: 2025-09-30T15:19:03.872658
Issue: operation-4xx-response | N/A
Message: Operation must have at least one `4XX` response. [path: paths./v1/{+name}:delete.post.responses]
Location: N/A
Fixed: False
Source: System
Issue Source: redocly-validator
Issue Target: import-url_bundled-spec
Action: COULD NOT PROCESS: Issue definition for code 'operation-4xx-response' not found in registry.
--------------------------------------------------
Time: 2025-09-30T15:19:03.873760
Issue: operation-4xx-response | N/A
Message: Operation must have at least one `4XX` response. [path: paths./v1/{+name}:get.post.responses]
Location: N/A
Fixed: False
Source: System
Issue Source: redocly-validator
Issue Target: import-url_bundled-spec
Action: COULD NOT PROCESS: Issue definition for code 'operation-4xx-response' not found in registry.
--------------------------------------------------
Time: 2025-09-30T15:19:03.874756
Issue: operation-4xx-response | N/A
Message: Operation must have at least one `4XX` response. [path: paths./v1/{+name}:lock.post.responses]
Location: N/A
Fixed: False
Source: System
Issue Source: redocly-validator
Issue Target: import-url_bundled-spec
Action: COULD NOT PROCESS: Issue definition for code 'operation-4xx-response' not found in registry.
--------------------------------------------------
Time: 2025-09-30T15:19:03.876050
Issue: operation-4xx-response | N/A
Message: Operation must have at least one `4XX` response. [path: paths./v1/{+name}:runPipeline.post.responses]
Location: N/A
Fixed: False
Source: System
Issue Source: redocly-validator
Issue Target: import-url_bundled-spec
Action: COULD NOT PROCESS: Issue definition for code 'operation-4xx-response' not found in registry.
--------------------------------------------------
Time: 2025-09-30T15:19:03.878593
Issue: operation-4xx-response | N/A
Message: Operation must have at least one `4XX` response. [path: paths./v1/{+parent}/documentLinks.post.responses]
Location: N/A
Fixed: False
Source: System
Issue Source: redocly-validator
Issue Target: import-url_bundled-spec
Action: COULD NOT PROCESS: Issue definition for code 'operation-4xx-response' not found in registry.
--------------------------------------------------
Time: 2025-09-30T15:19:03.881882
Issue: operation-4xx-response | N/A
Message: Operation must have at least one `4XX` response. [path: paths./v1/{+parent}/documentSchemas.get.responses]
Location: N/A
Fixed: False
Source: System
Issue Source: redocly-validator
Issue Target: import-url_bundled-spec
Action: COULD NOT PROCESS: Issue definition for code 'operation-4xx-response' not found in registry.
--------------------------------------------------
Time: 2025-09-30T15:19:03.883401
Issue: operation-4xx-response | N/A
Message: Operation must have at least one `4XX` response. [path: paths./v1/{+parent}/documentSchemas.post.responses]
Location: N/A
Fixed: False
Source: System
Issue Source: redocly-validator
Issue Target: import-url_bundled-spec
Action: COULD NOT PROCESS: Issue definition for code 'operation-4xx-response' not found in registry.
--------------------------------------------------
Time: 2025-09-30T15:19:03.885496
Issue: operation-4xx-response | N/A
Message: Operation must have at least one `4XX` response. [path: paths./v1/{+parent}/documents.post.responses]
Location: N/A
Fixed: False
Source: System
Issue Source: redocly-validator
Issue Target: import-url_bundled-spec
Action: COULD NOT PROCESS: Issue definition for code 'operation-4xx-response' not found in registry.
--------------------------------------------------
Time: 2025-09-30T15:19:03.886976
Issue: operation-4xx-response | N/A
Message: Operation must have at least one `4XX` response. [path: paths./v1/{+parent}/documents:search.post.responses]
Location: N/A
Fixed: False
Source: System
Issue Source: redocly-validator
Issue Target: import-url_bundled-spec
Action: COULD NOT PROCESS: Issue definition for code 'operation-4xx-response' not found in registry.
--------------------------------------------------
Time: 2025-09-30T15:19:03.888786
Issue: operation-4xx-response | N/A
Message: Operation must have at least one `4XX` response. [path: paths./v1/{+parent}/linkedSources.post.responses]
Location: N/A
Fixed: False
Source: System
Issue Source: redocly-validator
Issue Target: import-url_bundled-spec
Action: COULD NOT PROCESS: Issue definition for code 'operation-4xx-response' not found in registry.
--------------------------------------------------
Time: 2025-09-30T15:19:03.889945
Issue: operation-4xx-response | N/A
Message: Operation must have at least one `4XX` response. [path: paths./v1/{+parent}/linkedTargets.post.responses]
Location: N/A
Fixed: False
Source: System
Issue Source: redocly-validator
Issue Target: import-url_bundled-spec
Action: COULD NOT PROCESS: Issue definition for code 'operation-4xx-response' not found in registry.
--------------------------------------------------
Time: 2025-09-30T15:19:03.891564
Issue: operation-4xx-response | N/A
Message: Operation must have at least one `4XX` response. [path: paths./v1/{+parent}/ruleSets.get.responses]
Location: N/A
Fixed: False
Source: System
Issue Source: redocly-validator
Issue Target: import-url_bundled-spec
Action: COULD NOT PROCESS: Issue definition for code 'operation-4xx-response' not found in registry.
--------------------------------------------------
Time: 2025-09-30T15:19:03.893613
Issue: operation-4xx-response | N/A
Message: Operation must have at least one `4XX` response. [path: paths./v1/{+parent}/ruleSets.post.responses]
Location: N/A
Fixed: False
Source: System
Issue Source: redocly-validator
Issue Target: import-url_bundled-spec
Action: COULD NOT PROCESS: Issue definition for code 'operation-4xx-response' not found in registry.
--------------------------------------------------
Time: 2025-09-30T15:19:03.895181
Issue: operation-4xx-response | N/A
Message: Operation must have at least one `4XX` response. [path: paths./v1/{+parent}/synonymSets.get.responses]
Location: N/A
Fixed: False
Source: System
Issue Source: redocly-validator
Issue Target: import-url_bundled-spec
Action: COULD NOT PROCESS: Issue definition for code 'operation-4xx-response' not found in registry.
--------------------------------------------------
Time: 2025-09-30T15:19:03.896845
Issue: operation-4xx-response | N/A
Message: Operation must have at least one `4XX` response. [path: paths./v1/{+parent}/synonymSets.post.responses]
Location: N/A
Fixed: False
Source: System
Issue Source: redocly-validator
Issue Target: import-url_bundled-spec
Action: COULD NOT PROCESS: Issue definition for code 'operation-4xx-response' not found in registry.
--------------------------------------------------
Time: 2025-09-30T15:19:03.899148
Issue: operation-4xx-response | N/A
Message: Operation must have at least one `4XX` response. [path: paths./v1/{+resource}:fetchAcl.post.responses]
Location: N/A
Fixed: False
Source: System
Issue Source: redocly-validator
Issue Target: import-url_bundled-spec
Action: COULD NOT PROCESS: Issue definition for code 'operation-4xx-response' not found in registry.
--------------------------------------------------
Time: 2025-09-30T15:19:03.900309
Issue: operation-4xx-response | N/A
Message: Operation must have at least one `4XX` response. [path: paths./v1/{+resource}:setAcl.post.responses]
Location: N/A
Fixed: False
Source: System
Issue Source: redocly-validator
Issue Target: import-url_bundled-spec
Action: COULD NOT PROCESS: Issue definition for code 'operation-4xx-response' not found in registry.
--------------------------------------------------
Time: 2025-09-30T15:19:03.901292
Issue: no-unused-components | N/A
Message: Component: "CloudAiPlatformTenantresourceTenantResource" is never used. [path: components.schemas.CloudAiPlatformTenantresourceTenantResource]
Location: N/A
Fixed: False
Source: System
Issue Source: redocly-validator
Issue Target: import-url_bundled-spec
Action: COULD NOT PROCESS: Issue definition for code 'no-unused-components' not found in registry.
--------------------------------------------------
Time: 2025-09-30T15:19:03.902666
Issue: no-unused-components | N/A
Message: Component: "GoogleCloudContentwarehouseV1CreateDocumentMetadata" is never used. [path: components.schemas.GoogleCloudContentwarehouseV1CreateDocumentMetadata]
Location: N/A
Fixed: False
Source: System
Issue Source: redocly-validator
Issue Target: import-url_bundled-spec
Action: COULD NOT PROCESS: Issue definition for code 'no-unused-components' not found in registry.
--------------------------------------------------
Time: 2025-09-30T15:19:03.904442
Issue: no-unused-components | N/A
Message: Component: "GoogleCloudContentwarehouseV1DeleteDocumentRequest" is never used. [path: components.schemas.GoogleCloudContentwarehouseV1DeleteDocumentRequest]
Location: N/A
Fixed: False
Source: System
Issue Source: redocly-validator
Issue Target: import-url_bundled-spec
Action: COULD NOT PROCESS: Issue definition for code 'no-unused-components' not found in registry.
--------------------------------------------------
Time: 2025-09-30T15:19:03.906097
Issue: no-unused-components | N/A
Message: Component: "GoogleCloudContentwarehouseV1InitializeProjectResponse" is never used. [path: components.schemas.GoogleCloudContentwarehouseV1InitializeProjectResponse]
Location: N/A
Fixed: False
Source: System
Issue Source: redocly-validator
Issue Target: import-url_bundled-spec
Action: COULD NOT PROCESS: Issue definition for code 'no-unused-components' not found in registry.
--------------------------------------------------
Time: 2025-09-30T15:19:03.907798
Issue: no-unused-components | N/A
Message: Component: "GoogleCloudContentwarehouseV1RunPipelineMetadata" is never used. [path: components.schemas.GoogleCloudContentwarehouseV1RunPipelineMetadata]
Location: N/A
Fixed: False
Source: System
Issue Source: redocly-validator
Issue Target: import-url_bundled-spec
Action: COULD NOT PROCESS: Issue definition for code 'no-unused-components' not found in registry.
--------------------------------------------------
Time: 2025-09-30T15:19:03.909096
Issue: no-unused-components | N/A
Message: Component: "GoogleCloudContentwarehouseV1UpdateDocumentMetadata" is never used. [path: components.schemas.GoogleCloudContentwarehouseV1UpdateDocumentMetadata]
Location: N/A
Fixed: False
Source: System
Issue Source: redocly-validator
Issue Target: import-url_bundled-spec
Action: COULD NOT PROCESS: Issue definition for code 'no-unused-components' not found in registry.
--------------------------------------------------
Time: 2025-09-30T15:19:03.910244
Issue: no-unused-components | N/A
Message: Component: "GoogleCloudContentwarehouseV1UpdateDocumentRequest" is never used. [path: components.schemas.GoogleCloudContentwarehouseV1UpdateDocumentRequest]
Location: N/A
Fixed: False
Source: System
Issue Source: redocly-validator
Issue Target: import-url_bundled-spec
Action: COULD NOT PROCESS: Issue definition for code 'no-unused-components' not found in registry.
--------------------------------------------------
Time: 2025-09-30T15:19:03.911254
Issue: no-unused-components | N/A
Message: Component: "GoogleCloudContentwarehouseV1UpdateDocumentResponse" is never used. [path: components.schemas.GoogleCloudContentwarehouseV1UpdateDocumentResponse]
Location: N/A
Fixed: False
Source: System
Issue Source: redocly-validator
Issue Target: import-url_bundled-spec
Action: COULD NOT PROCESS: Issue definition for code 'no-unused-components' not found in registry.
--------------------------------------------------
Time: 2025-09-30T15:19:03.912472
Issue: no-unused-components | N/A
Message: Component: "GoogleCloudContentwarehouseV1UpdateDocumentSchemaRequest" is never used. [path: components.schemas.GoogleCloudContentwarehouseV1UpdateDocumentSchemaRequest]
Location: N/A
Fixed: False
Source: System
Issue Source: redocly-validator
Issue Target: import-url_bundled-spec
Action: COULD NOT PROCESS: Issue definition for code 'no-unused-components' not found in registry.
--------------------------------------------------
Time: 2025-09-30T15:19:03.913927
Issue: no-unused-components | N/A
Message: Component: "GoogleCloudContentwarehouseV1UpdateRuleSetRequest" is never used. [path: components.schemas.GoogleCloudContentwarehouseV1UpdateRuleSetRequest]
Location: N/A
Fixed: False
Source: System
Issue Source: redocly-validator
Issue Target: import-url_bundled-spec
Action: COULD NOT PROCESS: Issue definition for code 'no-unused-components' not found in registry.
--------------------------------------------------
Time: 2025-09-30T15:19:03.916609
Issue: no-unused-components | N/A
Message: Component: "GoogleCloudContentwarehouseV1beta1CreateDocumentMetadata" is never used. [path: components.schemas.GoogleCloudContentwarehouseV1beta1CreateDocumentMetadata]
Location: N/A
Fixed: False
Source: System
Issue Source: redocly-validator
Issue Target: import-url_bundled-spec
Action: COULD NOT PROCESS: Issue definition for code 'no-unused-components' not found in registry.
--------------------------------------------------
Time: 2025-09-30T15:19:03.917342
Issue: no-unused-components | N/A
Message: Component: "GoogleCloudContentwarehouseV1beta1InitializeProjectResponse" is never used. [path: components.schemas.GoogleCloudContentwarehouseV1beta1InitializeProjectResponse]
Location: N/A
Fixed: False
Source: System
Issue Source: redocly-validator
Issue Target: import-url_bundled-spec
Action: COULD NOT PROCESS: Issue definition for code 'no-unused-components' not found in registry.
--------------------------------------------------
Time: 2025-09-30T15:19:03.918863
Issue: no-unused-components | N/A
Message: Component: "GoogleCloudContentwarehouseV1beta1UpdateDocumentMetadata" is never used. [path: components.schemas.GoogleCloudContentwarehouseV1beta1UpdateDocumentMetadata]
Location: N/A
Fixed: False
Source: System
Issue Source: redocly-validator
Issue Target: import-url_bundled-spec
Action: COULD NOT PROCESS: Issue definition for code 'no-unused-components' not found in registry.
--------------------------------------------------
Time: 2025-09-30T15:19:03.920456
Issue: no-unused-components | N/A
Message: Component: "GoogleCloudContentwarehouseV1SynonymSet" is never used. [path: components.requestBodies.GoogleCloudContentwarehouseV1SynonymSet]
Location: N/A
Fixed: False
Source: System
Issue Source: redocly-validator
Issue Target: import-url_bundled-spec
Action: COULD NOT PROCESS: Issue definition for code 'no-unused-components' not found in registry.
