Repair Log
Processed Timestamp: 2025-09-30T15:18:38.396100

--------------------------------------------------
Time: 2025-09-30T15:18:34.235476
Issue: oneOf | N/A
Message: {'description': 'Request message for projectService.InitializeProject', 'properties': {'accessControlMode': {'description': 'Required. The access control mode for accessing the customer data', 'enum': ['ACL_MODE_UNKNOWN', 'ACL_MODE_UNIVERSAL_ACCESS', 'ACL_MODE_DOCUMENT_LEVEL_ACCESS_CONTROL_BYOID', 'ACL_MODE_DOCUMENT_LEVEL_ACCESS_CONTROL_GCI'], 'type': 'string'}, 'databaseType': {'description': 'Required. The type of database used to store customer data', 'enum': ['DB_UNKNOWN', 'DB_INFRA_SPANNER', 'DB_CLOUD_SQL_POSTGRES'], 'enumDeprecated': [False, False, True], 'type': 'string'}, 'documentCreatorDefaultRole': {'description': 'Optional. The default role for the person who create a document.', 'enum': ['DOCUMENT_CREATOR_DEFAULT_ROLE_UNSPECIFIED', 'DOCUMENT_ADMIN', 'DOCUMENT_EDITOR', 'DOCUMENT_VIEWER'], 'type': 'string'}, 'enableCalUserEmailLogging': {'description': 'Optional. Whether to enable CAL user email logging.', 'type': 'boolean'}, 'kmsKey': {'description': 'Optional. The KMS key used for CMEK encryption. It is required that the kms key is in the same region as the endpoint. The same key will be used for all provisioned resources, if encryption is available. If the kms_key is left empty, no encryption will be enforced.', 'type': 'string'}}, 'type': 'object'} is not valid under any of the given schemas
Location: N/A
Fixed: False
Source: System
Issue Source: openapi-spec-validator
Issue Target: import-url_root-spec
Action: COULD NOT PROCESS: Issue definition for code 'oneOf' not found in registry.
--------------------------------------------------
Time: 2025-09-30T15:18:34.318995
Issue: oneOf | N/A
Message: {'description': 'Status of a project, including the project state, dbType, aclMode and etc.', 'properties': {'accessControlMode': {'description': 'Access control mode.', 'enum': ['ACL_MODE_UNKNOWN', 'ACL_MODE_UNIVERSAL_ACCESS', 'ACL_MODE_DOCUMENT_LEVEL_ACCESS_CONTROL_BYOID', 'ACL_MODE_DOCUMENT_LEVEL_ACCESS_CONTROL_GCI'], 'type': 'string'}, 'databaseType': {'description': 'Database type.', 'enum': ['DB_UNKNOWN', 'DB_INFRA_SPANNER', 'DB_CLOUD_SQL_POSTGRES'], 'enumDeprecated': [False, False, True], 'type': 'string'}, 'documentCreatorDefaultRole': {'description': 'The default role for the person who create a document.', 'type': 'string'}, 'location': {'description': 'The location of the queried project.', 'type': 'string'}, 'qaEnabled': {'description': 'If the qa is enabled on this project.', 'type': 'boolean'}, 'state': {'description': 'State of the project.', 'enum': ['PROJECT_STATE_UNSPECIFIED', 'PROJECT_STATE_PENDING', 'PROJECT_STATE_COMPLETED', 'PROJECT_STATE_FAILED', 'PROJECT_STATE_DELETING', 'PROJECT_STATE_DELETING_FAILED', 'PROJECT_STATE_DELETED', 'PROJECT_STATE_NOT_FOUND'], 'type': 'string'}}, 'type': 'object'} is not valid under any of the given schemas
Location: N/A
Fixed: False
Source: System
Issue Source: openapi-spec-validator
Issue Target: import-url_root-spec
Action: COULD NOT PROCESS: Issue definition for code 'oneOf' not found in registry.
--------------------------------------------------
Time: 2025-09-30T15:18:34.390304
Issue: oneOf | N/A
Message: {'description': 'Structure to identify provenance relationships between annotations in different revisions.', 'properties': {'id': {'deprecated': True, 'description': 'The Id of this operation. Needs to be unique within the scope of the revision.', 'format': 'int32', 'type': 'integer'}, 'parents': {'description': 'References to the original elements that are replaced.', 'items': {'$ref': '#/components/schemas/GoogleCloudDocumentaiV1DocumentProvenanceParent'}, 'type': 'array'}, 'revision': {'deprecated': True, 'description': 'The index of the revision that produced this element.', 'format': 'int32', 'type': 'integer'}, 'type': {'description': 'The type of provenance operation.', 'enum': ['OPERATION_TYPE_UNSPECIFIED', 'ADD', 'REMOVE', 'UPDATE', 'REPLACE', 'EVAL_REQUESTED', 'EVAL_APPROVED', 'EVAL_SKIPPED'], 'enumDeprecated': [False, False, False, False, False, True, True, True], 'type': 'string'}}, 'type': 'object'} is not valid under any of the given schemas
Location: N/A
Fixed: False
Source: System
Issue Source: openapi-spec-validator
Issue Target: import-url_root-spec
Action: COULD NOT PROCESS: Issue definition for code 'oneOf' not found in registry.
--------------------------------------------------
Time: 2025-09-30T15:18:34.462566
Issue: <unset> | N/A
Message: Path parameter '+location' for 'get' operation in '/v1/{+location}:getStatus' was not resolved
Location: N/A
Fixed: False
Source: System
Issue Source: openapi-spec-validator
Issue Target: import-url_root-spec
Action: COULD NOT PROCESS: Issue definition for code '<unset>' not found in registry.
--------------------------------------------------
Time: 2025-09-30T15:18:34.497859
Issue: <unset> | N/A
Message: Path parameter '+location' for 'post' operation in '/v1/{+location}:initialize' was not resolved
Location: N/A
Fixed: False
Source: System
Issue Source: openapi-spec-validator
Issue Target: import-url_root-spec
Action: COULD NOT PROCESS: Issue definition for code '<unset>' not found in registry.
--------------------------------------------------
Time: 2025-09-30T15:18:34.547240
Issue: <unset> | N/A
Message: Path parameter '+name' for 'delete' operation in '/v1/{+name}' was not resolved
Location: N/A
Fixed: False
Source: System
Issue Source: openapi-spec-validator
Issue Target: import-url_root-spec
Action: COULD NOT PROCESS: Issue definition for code '<unset>' not found in registry.
--------------------------------------------------
Time: 2025-09-30T15:18:34.579221
Issue: <unset> | N/A
Message: Path parameter '+name' for 'get' operation in '/v1/{+name}' was not resolved
Location: N/A
Fixed: False
Source: System
Issue Source: openapi-spec-validator
Issue Target: import-url_root-spec
Action: COULD NOT PROCESS: Issue definition for code '<unset>' not found in registry.
--------------------------------------------------
Time: 2025-09-30T15:18:34.613682
Issue: <unset> | N/A
Message: Path parameter '+name' for 'patch' operation in '/v1/{+name}' was not resolved
Location: N/A
Fixed: False
Source: System
Issue Source: openapi-spec-validator
Issue Target: import-url_root-spec
Action: COULD NOT PROCESS: Issue definition for code '<unset>' not found in registry.
--------------------------------------------------
Time: 2025-09-30T15:18:34.659355
Issue: <unset> | N/A
Message: Path parameter '+name' for 'post' operation in '/v1/{+name}:delete' was not resolved
Location: N/A
Fixed: False
Source: System
Issue Source: openapi-spec-validator
Issue Target: import-url_root-spec
Action: COULD NOT PROCESS: Issue definition for code '<unset>' not found in registry.
--------------------------------------------------
Time: 2025-09-30T15:18:34.677769
Issue: <unset> | N/A
Message: Path parameter '+name' for 'post' operation in '/v1/{+name}:get' was not resolved
Location: N/A
Fixed: False
Source: System
Issue Source: openapi-spec-validator
Issue Target: import-url_root-spec
Action: COULD NOT PROCESS: Issue definition for code '<unset>' not found in registry.
--------------------------------------------------
Time: 2025-09-30T15:18:34.726988
Issue: <unset> | N/A
Message: Path parameter '+name' for 'post' operation in '/v1/{+name}:lock' was not resolved
Location: N/A
Fixed: False
Source: System
Issue Source: openapi-spec-validator
Issue Target: import-url_root-spec
Action: COULD NOT PROCESS: Issue definition for code '<unset>' not found in registry.
--------------------------------------------------
Time: 2025-09-30T15:18:34.776367
Issue: <unset> | N/A
Message: Path parameter '+name' for 'post' operation in '/v1/{+name}:runPipeline' was not resolved
Location: N/A
Fixed: False
Source: System
Issue Source: openapi-spec-validator
Issue Target: import-url_root-spec
Action: COULD NOT PROCESS: Issue definition for code '<unset>' not found in registry.
--------------------------------------------------
Time: 2025-09-30T15:18:34.847475
Issue: <unset> | N/A
Message: Path parameter '+parent' for 'post' operation in '/v1/{+parent}/documentLinks' was not resolved
Location: N/A
Fixed: False
Source: System
Issue Source: openapi-spec-validator
Issue Target: import-url_root-spec
Action: COULD NOT PROCESS: Issue definition for code '<unset>' not found in registry.
--------------------------------------------------
Time: 2025-09-30T15:18:34.939504
Issue: <unset> | N/A
Message: Path parameter '+parent' for 'get' operation in '/v1/{+parent}/documentSchemas' was not resolved
Location: N/A
Fixed: False
Source: System
Issue Source: openapi-spec-validator
Issue Target: import-url_root-spec
Action: COULD NOT PROCESS: Issue definition for code '<unset>' not found in registry.
--------------------------------------------------
Time: 2025-09-30T15:18:34.965163
Issue: <unset> | N/A
Message: Path parameter '+parent' for 'post' operation in '/v1/{+parent}/documentSchemas' was not resolved
Location: N/A
Fixed: False
Source: System
Issue Source: openapi-spec-validator
Issue Target: import-url_root-spec
Action: COULD NOT PROCESS: Issue definition for code '<unset>' not found in registry.
--------------------------------------------------
Time: 2025-09-30T15:18:35.000562
Issue: <unset> | N/A
Message: Path parameter '+parent' for 'post' operation in '/v1/{+parent}/documents' was not resolved
Location: N/A
Fixed: False
Source: System
Issue Source: openapi-spec-validator
Issue Target: import-url_root-spec
Action: COULD NOT PROCESS: Issue definition for code '<unset>' not found in registry.
--------------------------------------------------
Time: 2025-09-30T15:18:35.065239
Issue: <unset> | N/A
Message: Path parameter '+parent' for 'post' operation in '/v1/{+parent}/documents:search' was not resolved
Location: N/A
Fixed: False
Source: System
Issue Source: openapi-spec-validator
Issue Target: import-url_root-spec
Action: COULD NOT PROCESS: Issue definition for code '<unset>' not found in registry.
--------------------------------------------------
Time: 2025-09-30T15:18:35.098642
Issue: <unset> | N/A
Message: Path parameter '+parent' for 'post' operation in '/v1/{+parent}/linkedSources' was not resolved
Location: N/A
Fixed: False
Source: System
Issue Source: openapi-spec-validator
Issue Target: import-url_root-spec
Action: COULD NOT PROCESS: Issue definition for code '<unset>' not found in registry.
--------------------------------------------------
Time: 2025-09-30T15:18:35.153140
Issue: <unset> | N/A
Message: Path parameter '+parent' for 'post' operation in '/v1/{+parent}/linkedTargets' was not resolved
Location: N/A
Fixed: False
Source: System
Issue Source: openapi-spec-validator
Issue Target: import-url_root-spec
Action: COULD NOT PROCESS: Issue definition for code '<unset>' not found in registry.
--------------------------------------------------
Time: 2025-09-30T15:18:35.203484
Issue: <unset> | N/A
Message: Path parameter '+parent' for 'get' operation in '/v1/{+parent}/ruleSets' was not resolved
Location: N/A
Fixed: False
Source: System
Issue Source: openapi-spec-validator
Issue Target: import-url_root-spec
Action: COULD NOT PROCESS: Issue definition for code '<unset>' not found in registry.
--------------------------------------------------
Time: 2025-09-30T15:18:35.232466
Issue: <unset> | N/A
Message: Path parameter '+parent' for 'post' operation in '/v1/{+parent}/ruleSets' was not resolved
Location: N/A
Fixed: False
Source: System
Issue Source: openapi-spec-validator
Issue Target: import-url_root-spec
Action: COULD NOT PROCESS: Issue definition for code '<unset>' not found in registry.
--------------------------------------------------
Time: 2025-09-30T15:18:35.295060
Issue: <unset> | N/A
Message: Path parameter '+parent' for 'get' operation in '/v1/{+parent}/synonymSets' was not resolved
Location: N/A
Fixed: False
Source: System
Issue Source: openapi-spec-validator
Issue Target: import-url_root-spec
Action: COULD NOT PROCESS: Issue definition for code '<unset>' not found in registry.
--------------------------------------------------
Time: 2025-09-30T15:18:35.354598
Issue: <unset> | N/A
Message: Path parameter '+parent' for 'post' operation in '/v1/{+parent}/synonymSets' was not resolved
Location: N/A
Fixed: False
Source: System
Issue Source: openapi-spec-validator
Issue Target: import-url_root-spec
Action: COULD NOT PROCESS: Issue definition for code '<unset>' not found in registry.
--------------------------------------------------
Time: 2025-09-30T15:18:35.467514
Issue: <unset> | N/A
Message: Path parameter '+resource' for 'post' operation in '/v1/{+resource}:fetchAcl' was not resolved
Location: N/A
Fixed: False
Source: System
Issue Source: openapi-spec-validator
Issue Target: import-url_root-spec
Action: COULD NOT PROCESS: Issue definition for code '<unset>' not found in registry.
--------------------------------------------------
Time: 2025-09-30T15:18:35.566244
Issue: <unset> | N/A
Message: Path parameter '+resource' for 'post' operation in '/v1/{+resource}:setAcl' was not resolved
Location: N/A
Fixed: False
Source: System
Issue Source: openapi-spec-validator
Issue Target: import-url_root-spec
Action: COULD NOT PROCESS: Issue definition for code '<unset>' not found in registry.
--------------------------------------------------
Time: 2025-09-30T15:18:35.611704
Issue: no-server-trailing-slash | N/A
Message: Server `url` should not have a trailing slash. [path: servers.0.url]
Location: N/A
Fixed: False
Source: System
Issue Source: redocly-validator
Issue Target: import-url_root-spec
Action: COULD NOT PROCESS: Issue definition for code 'no-server-trailing-slash' not found in registry.
--------------------------------------------------
Time: 2025-09-30T15:18:35.693154
Issue: operation-summary | N/A
Message: Operation object should contain `summary` field. [path: paths./v1/{+location}:getStatus.get.summary]
Location: N/A
Fixed: False
Source: System
Issue Source: redocly-validator
Issue Target: import-url_root-spec
Action: COULD NOT PROCESS: Issue definition for code 'operation-summary' not found in registry.
--------------------------------------------------
Time: 2025-09-30T15:18:35.795587
Issue: path-parameters-defined | N/A
Message: Path parameter `location` is not used in the path `/v1/{+location}:getStatus`. [path: paths./v1/{+location}:getStatus.get.parameters.0.name]
Location: N/A
Fixed: False
Source: System
Issue Source: redocly-validator
Issue Target: import-url_root-spec
Action: COULD NOT PROCESS: Issue definition for code 'path-parameters-defined' not found in registry.
--------------------------------------------------
Time: 2025-09-30T15:18:35.818451
Issue: struct | N/A
Message: Property `enumDeprecated` is not expected here. [path: components.schemas.GoogleCloudContentwarehouseV1ProjectStatus.properties.databaseType.enumDeprecated]
Location: N/A
Fixed: False
Source: System
Issue Source: redocly-validator
Issue Target: import-url_root-spec
Action: COULD NOT PROCESS: Issue definition for code 'struct' not found in registry.
--------------------------------------------------
Time: 2025-09-30T15:18:35.856609
Issue: operation-summary | N/A
Message: Operation object should contain `summary` field. [path: paths./v1/{+location}:initialize.post.summary]
Location: N/A
Fixed: False
Source: System
Issue Source: redocly-validator
Issue Target: import-url_root-spec
Action: COULD NOT PROCESS: Issue definition for code 'operation-summary' not found in registry.
--------------------------------------------------
Time: 2025-09-30T15:18:35.905046
Issue: path-parameters-defined | N/A
Message: Path parameter `location` is not used in the path `/v1/{+location}:initialize`. [path: paths./v1/{+location}:initialize.post.parameters.0.name]
Location: N/A
Fixed: False
Source: System
Issue Source: redocly-validator
Issue Target: import-url_root-spec
Action: COULD NOT PROCESS: Issue definition for code 'path-parameters-defined' not found in registry.
--------------------------------------------------
Time: 2025-09-30T15:18:35.956064
Issue: struct | N/A
Message: Property `enumDeprecated` is not expected here. [path: components.schemas.GoogleCloudContentwarehouseV1InitializeProjectRequest.properties.databaseType.enumDeprecated]
Location: N/A
Fixed: False
Source: System
Issue Source: redocly-validator
Issue Target: import-url_root-spec
Action: COULD NOT PROCESS: Issue definition for code 'struct' not found in registry.
--------------------------------------------------
Time: 2025-09-30T15:18:36.006439
Issue: operation-summary | N/A
Message: Operation object should contain `summary` field. [path: paths./v1/{+name}.get.summary]
Location: N/A
Fixed: False
Source: System
Issue Source: redocly-validator
Issue Target: import-url_root-spec
Action: COULD NOT PROCESS: Issue definition for code 'operation-summary' not found in registry.
--------------------------------------------------
Time: 2025-09-30T15:18:36.076071
Issue: path-parameters-defined | N/A
Message: Path parameter `name` is not used in the path `/v1/{+name}`. [path: paths./v1/{+name}.get.parameters.0.name]
Location: N/A
Fixed: False
Source: System
Issue Source: redocly-validator
Issue Target: import-url_root-spec
Action: COULD NOT PROCESS: Issue definition for code 'path-parameters-defined' not found in registry.
--------------------------------------------------
Time: 2025-09-30T15:18:36.114071
Issue: operation-summary | N/A
Message: Operation object should contain `summary` field. [path: paths./v1/{+name}.delete.summary]
Location: N/A
Fixed: False
Source: System
Issue Source: redocly-validator
Issue Target: import-url_root-spec
Action: COULD NOT PROCESS: Issue definition for code 'operation-summary' not found in registry.
--------------------------------------------------
Time: 2025-09-30T15:18:36.172416
Issue: path-parameters-defined | N/A
Message: Path parameter `name` is not used in the path `/v1/{+name}`. [path: paths./v1/{+name}.delete.parameters.0.name]
Location: N/A
Fixed: False
Source: System
Issue Source: redocly-validator
Issue Target: import-url_root-spec
Action: COULD NOT PROCESS: Issue definition for code 'path-parameters-defined' not found in registry.
--------------------------------------------------
Time: 2025-09-30T15:18:36.179926
Issue: operation-summary | N/A
Message: Operation object should contain `summary` field. [path: paths./v1/{+name}.patch.summary]
Location: N/A
Fixed: False
Source: System
Issue Source: redocly-validator
Issue Target: import-url_root-spec
Action: COULD NOT PROCESS: Issue definition for code 'operation-summary' not found in registry.
--------------------------------------------------
Time: 2025-09-30T15:18:36.188013
Issue: path-parameters-defined | N/A
Message: Path parameter `name` is not used in the path `/v1/{+name}`. [path: paths./v1/{+name}.patch.parameters.0.name]
Location: N/A
Fixed: False
Source: System
Issue Source: redocly-validator
Issue Target: import-url_root-spec
Action: COULD NOT PROCESS: Issue definition for code 'path-parameters-defined' not found in registry.
--------------------------------------------------
Time: 2025-09-30T15:18:36.192723
Issue: operation-summary | N/A
Message: Operation object should contain `summary` field. [path: paths./v1/{+name}:delete.post.summary]
Location: N/A
Fixed: False
Source: System
Issue Source: redocly-validator
Issue Target: import-url_root-spec
Action: COULD NOT PROCESS: Issue definition for code 'operation-summary' not found in registry.
--------------------------------------------------
Time: 2025-09-30T15:18:36.198457
Issue: path-parameters-defined | N/A
Message: Path parameter `name` is not used in the path `/v1/{+name}:delete`. [path: paths./v1/{+name}:delete.post.parameters.0.name]
Location: N/A
Fixed: False
Source: System
Issue Source: redocly-validator
Issue Target: import-url_root-spec
Action: COULD NOT PROCESS: Issue definition for code 'path-parameters-defined' not found in registry.
--------------------------------------------------
Time: 2025-09-30T15:18:36.204414
Issue: operation-summary | N/A
Message: Operation object should contain `summary` field. [path: paths./v1/{+name}:get.post.summary]
Location: N/A
Fixed: False
Source: System
Issue Source: redocly-validator
Issue Target: import-url_root-spec
Action: COULD NOT PROCESS: Issue definition for code 'operation-summary' not found in registry.
--------------------------------------------------
Time: 2025-09-30T15:18:36.207468
Issue: path-parameters-defined | N/A
Message: Path parameter `name` is not used in the path `/v1/{+name}:get`. [path: paths./v1/{+name}:get.post.parameters.0.name]
Location: N/A
Fixed: False
Source: System
Issue Source: redocly-validator
Issue Target: import-url_root-spec
Action: COULD NOT PROCESS: Issue definition for code 'path-parameters-defined' not found in registry.
--------------------------------------------------
Time: 2025-09-30T15:18:36.209365
Issue: struct | N/A
Message: Property `enumDeprecated` is not expected here. [path: components.schemas.GoogleCloudDocumentaiV1DocumentProvenance.properties.type.enumDeprecated]
Location: N/A
Fixed: False
Source: System
Issue Source: redocly-validator
Issue Target: import-url_root-spec
Action: COULD NOT PROCESS: Issue definition for code 'struct' not found in registry.
--------------------------------------------------
Time: 2025-09-30T15:18:36.211089
Issue: operation-summary | N/A
Message: Operation object should contain `summary` field. [path: paths./v1/{+name}:lock.post.summary]
Location: N/A
Fixed: False
Source: System
Issue Source: redocly-validator
Issue Target: import-url_root-spec
Action: COULD NOT PROCESS: Issue definition for code 'operation-summary' not found in registry.
--------------------------------------------------
Time: 2025-09-30T15:18:36.214941
Issue: path-parameters-defined | N/A
Message: Path parameter `name` is not used in the path `/v1/{+name}:lock`. [path: paths./v1/{+name}:lock.post.parameters.0.name]
Location: N/A
Fixed: False
Source: System
Issue Source: redocly-validator
Issue Target: import-url_root-spec
Action: COULD NOT PROCESS: Issue definition for code 'path-parameters-defined' not found in registry.
--------------------------------------------------
Time: 2025-09-30T15:18:36.218508
Issue: operation-summary | N/A
Message: Operation object should contain `summary` field. [path: paths./v1/{+name}:runPipeline.post.summary]
Location: N/A
Fixed: False
Source: System
Issue Source: redocly-validator
Issue Target: import-url_root-spec
Action: COULD NOT PROCESS: Issue definition for code 'operation-summary' not found in registry.
--------------------------------------------------
Time: 2025-09-30T15:18:36.222300
Issue: path-parameters-defined | N/A
Message: Path parameter `name` is not used in the path `/v1/{+name}:runPipeline`. [path: paths./v1/{+name}:runPipeline.post.parameters.0.name]
Location: N/A
Fixed: False
Source: System
Issue Source: redocly-validator
Issue Target: import-url_root-spec
Action: COULD NOT PROCESS: Issue definition for code 'path-parameters-defined' not found in registry.
--------------------------------------------------
Time: 2025-09-30T15:18:36.225103
Issue: operation-summary | N/A
Message: Operation object should contain `summary` field. [path: paths./v1/{+parent}/documentLinks.post.summary]
Location: N/A
Fixed: False
Source: System
Issue Source: redocly-validator
Issue Target: import-url_root-spec
Action: COULD NOT PROCESS: Issue definition for code 'operation-summary' not found in registry.
--------------------------------------------------
Time: 2025-09-30T15:18:36.227061
Issue: path-parameters-defined | N/A
Message: Path parameter `parent` is not used in the path `/v1/{+parent}/documentLinks`. [path: paths./v1/{+parent}/documentLinks.post.parameters.0.name]
Location: N/A
Fixed: False
Source: System
Issue Source: redocly-validator
Issue Target: import-url_root-spec
Action: COULD NOT PROCESS: Issue definition for code 'path-parameters-defined' not found in registry.
--------------------------------------------------
Time: 2025-09-30T15:18:36.228292
Issue: operation-summary | N/A
Message: Operation object should contain `summary` field. [path: paths./v1/{+parent}/documentSchemas.get.summary]
Location: N/A
Fixed: False
Source: System
Issue Source: redocly-validator
Issue Target: import-url_root-spec
Action: COULD NOT PROCESS: Issue definition for code 'operation-summary' not found in registry.
--------------------------------------------------
Time: 2025-09-30T15:18:36.229540
Issue: path-parameters-defined | N/A
Message: Path parameter `parent` is not used in the path `/v1/{+parent}/documentSchemas`. [path: paths./v1/{+parent}/documentSchemas.get.parameters.0.name]
Location: N/A
Fixed: False
Source: System
Issue Source: redocly-validator
Issue Target: import-url_root-spec
Action: COULD NOT PROCESS: Issue definition for code 'path-parameters-defined' not found in registry.
--------------------------------------------------
Time: 2025-09-30T15:18:36.230494
Issue: operation-summary | N/A
Message: Operation object should contain `summary` field. [path: paths./v1/{+parent}/documentSchemas.post.summary]
Location: N/A
Fixed: False
Source: System
Issue Source: redocly-validator
Issue Target: import-url_root-spec
Action: COULD NOT PROCESS: Issue definition for code 'operation-summary' not found in registry.
--------------------------------------------------
Time: 2025-09-30T15:18:36.231346
Issue: path-parameters-defined | N/A
Message: Path parameter `parent` is not used in the path `/v1/{+parent}/documentSchemas`. [path: paths./v1/{+parent}/documentSchemas.post.parameters.0.name]
Location: N/A
Fixed: False
Source: System
Issue Source: redocly-validator
Issue Target: import-url_root-spec
Action: COULD NOT PROCESS: Issue definition for code 'path-parameters-defined' not found in registry.
--------------------------------------------------
Time: 2025-09-30T15:18:36.232191
Issue: operation-summary | N/A
Message: Operation object should contain `summary` field. [path: paths./v1/{+parent}/documents.post.summary]
Location: N/A
Fixed: False
Source: System
Issue Source: redocly-validator
Issue Target: import-url_root-spec
Action: COULD NOT PROCESS: Issue definition for code 'operation-summary' not found in registry.
--------------------------------------------------
Time: 2025-09-30T15:18:36.233049
Issue: path-parameters-defined | N/A
Message: Path parameter `parent` is not used in the path `/v1/{+parent}/documents`. [path: paths./v1/{+parent}/documents.post.parameters.0.name]
Location: N/A
Fixed: False
Source: System
Issue Source: redocly-validator
Issue Target: import-url_root-spec
Action: COULD NOT PROCESS: Issue definition for code 'path-parameters-defined' not found in registry.
--------------------------------------------------
Time: 2025-09-30T15:18:36.234049
Issue: operation-summary | N/A
Message: Operation object should contain `summary` field. [path: paths./v1/{+parent}/documents:search.post.summary]
Location: N/A
Fixed: False
Source: System
Issue Source: redocly-validator
Issue Target: import-url_root-spec
Action: COULD NOT PROCESS: Issue definition for code 'operation-summary' not found in registry.
--------------------------------------------------
Time: 2025-09-30T15:18:36.235252
Issue: path-parameters-defined | N/A
Message: Path parameter `parent` is not used in the path `/v1/{+parent}/documents:search`. [path: paths./v1/{+parent}/documents:search.post.parameters.0.name]
Location: N/A
Fixed: False
Source: System
Issue Source: redocly-validator
Issue Target: import-url_root-spec
Action: COULD NOT PROCESS: Issue definition for code 'path-parameters-defined' not found in registry.
--------------------------------------------------
Time: 2025-09-30T15:18:36.236187
Issue: operation-summary | N/A
Message: Operation object should contain `summary` field. [path: paths./v1/{+parent}/linkedSources.post.summary]
Location: N/A
Fixed: False
Source: System
Issue Source: redocly-validator
Issue Target: import-url_root-spec
Action: COULD NOT PROCESS: Issue definition for code 'operation-summary' not found in registry.
--------------------------------------------------
Time: 2025-09-30T15:18:36.237587
Issue: path-parameters-defined | N/A
Message: Path parameter `parent` is not used in the path `/v1/{+parent}/linkedSources`. [path: paths./v1/{+parent}/linkedSources.post.parameters.0.name]
Location: N/A
Fixed: False
Source: System
Issue Source: redocly-validator
Issue Target: import-url_root-spec
Action: COULD NOT PROCESS: Issue definition for code 'path-parameters-defined' not found in registry.
--------------------------------------------------
Time: 2025-09-30T15:18:36.238492
Issue: operation-summary | N/A
Message: Operation object should contain `summary` field. [path: paths./v1/{+parent}/linkedTargets.post.summary]
Location: N/A
Fixed: False
Source: System
Issue Source: redocly-validator
Issue Target: import-url_root-spec
Action: COULD NOT PROCESS: Issue definition for code 'operation-summary' not found in registry.
--------------------------------------------------
Time: 2025-09-30T15:18:36.239967
Issue: path-parameters-defined | N/A
Message: Path parameter `parent` is not used in the path `/v1/{+parent}/linkedTargets`. [path: paths./v1/{+parent}/linkedTargets.post.parameters.0.name]
Location: N/A
Fixed: False
Source: System
Issue Source: redocly-validator
Issue Target: import-url_root-spec
Action: COULD NOT PROCESS: Issue definition for code 'path-parameters-defined' not found in registry.
--------------------------------------------------
Time: 2025-09-30T15:18:36.241518
Issue: operation-summary | N/A
Message: Operation object should contain `summary` field. [path: paths./v1/{+parent}/ruleSets.get.summary]
Location: N/A
Fixed: False
Source: System
Issue Source: redocly-validator
Issue Target: import-url_root-spec
Action: COULD NOT PROCESS: Issue definition for code 'operation-summary' not found in registry.
--------------------------------------------------
Time: 2025-09-30T15:18:36.243106
Issue: path-parameters-defined | N/A
Message: Path parameter `parent` is not used in the path `/v1/{+parent}/ruleSets`. [path: paths./v1/{+parent}/ruleSets.get.parameters.0.name]
Location: N/A
Fixed: False
Source: System
Issue Source: redocly-validator
Issue Target: import-url_root-spec
Action: COULD NOT PROCESS: Issue definition for code 'path-parameters-defined' not found in registry.
--------------------------------------------------
Time: 2025-09-30T15:18:36.244441
Issue: operation-summary | N/A
Message: Operation object should contain `summary` field. [path: paths./v1/{+parent}/ruleSets.post.summary]
Location: N/A
Fixed: False
Source: System
Issue Source: redocly-validator
Issue Target: import-url_root-spec
Action: COULD NOT PROCESS: Issue definition for code 'operation-summary' not found in registry.
--------------------------------------------------
Time: 2025-09-30T15:18:36.245681
Issue: path-parameters-defined | N/A
Message: Path parameter `parent` is not used in the path `/v1/{+parent}/ruleSets`. [path: paths./v1/{+parent}/ruleSets.post.parameters.0.name]
Location: N/A
Fixed: False
Source: System
Issue Source: redocly-validator
Issue Target: import-url_root-spec
Action: COULD NOT PROCESS: Issue definition for code 'path-parameters-defined' not found in registry.
--------------------------------------------------
Time: 2025-09-30T15:18:36.247148
Issue: operation-summary | N/A
Message: Operation object should contain `summary` field. [path: paths./v1/{+parent}/synonymSets.get.summary]
Location: N/A
Fixed: False
Source: System
Issue Source: redocly-validator
Issue Target: import-url_root-spec
Action: COULD NOT PROCESS: Issue definition for code 'operation-summary' not found in registry.
--------------------------------------------------
Time: 2025-09-30T15:18:36.248623
Issue: path-parameters-defined | N/A
Message: Path parameter `parent` is not used in the path `/v1/{+parent}/synonymSets`. [path: paths./v1/{+parent}/synonymSets.get.parameters.0.name]
Location: N/A
Fixed: False
Source: System
Issue Source: redocly-validator
Issue Target: import-url_root-spec
Action: COULD NOT PROCESS: Issue definition for code 'path-parameters-defined' not found in registry.
--------------------------------------------------
Time: 2025-09-30T15:18:36.249877
Issue: operation-summary | N/A
Message: Operation object should contain `summary` field. [path: paths./v1/{+parent}/synonymSets.post.summary]
Location: N/A
Fixed: False
Source: System
Issue Source: redocly-validator
Issue Target: import-url_root-spec
Action: COULD NOT PROCESS: Issue definition for code 'operation-summary' not found in registry.
--------------------------------------------------
Time: 2025-09-30T15:18:36.251081
Issue: path-parameters-defined | N/A
Message: Path parameter `parent` is not used in the path `/v1/{+parent}/synonymSets`. [path: paths./v1/{+parent}/synonymSets.post.parameters.0.name]
Location: N/A
Fixed: False
Source: System
Issue Source: redocly-validator
Issue Target: import-url_root-spec
Action: COULD NOT PROCESS: Issue definition for code 'path-parameters-defined' not found in registry.
--------------------------------------------------
Time: 2025-09-30T15:18:36.252228
Issue: operation-summary | N/A
Message: Operation object should contain `summary` field. [path: paths./v1/{+resource}:fetchAcl.post.summary]
Location: N/A
Fixed: False
Source: System
Issue Source: redocly-validator
Issue Target: import-url_root-spec
Action: COULD NOT PROCESS: Issue definition for code 'operation-summary' not found in registry.
--------------------------------------------------
Time: 2025-09-30T15:18:36.253593
Issue: path-parameters-defined | N/A
Message: Path parameter `resource` is not used in the path `/v1/{+resource}:fetchAcl`. [path: paths./v1/{+resource}:fetchAcl.post.parameters.0.name]
Location: N/A
Fixed: False
Source: System
Issue Source: redocly-validator
Issue Target: import-url_root-spec
Action: COULD NOT PROCESS: Issue definition for code 'path-parameters-defined' not found in registry.
--------------------------------------------------
Time: 2025-09-30T15:18:36.255102
Issue: operation-summary | N/A
Message: Operation object should contain `summary` field. [path: paths./v1/{+resource}:setAcl.post.summary]
Location: N/A
Fixed: False
Source: System
Issue Source: redocly-validator
Issue Target: import-url_root-spec
Action: COULD NOT PROCESS: Issue definition for code 'operation-summary' not found in registry.
--------------------------------------------------
Time: 2025-09-30T15:18:36.256431
Issue: path-parameters-defined | N/A
Message: Path parameter `resource` is not used in the path `/v1/{+resource}:setAcl`. [path: paths./v1/{+resource}:setAcl.post.parameters.0.name]
Location: N/A
Fixed: False
Source: System
Issue Source: redocly-validator
Issue Target: import-url_root-spec
Action: COULD NOT PROCESS: Issue definition for code 'path-parameters-defined' not found in registry.
--------------------------------------------------
Time: 2025-09-30T15:18:36.257692
Issue: tag-description | N/A
Message: Tag object should contain `description` field. [path: tags.0.description]
Location: N/A
Fixed: False
Source: System
Issue Source: redocly-validator
Issue Target: import-url_root-spec
Action: COULD NOT PROCESS: Issue definition for code 'tag-description' not found in registry.
--------------------------------------------------
Time: 2025-09-30T15:18:36.259185
Issue: operation-4xx-response | N/A
Message: Operation must have at least one `4XX` response. [path: paths./v1/{+location}:getStatus.get.responses]
Location: N/A
Fixed: False
Source: System
Issue Source: redocly-validator
Issue Target: import-url_root-spec
Action: COULD NOT PROCESS: Issue definition for code 'operation-4xx-response' not found in registry.
--------------------------------------------------
Time: 2025-09-30T15:18:36.260120
Issue: operation-4xx-response | N/A
Message: Operation must have at least one `4XX` response. [path: paths./v1/{+location}:initialize.post.responses]
Location: N/A
Fixed: False
Source: System
Issue Source: redocly-validator
Issue Target: import-url_root-spec
Action: COULD NOT PROCESS: Issue definition for code 'operation-4xx-response' not found in registry.
--------------------------------------------------
Time: 2025-09-30T15:18:36.261493
Issue: operation-4xx-response | N/A
Message: Operation must have at least one `4XX` response. [path: paths./v1/{+name}.get.responses]
Location: N/A
Fixed: False
Source: System
Issue Source: redocly-validator
Issue Target: import-url_root-spec
Action: COULD NOT PROCESS: Issue definition for code 'operation-4xx-response' not found in registry.
--------------------------------------------------
Time: 2025-09-30T15:18:36.262984
Issue: operation-4xx-response | N/A
Message: Operation must have at least one `4XX` response. [path: paths./v1/{+name}.delete.responses]
Location: N/A
Fixed: False
Source: System
Issue Source: redocly-validator
Issue Target: import-url_root-spec
Action: COULD NOT PROCESS: Issue definition for code 'operation-4xx-response' not found in registry.
--------------------------------------------------
Time: 2025-09-30T15:18:36.300698
Issue: operation-4xx-response | N/A
Message: Operation must have at least one `4XX` response. [path: paths./v1/{+name}.patch.responses]
Location: N/A
Fixed: False
Source: System
Issue Source: redocly-validator
Issue Target: import-url_root-spec
Action: COULD NOT PROCESS: Issue definition for code 'operation-4xx-response' not found in registry.
--------------------------------------------------
Time: 2025-09-30T15:18:36.348565
Issue: operation-4xx-response | N/A
Message: Operation must have at least one `4XX` response. [path: paths./v1/{+name}:delete.post.responses]
Location: N/A
Fixed: False
Source: System
Issue Source: redocly-validator
Issue Target: import-url_root-spec
Action: COULD NOT PROCESS: Issue definition for code 'operation-4xx-response' not found in registry.
--------------------------------------------------
Time: 2025-09-30T15:18:36.358134
Issue: operation-4xx-response | N/A
Message: Operation must have at least one `4XX` response. [path: paths./v1/{+name}:get.post.responses]
Location: N/A
Fixed: False
Source: System
Issue Source: redocly-validator
Issue Target: import-url_root-spec
Action: COULD NOT PROCESS: Issue definition for code 'operation-4xx-response' not found in registry.
--------------------------------------------------
Time: 2025-09-30T15:18:36.359483
Issue: operation-4xx-response | N/A
Message: Operation must have at least one `4XX` response. [path: paths./v1/{+name}:lock.post.responses]
Location: N/A
Fixed: False
Source: System
Issue Source: redocly-validator
Issue Target: import-url_root-spec
Action: COULD NOT PROCESS: Issue definition for code 'operation-4xx-response' not found in registry.
--------------------------------------------------
Time: 2025-09-30T15:18:36.360791
Issue: operation-4xx-response | N/A
Message: Operation must have at least one `4XX` response. [path: paths./v1/{+name}:runPipeline.post.responses]
Location: N/A
Fixed: False
Source: System
Issue Source: redocly-validator
Issue Target: import-url_root-spec
Action: COULD NOT PROCESS: Issue definition for code 'operation-4xx-response' not found in registry.
--------------------------------------------------
Time: 2025-09-30T15:18:36.362372
Issue: operation-4xx-response | N/A
Message: Operation must have at least one `4XX` response. [path: paths./v1/{+parent}/documentLinks.post.responses]
Location: N/A
Fixed: False
Source: System
Issue Source: redocly-validator
Issue Target: import-url_root-spec
Action: COULD NOT PROCESS: Issue definition for code 'operation-4xx-response' not found in registry.
--------------------------------------------------
Time: 2025-09-30T15:18:36.363751
Issue: operation-4xx-response | N/A
Message: Operation must have at least one `4XX` response. [path: paths./v1/{+parent}/documentSchemas.get.responses]
Location: N/A
Fixed: False
Source: System
Issue Source: redocly-validator
Issue Target: import-url_root-spec
Action: COULD NOT PROCESS: Issue definition for code 'operation-4xx-response' not found in registry.
--------------------------------------------------
Time: 2025-09-30T15:18:36.364668
Issue: operation-4xx-response | N/A
Message: Operation must have at least one `4XX` response. [path: paths./v1/{+parent}/documentSchemas.post.responses]
Location: N/A
Fixed: False
Source: System
Issue Source: redocly-validator
Issue Target: import-url_root-spec
Action: COULD NOT PROCESS: Issue definition for code 'operation-4xx-response' not found in registry.
--------------------------------------------------
Time: 2025-09-30T15:18:36.367031
Issue: operation-4xx-response | N/A
Message: Operation must have at least one `4XX` response. [path: paths./v1/{+parent}/documents.post.responses]
Location: N/A
Fixed: False
Source: System
Issue Source: redocly-validator
Issue Target: import-url_root-spec
Action: COULD NOT PROCESS: Issue definition for code 'operation-4xx-response' not found in registry.
--------------------------------------------------
Time: 2025-09-30T15:18:36.369378
Issue: operation-4xx-response | N/A
Message: Operation must have at least one `4XX` response. [path: paths./v1/{+parent}/documents:search.post.responses]
Location: N/A
Fixed: False
Source: System
Issue Source: redocly-validator
Issue Target: import-url_root-spec
Action: COULD NOT PROCESS: Issue definition for code 'operation-4xx-response' not found in registry.
--------------------------------------------------
Time: 2025-09-30T15:18:36.372139
Issue: operation-4xx-response | N/A
Message: Operation must have at least one `4XX` response. [path: paths./v1/{+parent}/linkedSources.post.responses]
Location: N/A
Fixed: False
Source: System
Issue Source: redocly-validator
Issue Target: import-url_root-spec
Action: COULD NOT PROCESS: Issue definition for code 'operation-4xx-response' not found in registry.
--------------------------------------------------
Time: 2025-09-30T15:18:36.375645
Issue: operation-4xx-response | N/A
Message: Operation must have at least one `4XX` response. [path: paths./v1/{+parent}/linkedTargets.post.responses]
Location: N/A
Fixed: False
Source: System
Issue Source: redocly-validator
Issue Target: import-url_root-spec
Action: COULD NOT PROCESS: Issue definition for code 'operation-4xx-response' not found in registry.
--------------------------------------------------
Time: 2025-09-30T15:18:36.379127
Issue: operation-4xx-response | N/A
Message: Operation must have at least one `4XX` response. [path: paths./v1/{+parent}/ruleSets.get.responses]
Location: N/A
Fixed: False
Source: System
Issue Source: redocly-validator
Issue Target: import-url_root-spec
Action: COULD NOT PROCESS: Issue definition for code 'operation-4xx-response' not found in registry.
--------------------------------------------------
Time: 2025-09-30T15:18:36.381242
Issue: operation-4xx-response | N/A
Message: Operation must have at least one `4XX` response. [path: paths./v1/{+parent}/ruleSets.post.responses]
Location: N/A
Fixed: False
Source: System
Issue Source: redocly-validator
Issue Target: import-url_root-spec
Action: COULD NOT PROCESS: Issue definition for code 'operation-4xx-response' not found in registry.
--------------------------------------------------
Time: 2025-09-30T15:18:36.384372
Issue: operation-4xx-response | N/A
Message: Operation must have at least one `4XX` response. [path: paths./v1/{+parent}/synonymSets.get.responses]
Location: N/A
Fixed: False
Source: System
Issue Source: redocly-validator
Issue Target: import-url_root-spec
Action: COULD NOT PROCESS: Issue definition for code 'operation-4xx-response' not found in registry.
--------------------------------------------------
Time: 2025-09-30T15:18:36.385689
Issue: operation-4xx-response | N/A
Message: Operation must have at least one `4XX` response. [path: paths./v1/{+parent}/synonymSets.post.responses]
Location: N/A
Fixed: False
Source: System
Issue Source: redocly-validator
Issue Target: import-url_root-spec
Action: COULD NOT PROCESS: Issue definition for code 'operation-4xx-response' not found in registry.
--------------------------------------------------
Time: 2025-09-30T15:18:36.389422
Issue: operation-4xx-response | N/A
Message: Operation must have at least one `4XX` response. [path: paths./v1/{+resource}:fetchAcl.post.responses]
Location: N/A
Fixed: False
Source: System
Issue Source: redocly-validator
Issue Target: import-url_root-spec
Action: COULD NOT PROCESS: Issue definition for code 'operation-4xx-response' not found in registry.
--------------------------------------------------
Time: 2025-09-30T15:18:36.393250
Issue: operation-4xx-response | N/A
Message: Operation must have at least one `4XX` response. [path: paths./v1/{+resource}:setAcl.post.responses]
Location: N/A
Fixed: False
Source: System
Issue Source: redocly-validator
Issue Target: import-url_root-spec
Action: COULD NOT PROCESS: Issue definition for code 'operation-4xx-response' not found in registry.
--------------------------------------------------
Time: 2025-09-30T15:18:36.395661
Issue: no-unused-components | N/A
Message: Component: "CloudAiPlatformTenantresourceTenantResource" is never used. [path: components.schemas.CloudAiPlatformTenantresourceTenantResource]
Location: N/A
Fixed: False
Source: System
Issue Source: redocly-validator
Issue Target: import-url_root-spec
Action: COULD NOT PROCESS: Issue definition for code 'no-unused-components' not found in registry.
--------------------------------------------------
Time: 2025-09-30T15:18:36.398849
Issue: no-unused-components | N/A
Message: Component: "GoogleCloudContentwarehouseV1CreateDocumentMetadata" is never used. [path: components.schemas.GoogleCloudContentwarehouseV1CreateDocumentMetadata]
Location: N/A
Fixed: False
Source: System
Issue Source: redocly-validator
Issue Target: import-url_root-spec
Action: COULD NOT PROCESS: Issue definition for code 'no-unused-components' not found in registry.
--------------------------------------------------
Time: 2025-09-30T15:18:36.401328
Issue: no-unused-components | N/A
Message: Component: "GoogleCloudContentwarehouseV1DeleteDocumentRequest" is never used. [path: components.schemas.GoogleCloudContentwarehouseV1DeleteDocumentRequest]
Location: N/A
Fixed: False
Source: System
Issue Source: redocly-validator
Issue Target: import-url_root-spec
Action: COULD NOT PROCESS: Issue definition for code 'no-unused-components' not found in registry.
--------------------------------------------------
Time: 2025-09-30T15:18:36.404586
Issue: no-unused-components | N/A
Message: Component: "GoogleCloudContentwarehouseV1InitializeProjectResponse" is never used. [path: components.schemas.GoogleCloudContentwarehouseV1InitializeProjectResponse]
Location: N/A
Fixed: False
Source: System
Issue Source: redocly-validator
Issue Target: import-url_root-spec
Action: COULD NOT PROCESS: Issue definition for code 'no-unused-components' not found in registry.
--------------------------------------------------
Time: 2025-09-30T15:18:36.407649
Issue: no-unused-components | N/A
Message: Component: "GoogleCloudContentwarehouseV1RunPipelineMetadata" is never used. [path: components.schemas.GoogleCloudContentwarehouseV1RunPipelineMetadata]
Location: N/A
Fixed: False
Source: System
Issue Source: redocly-validator
Issue Target: import-url_root-spec
Action: COULD NOT PROCESS: Issue definition for code 'no-unused-components' not found in registry.
--------------------------------------------------
Time: 2025-09-30T15:18:36.411089
Issue: no-unused-components | N/A
Message: Component: "GoogleCloudContentwarehouseV1UpdateDocumentMetadata" is never used. [path: components.schemas.GoogleCloudContentwarehouseV1UpdateDocumentMetadata]
Location: N/A
Fixed: False
Source: System
Issue Source: redocly-validator
Issue Target: import-url_root-spec
Action: COULD NOT PROCESS: Issue definition for code 'no-unused-components' not found in registry.
--------------------------------------------------
Time: 2025-09-30T15:18:36.414333
Issue: no-unused-components | N/A
Message: Component: "GoogleCloudContentwarehouseV1UpdateDocumentRequest" is never used. [path: components.schemas.GoogleCloudContentwarehouseV1UpdateDocumentRequest]
Location: N/A
Fixed: False
Source: System
Issue Source: redocly-validator
Issue Target: import-url_root-spec
Action: COULD NOT PROCESS: Issue definition for code 'no-unused-components' not found in registry.
--------------------------------------------------
Time: 2025-09-30T15:18:36.418750
Issue: no-unused-components | N/A
Message: Component: "GoogleCloudContentwarehouseV1UpdateDocumentResponse" is never used. [path: components.schemas.GoogleCloudContentwarehouseV1UpdateDocumentResponse]
Location: N/A
Fixed: False
Source: System
Issue Source: redocly-validator
Issue Target: import-url_root-spec
Action: COULD NOT PROCESS: Issue definition for code 'no-unused-components' not found in registry.
--------------------------------------------------
Time: 2025-09-30T15:18:36.423059
Issue: no-unused-components | N/A
Message: Component: "GoogleCloudContentwarehouseV1UpdateDocumentSchemaRequest" is never used. [path: components.schemas.GoogleCloudContentwarehouseV1UpdateDocumentSchemaRequest]
Location: N/A
Fixed: False
Source: System
Issue Source: redocly-validator
Issue Target: import-url_root-spec
Action: COULD NOT PROCESS: Issue definition for code 'no-unused-components' not found in registry.
--------------------------------------------------
Time: 2025-09-30T15:18:36.426240
Issue: no-unused-components | N/A
Message: Component: "GoogleCloudContentwarehouseV1UpdateRuleSetRequest" is never used. [path: components.schemas.GoogleCloudContentwarehouseV1UpdateRuleSetRequest]
Location: N/A
Fixed: False
Source: System
Issue Source: redocly-validator
Issue Target: import-url_root-spec
Action: COULD NOT PROCESS: Issue definition for code 'no-unused-components' not found in registry.
--------------------------------------------------
Time: 2025-09-30T15:18:36.428802
Issue: no-unused-components | N/A
Message: Component: "GoogleCloudContentwarehouseV1beta1CreateDocumentMetadata" is never used. [path: components.schemas.GoogleCloudContentwarehouseV1beta1CreateDocumentMetadata]
Location: N/A
Fixed: False
Source: System
Issue Source: redocly-validator
Issue Target: import-url_root-spec
Action: COULD NOT PROCESS: Issue definition for code 'no-unused-components' not found in registry.
--------------------------------------------------
Time: 2025-09-30T15:18:36.430431
Issue: no-unused-components | N/A
Message: Component: "GoogleCloudContentwarehouseV1beta1InitializeProjectResponse" is never used. [path: components.schemas.GoogleCloudContentwarehouseV1beta1InitializeProjectResponse]
Location: N/A
Fixed: False
Source: System
Issue Source: redocly-validator
Issue Target: import-url_root-spec
Action: COULD NOT PROCESS: Issue definition for code 'no-unused-components' not found in registry.
--------------------------------------------------
Time: 2025-09-30T15:18:36.432458
Issue: no-unused-components | N/A
Message: Component: "GoogleCloudContentwarehouseV1beta1UpdateDocumentMetadata" is never used. [path: components.schemas.GoogleCloudContentwarehouseV1beta1UpdateDocumentMetadata]
Location: N/A
Fixed: False
Source: System
Issue Source: redocly-validator
Issue Target: import-url_root-spec
Action: COULD NOT PROCESS: Issue definition for code 'no-unused-components' not found in registry.
--------------------------------------------------
Time: 2025-09-30T15:18:36.433977
Issue: no-unused-components | N/A
Message: Component: "GoogleCloudContentwarehouseV1SynonymSet" is never used. [path: components.requestBodies.GoogleCloudContentwarehouseV1SynonymSet]
Location: N/A
Fixed: False
Source: System
Issue Source: redocly-validator
Issue Target: import-url_root-spec
Action: COULD NOT PROCESS: Issue definition for code 'no-unused-components' not found in registry.
