Repair Log
Processed Timestamp: 2025-09-30T15:06:15.977860

--------------------------------------------------
Time: 2025-09-30T15:06:13.901123
Issue: oneOf | N/A
Message: {'description': "Defines the contact information associated with a `Registration`. [ICANN](https://icann.org/) requires all domain names to have associated contact information. The `registrant_contact` is considered the domain's legal owner, and often the other contacts are identical.", 'properties': {'adminContact': {'$ref': '#/components/schemas/Contact', 'description': 'Required. The administrative contact for the `Registration`.'}, 'privacy': {'description': 'Required. Privacy setting for the contacts associated with the `Registration`.', 'enum': ['CONTACT_PRIVACY_UNSPECIFIED', 'PUBLIC_CONTACT_DATA', 'PRIVATE_CONTACT_DATA', 'REDACTED_CONTACT_DATA'], 'enumDeprecated': [False, False, True, False], 'type': 'string'}, 'registrantContact': {'$ref': '#/components/schemas/Contact', 'description': 'Required. The registrant contact for the `Registration`. *Caution: Anyone with access to this email address, phone number, and/or postal address can take control of the domain.* *Warning: For new `Registration`s, the registrant receives an email confirmation that they must complete within 15 days to avoid domain suspension.*'}, 'technicalContact': {'$ref': '#/components/schemas/Contact', 'description': 'Required. The technical contact for the `Registration`.'}}, 'type': 'object'} is not valid under any of the given schemas
Location: N/A
Fixed: False
Source: System
Issue Source: openapi-spec-validator
Issue Target: import-url_bundled-spec
Action: COULD NOT PROCESS: Issue definition for code 'oneOf' not found in registry.
--------------------------------------------------
Time: 2025-09-30T15:06:13.917299
Issue: oneOf | N/A
Message: {'description': 'Defines renewal, billing, and transfer settings for a `Registration`.', 'properties': {'effectiveTransferLockState': {'description': 'Output only. The actual transfer lock state for this `Registration`.', 'enum': ['TRANSFER_LOCK_STATE_UNSPECIFIED', 'UNLOCKED', 'LOCKED'], 'readOnly': True, 'type': 'string'}, 'preferredRenewalMethod': {'description': 'Optional. The desired renewal method for this `Registration`. The actual `renewal_method` is automatically updated to reflect this choice. If unset or equal to `RENEWAL_METHOD_UNSPECIFIED`, the actual `renewalMethod` is treated as if it were set to `AUTOMATIC_RENEWAL`. You cannot use `RENEWAL_DISABLED` during resource creation, and you can update the renewal status only when the `Registration` resource has state `ACTIVE` or `SUSPENDED`. When `preferred_renewal_method` is set to `AUTOMATIC_RENEWAL`, the actual `renewal_method` can be set to `RENEWAL_DISABLED` in case of problems with the billing account or reported domain abuse. In such cases, check the `issues` field on the `Registration`. After the problem is resolved, the `renewal_method` is automatically updated to `preferred_renewal_method` in a few hours.', 'enum': ['RENEWAL_METHOD_UNSPECIFIED', 'AUTOMATIC_RENEWAL', 'MANUAL_RENEWAL', 'RENEWAL_DISABLED'], 'enumDeprecated': [False, False, True, False], 'type': 'string'}, 'renewalMethod': {'description': 'Output only. The actual renewal method for this `Registration`. When `preferred_renewal_method` is set to `AUTOMATIC_RENEWAL`, the actual `renewal_method` can be equal to `RENEWAL_DISABLED`â€”for example, when there are problems with the billing account or reported domain abuse. In such cases, check the `issues` field on the `Registration`. After the problem is resolved, the `renewal_method` is automatically updated to `preferred_renewal_method` in a few hours.', 'enum': ['RENEWAL_METHOD_UNSPECIFIED', 'AUTOMATIC_RENEWAL', 'MANUAL_RENEWAL', 'RENEWAL_DISABLED'], 'enumDeprecated': [False, False, True, False], 'readOnly': True, 'type': 'string'}, 'transferLockState': {'description': 'This is the desired transfer lock state for this `Registration`. A transfer lock controls whether the domain can be transferred to another registrar. The transfer lock state of the domain is returned in the `effective_transfer_lock_state` property. The transfer lock state values might be different for the following reasons: * `transfer_lock_state` was updated only a short time ago. * Domains with the `TRANSFER_LOCK_UNSUPPORTED_BY_REGISTRY` state are in the list of `domain_properties`. These domains are always in the `UNLOCKED` state.', 'enum': ['TRANSFER_LOCK_STATE_UNSPECIFIED', 'UNLOCKED', 'LOCKED'], 'type': 'string'}}, 'type': 'object'} is not valid under any of the given schemas
Location: N/A
Fixed: False
Source: System
Issue Source: openapi-spec-validator
Issue Target: import-url_bundled-spec
Action: COULD NOT PROCESS: Issue definition for code 'oneOf' not found in registry.
--------------------------------------------------
Time: 2025-09-30T15:06:13.922815
Issue: oneOf | N/A
Message: {'description': 'Parameters required to register a new domain.', 'properties': {'availability': {'description': 'Indicates whether the domain is available for registration. This value is accurate when obtained by calling `RetrieveRegisterParameters`, but is approximate when obtained by calling `SearchDomains`.', 'enum': ['AVAILABILITY_UNSPECIFIED', 'AVAILABLE', 'UNAVAILABLE', 'UNSUPPORTED', 'UNKNOWN'], 'type': 'string'}, 'domainName': {'description': 'The domain name. Unicode domain names are expressed in Punycode format.', 'type': 'string'}, 'domainNotices': {'description': 'Notices about special properties of the domain.', 'items': {'enum': ['DOMAIN_NOTICE_UNSPECIFIED', 'HSTS_PRELOADED'], 'type': 'string'}, 'type': 'array'}, 'supportedPrivacy': {'description': 'Contact privacy options that the domain supports.', 'items': {'enum': ['CONTACT_PRIVACY_UNSPECIFIED', 'PUBLIC_CONTACT_DATA', 'PRIVATE_CONTACT_DATA', 'REDACTED_CONTACT_DATA'], 'enumDeprecated': [False, False, True, False], 'type': 'string'}, 'type': 'array'}, 'yearlyPrice': {'$ref': '#/components/schemas/Money', 'description': 'Price to register or renew the domain for one year.'}}, 'type': 'object'} is not valid under any of the given schemas
Location: N/A
Fixed: False
Source: System
Issue Source: openapi-spec-validator
Issue Target: import-url_bundled-spec
Action: COULD NOT PROCESS: Issue definition for code 'oneOf' not found in registry.
--------------------------------------------------
Time: 2025-09-30T15:06:13.933590
Issue: oneOf | N/A
Message: {'description': "The `Registration` resource facilitates managing and configuring domain name registrations. There are several ways to create a new `Registration` resource: To create a new `Registration` resource, find a suitable domain name by calling the `SearchDomains` method with a query to see available domain name options. After choosing a name, call `RetrieveRegisterParameters` to ensure availability and obtain information like pricing, which is needed to build a call to `RegisterDomain`. Another way to create a new `Registration` is to transfer an existing domain from another registrar (Deprecated: For more information, see [Cloud Domains feature deprecation](https://cloud.google.com/domains/docs/deprecations/feature-deprecations)). First, go to the current registrar to unlock the domain for transfer and retrieve the domain's transfer authorization code. Then call `RetrieveTransferParameters` to confirm that the domain is unlocked and to get values needed to build a call to `TransferDomain`. Finally, you can create a new `Registration` by importing an existing domain managed with [Google Domains](https://domains.google/) (Deprecated: For more information, see [Cloud Domains feature deprecation](https://cloud.google.com/domains/docs/deprecations/feature-deprecations)). First, call `RetrieveImportableDomains` to list domains to which the calling user has sufficient access. Then call `ImportDomain` on any domain names you want to use with Cloud Domains.", 'properties': {'contactSettings': {'$ref': '#/components/schemas/ContactSettings', 'description': 'Required. Settings for contact information linked to the `Registration`. You cannot update these with the `UpdateRegistration` method. To update these settings, use the `ConfigureContactSettings` method.'}, 'createTime': {'description': 'Output only. The creation timestamp of the `Registration` resource.', 'format': 'google-datetime', 'readOnly': True, 'type': 'string'}, 'dnsSettings': {'$ref': '#/components/schemas/DnsSettings', 'description': 'Settings controlling the DNS configuration of the `Registration`. You cannot update these with the `UpdateRegistration` method. To update these settings, use the `ConfigureDnsSettings` method.'}, 'domainName': {'description': 'Required. Immutable. The domain name. Unicode domain names must be expressed in Punycode format.', 'type': 'string'}, 'domainProperties': {'description': 'Output only. Special properties of the domain.', 'items': {'enum': ['DOMAIN_PROPERTY_UNSPECIFIED', 'TRANSFER_LOCK_UNSUPPORTED_BY_REGISTRY', 'REQUIRE_PUSH_TRANSFER'], 'type': 'string'}, 'readOnly': True, 'type': 'array'}, 'expireTime': {'description': 'Output only. The expiration timestamp of the `Registration`.', 'format': 'google-datetime', 'readOnly': True, 'type': 'string'}, 'issues': {'description': 'Output only. The set of issues with the `Registration` that require attention.', 'items': {'enum': ['ISSUE_UNSPECIFIED', 'CONTACT_SUPPORT', 'UNVERIFIED_EMAIL', 'PROBLEM_WITH_BILLING', 'DNS_NOT_ACTIVATED'], 'type': 'string'}, 'readOnly': True, 'type': 'array'}, 'labels': {'additionalProperties': {'type': 'string'}, 'description': 'Set of labels associated with the `Registration`.', 'type': 'object'}, 'managementSettings': {'$ref': '#/components/schemas/ManagementSettings', 'description': 'Settings for management of the `Registration`, including renewal, billing, and transfer. You cannot update these with the `UpdateRegistration` method. To update these settings, use the `ConfigureManagementSettings` method.'}, 'name': {'description': 'Output only. Name of the `Registration` resource, in the format `projects/*/locations/*/registrations/`.', 'readOnly': True, 'type': 'string'}, 'pendingContactSettings': {'$ref': '#/components/schemas/ContactSettings', 'description': 'Output only. Pending contact settings for the `Registration`. Updates to the `contact_settings` field that change its `registrant_contact` or `privacy` fields require email confirmation by the `registrant_contact` before taking effect. This field is set only if there are pending updates to the `contact_settings` that have not been confirmed. To confirm the changes, the `registrant_contact` must follow the instructions in the email they receive.', 'readOnly': True}, 'registerFailureReason': {'description': 'Output only. The reason the domain registration failed. Only set for domains in REGISTRATION_FAILED state.', 'enum': ['REGISTER_FAILURE_REASON_UNSPECIFIED', 'REGISTER_FAILURE_REASON_UNKNOWN', 'DOMAIN_NOT_AVAILABLE', 'INVALID_CONTACTS'], 'readOnly': True, 'type': 'string'}, 'state': {'description': 'Output only. The state of the `Registration`', 'enum': ['STATE_UNSPECIFIED', 'REGISTRATION_PENDING', 'REGISTRATION_FAILED', 'TRANSFER_PENDING', 'TRANSFER_FAILED', 'IMPORT_PENDING', 'ACTIVE', 'SUSPENDED', 'EXPORTED', 'EXPIRED'], 'enumDeprecated': [False, False, False, True, True, True, False, False, False, False], 'readOnly': True, 'type': 'string'}, 'supportedPrivacy': {'description': 'Output only. Set of options for the `contact_settings.privacy` field that this `Registration` supports.', 'items': {'enum': ['CONTACT_PRIVACY_UNSPECIFIED', 'PUBLIC_CONTACT_DATA', 'PRIVATE_CONTACT_DATA', 'REDACTED_CONTACT_DATA'], 'enumDeprecated': [False, False, True, False], 'type': 'string'}, 'readOnly': True, 'type': 'array'}, 'transferFailureReason': {'deprecated': True, 'description': 'Output only. Deprecated: For more information, see [Cloud Domains feature deprecation](https://cloud.google.com/domains/docs/deprecations/feature-deprecations). The reason the domain transfer failed. Only set for domains in TRANSFER_FAILED state.', 'enum': ['TRANSFER_FAILURE_REASON_UNSPECIFIED', 'TRANSFER_FAILURE_REASON_UNKNOWN', 'EMAIL_CONFIRMATION_FAILURE', 'DOMAIN_NOT_REGISTERED', 'DOMAIN_HAS_TRANSFER_LOCK', 'INVALID_AUTHORIZATION_CODE', 'TRANSFER_CANCELLED', 'TRANSFER_REJECTED', 'INVALID_REGISTRANT_EMAIL_ADDRESS', 'DOMAIN_NOT_ELIGIBLE_FOR_TRANSFER', 'TRANSFER_ALREADY_PENDING'], 'readOnly': True, 'type': 'string'}}, 'type': 'object'} is not valid under any of the given schemas
Location: N/A
Fixed: False
Source: System
Issue Source: openapi-spec-validator
Issue Target: import-url_bundled-spec
Action: COULD NOT PROCESS: Issue definition for code 'oneOf' not found in registry.
--------------------------------------------------
Time: 2025-09-30T15:06:13.939147
Issue: oneOf | N/A
Message: {'deprecated': True, 'description': 'Deprecated: For more information, see [Cloud Domains feature deprecation](https://cloud.google.com/domains/docs/deprecations/feature-deprecations). Parameters required to transfer a domain from another registrar.', 'properties': {'currentRegistrar': {'description': 'The registrar that currently manages the domain.', 'type': 'string'}, 'currentRegistrarUri': {'description': 'The URL of the registrar that currently manages the domain.', 'type': 'string'}, 'domainName': {'description': 'The domain name. Unicode domain names are expressed in Punycode format.', 'type': 'string'}, 'nameServers': {'description': 'The name servers that currently store the configuration of the domain.', 'items': {'type': 'string'}, 'type': 'array'}, 'supportedPrivacy': {'description': 'Contact privacy options that the domain supports.', 'items': {'enum': ['CONTACT_PRIVACY_UNSPECIFIED', 'PUBLIC_CONTACT_DATA', 'PRIVATE_CONTACT_DATA', 'REDACTED_CONTACT_DATA'], 'enumDeprecated': [False, False, True, False], 'type': 'string'}, 'type': 'array'}, 'transferLockState': {'description': 'Indicates whether the domain is protected by a transfer lock. For a transfer to succeed, this must show `UNLOCKED`. To unlock a domain, go to its current registrar.', 'enum': ['TRANSFER_LOCK_STATE_UNSPECIFIED', 'UNLOCKED', 'LOCKED'], 'type': 'string'}, 'yearlyPrice': {'$ref': '#/components/schemas/Money', 'description': 'Price to transfer or renew the domain for one year.'}}, 'type': 'object'} is not valid under any of the given schemas
Location: N/A
Fixed: False
Source: System
Issue Source: openapi-spec-validator
Issue Target: import-url_bundled-spec
Action: COULD NOT PROCESS: Issue definition for code 'oneOf' not found in registry.
--------------------------------------------------
Time: 2025-09-30T15:06:13.944635
Issue: <unset> | N/A
Message: Path parameter '+location' for 'get' operation in '/v1beta1/{+location}/registrations:retrieveImportableDomains' was not resolved
Location: N/A
Fixed: False
Source: System
Issue Source: openapi-spec-validator
Issue Target: import-url_bundled-spec
Action: COULD NOT PROCESS: Issue definition for code '<unset>' not found in registry.
--------------------------------------------------
Time: 2025-09-30T15:06:13.960633
Issue: <unset> | N/A
Message: Path parameter '+location' for 'get' operation in '/v1beta1/{+location}/registrations:retrieveRegisterParameters' was not resolved
Location: N/A
Fixed: False
Source: System
Issue Source: openapi-spec-validator
Issue Target: import-url_bundled-spec
Action: COULD NOT PROCESS: Issue definition for code '<unset>' not found in registry.
--------------------------------------------------
Time: 2025-09-30T15:06:13.971544
Issue: <unset> | N/A
Message: Path parameter '+location' for 'get' operation in '/v1beta1/{+location}/registrations:retrieveTransferParameters' was not resolved
Location: N/A
Fixed: False
Source: System
Issue Source: openapi-spec-validator
Issue Target: import-url_bundled-spec
Action: COULD NOT PROCESS: Issue definition for code '<unset>' not found in registry.
--------------------------------------------------
Time: 2025-09-30T15:06:13.977075
Issue: <unset> | N/A
Message: Path parameter '+location' for 'get' operation in '/v1beta1/{+location}/registrations:searchDomains' was not resolved
Location: N/A
Fixed: False
Source: System
Issue Source: openapi-spec-validator
Issue Target: import-url_bundled-spec
Action: COULD NOT PROCESS: Issue definition for code '<unset>' not found in registry.
--------------------------------------------------
Time: 2025-09-30T15:06:13.987694
Issue: <unset> | N/A
Message: Path parameter '+name' for 'delete' operation in '/v1beta1/{+name}' was not resolved
Location: N/A
Fixed: False
Source: System
Issue Source: openapi-spec-validator
Issue Target: import-url_bundled-spec
Action: COULD NOT PROCESS: Issue definition for code '<unset>' not found in registry.
--------------------------------------------------
Time: 2025-09-30T15:06:13.988028
Issue: <unset> | N/A
Message: Path parameter '+name' for 'get' operation in '/v1beta1/{+name}' was not resolved
Location: N/A
Fixed: False
Source: System
Issue Source: openapi-spec-validator
Issue Target: import-url_bundled-spec
Action: COULD NOT PROCESS: Issue definition for code '<unset>' not found in registry.
--------------------------------------------------
Time: 2025-09-30T15:06:13.993366
Issue: <unset> | N/A
Message: Path parameter '+name' for 'patch' operation in '/v1beta1/{+name}' was not resolved
Location: N/A
Fixed: False
Source: System
Issue Source: openapi-spec-validator
Issue Target: import-url_bundled-spec
Action: COULD NOT PROCESS: Issue definition for code '<unset>' not found in registry.
--------------------------------------------------
Time: 2025-09-30T15:06:14.004039
Issue: <unset> | N/A
Message: Path parameter '+name' for 'get' operation in '/v1beta1/{+name}/locations' was not resolved
Location: N/A
Fixed: False
Source: System
Issue Source: openapi-spec-validator
Issue Target: import-url_bundled-spec
Action: COULD NOT PROCESS: Issue definition for code '<unset>' not found in registry.
--------------------------------------------------
Time: 2025-09-30T15:06:14.009648
Issue: <unset> | N/A
Message: Path parameter '+name' for 'get' operation in '/v1beta1/{+name}/operations' was not resolved
Location: N/A
Fixed: False
Source: System
Issue Source: openapi-spec-validator
Issue Target: import-url_bundled-spec
Action: COULD NOT PROCESS: Issue definition for code '<unset>' not found in registry.
--------------------------------------------------
Time: 2025-09-30T15:06:14.015165
Issue: <unset> | N/A
Message: Path parameter '+name' for 'post' operation in '/v1beta1/{+name}:export' was not resolved
Location: N/A
Fixed: False
Source: System
Issue Source: openapi-spec-validator
Issue Target: import-url_bundled-spec
Action: COULD NOT PROCESS: Issue definition for code '<unset>' not found in registry.
--------------------------------------------------
Time: 2025-09-30T15:06:14.015512
Issue: <unset> | N/A
Message: Path parameter '+parent' for 'get' operation in '/v1beta1/{+parent}/registrations' was not resolved
Location: N/A
Fixed: False
Source: System
Issue Source: openapi-spec-validator
Issue Target: import-url_bundled-spec
Action: COULD NOT PROCESS: Issue definition for code '<unset>' not found in registry.
--------------------------------------------------
Time: 2025-09-30T15:06:14.015694
Issue: <unset> | N/A
Message: Path parameter '+parent' for 'post' operation in '/v1beta1/{+parent}/registrations:import' was not resolved
Location: N/A
Fixed: False
Source: System
Issue Source: openapi-spec-validator
Issue Target: import-url_bundled-spec
Action: COULD NOT PROCESS: Issue definition for code '<unset>' not found in registry.
--------------------------------------------------
Time: 2025-09-30T15:06:14.015855
Issue: <unset> | N/A
Message: Path parameter '+parent' for 'post' operation in '/v1beta1/{+parent}/registrations:register' was not resolved
Location: N/A
Fixed: False
Source: System
Issue Source: openapi-spec-validator
Issue Target: import-url_bundled-spec
Action: COULD NOT PROCESS: Issue definition for code '<unset>' not found in registry.
--------------------------------------------------
Time: 2025-09-30T15:06:14.016011
Issue: <unset> | N/A
Message: Path parameter '+parent' for 'post' operation in '/v1beta1/{+parent}/registrations:transfer' was not resolved
Location: N/A
Fixed: False
Source: System
Issue Source: openapi-spec-validator
Issue Target: import-url_bundled-spec
Action: COULD NOT PROCESS: Issue definition for code '<unset>' not found in registry.
--------------------------------------------------
Time: 2025-09-30T15:06:14.021410
Issue: <unset> | N/A
Message: Path parameter '+registration' for 'post' operation in '/v1beta1/{+registration}:configureContactSettings' was not resolved
Location: N/A
Fixed: False
Source: System
Issue Source: openapi-spec-validator
Issue Target: import-url_bundled-spec
Action: COULD NOT PROCESS: Issue definition for code '<unset>' not found in registry.
--------------------------------------------------
Time: 2025-09-30T15:06:14.032232
Issue: <unset> | N/A
Message: Path parameter '+registration' for 'post' operation in '/v1beta1/{+registration}:configureDnsSettings' was not resolved
Location: N/A
Fixed: False
Source: System
Issue Source: openapi-spec-validator
Issue Target: import-url_bundled-spec
Action: COULD NOT PROCESS: Issue definition for code '<unset>' not found in registry.
--------------------------------------------------
Time: 2025-09-30T15:06:14.043247
Issue: <unset> | N/A
Message: Path parameter '+registration' for 'post' operation in '/v1beta1/{+registration}:configureManagementSettings' was not resolved
Location: N/A
Fixed: False
Source: System
Issue Source: openapi-spec-validator
Issue Target: import-url_bundled-spec
Action: COULD NOT PROCESS: Issue definition for code '<unset>' not found in registry.
--------------------------------------------------
Time: 2025-09-30T15:06:14.053905
Issue: <unset> | N/A
Message: Path parameter '+registration' for 'post' operation in '/v1beta1/{+registration}:initiatePushTransfer' was not resolved
Location: N/A
Fixed: False
Source: System
Issue Source: openapi-spec-validator
Issue Target: import-url_bundled-spec
Action: COULD NOT PROCESS: Issue definition for code '<unset>' not found in registry.
--------------------------------------------------
Time: 2025-09-30T15:06:14.064765
Issue: <unset> | N/A
Message: Path parameter '+registration' for 'post' operation in '/v1beta1/{+registration}:renewDomain' was not resolved
Location: N/A
Fixed: False
Source: System
Issue Source: openapi-spec-validator
Issue Target: import-url_bundled-spec
Action: COULD NOT PROCESS: Issue definition for code '<unset>' not found in registry.
--------------------------------------------------
Time: 2025-09-30T15:06:14.075489
Issue: <unset> | N/A
Message: Path parameter '+registration' for 'post' operation in '/v1beta1/{+registration}:resetAuthorizationCode' was not resolved
Location: N/A
Fixed: False
Source: System
Issue Source: openapi-spec-validator
Issue Target: import-url_bundled-spec
Action: COULD NOT PROCESS: Issue definition for code '<unset>' not found in registry.
--------------------------------------------------
Time: 2025-09-30T15:06:14.075862
Issue: <unset> | N/A
Message: Path parameter '+registration' for 'get' operation in '/v1beta1/{+registration}:retrieveAuthorizationCode' was not resolved
Location: N/A
Fixed: False
Source: System
Issue Source: openapi-spec-validator
Issue Target: import-url_bundled-spec
Action: COULD NOT PROCESS: Issue definition for code '<unset>' not found in registry.
--------------------------------------------------
Time: 2025-09-30T15:06:14.086671
Issue: <unset> | N/A
Message: Path parameter '+registration' for 'get' operation in '/v1beta1/{+registration}:retrieveGoogleDomainsDnsRecords' was not resolved
Location: N/A
Fixed: False
Source: System
Issue Source: openapi-spec-validator
Issue Target: import-url_bundled-spec
Action: COULD NOT PROCESS: Issue definition for code '<unset>' not found in registry.
--------------------------------------------------
Time: 2025-09-30T15:06:14.097662
Issue: <unset> | N/A
Message: Path parameter '+registration' for 'get' operation in '/v1beta1/{+registration}:retrieveGoogleDomainsForwardingConfig' was not resolved
Location: N/A
Fixed: False
Source: System
Issue Source: openapi-spec-validator
Issue Target: import-url_bundled-spec
Action: COULD NOT PROCESS: Issue definition for code '<unset>' not found in registry.
--------------------------------------------------
Time: 2025-09-30T15:06:14.108604
Issue: <unset> | N/A
Message: Path parameter '+resource' for 'get' operation in '/v1beta1/{+resource}:getIamPolicy' was not resolved
Location: N/A
Fixed: False
Source: System
Issue Source: openapi-spec-validator
Issue Target: import-url_bundled-spec
Action: COULD NOT PROCESS: Issue definition for code '<unset>' not found in registry.
--------------------------------------------------
Time: 2025-09-30T15:06:14.113479
Issue: <unset> | N/A
Message: Path parameter '+resource' for 'post' operation in '/v1beta1/{+resource}:setIamPolicy' was not resolved
Location: N/A
Fixed: False
Source: System
Issue Source: openapi-spec-validator
Issue Target: import-url_bundled-spec
Action: COULD NOT PROCESS: Issue definition for code '<unset>' not found in registry.
--------------------------------------------------
Time: 2025-09-30T15:06:14.114774
Issue: <unset> | N/A
Message: Path parameter '+resource' for 'post' operation in '/v1beta1/{+resource}:testIamPermissions' was not resolved
Location: N/A
Fixed: False
Source: System
Issue Source: openapi-spec-validator
Issue Target: import-url_bundled-spec
Action: COULD NOT PROCESS: Issue definition for code '<unset>' not found in registry.
--------------------------------------------------
Time: 2025-09-30T15:06:14.116094
Issue: no-server-trailing-slash | N/A
Message: Server `url` should not have a trailing slash. [path: servers.0.url]
Location: N/A
Fixed: False
Source: System
Issue Source: redocly-validator
Issue Target: import-url_bundled-spec
Action: COULD NOT PROCESS: Issue definition for code 'no-server-trailing-slash' not found in registry.
--------------------------------------------------
Time: 2025-09-30T15:06:14.116902
Issue: operation-summary | N/A
Message: Operation object should contain `summary` field. [path: paths./v1beta1/{+location}/registrations:retrieveImportableDomains.get.summary]
Location: N/A
Fixed: False
Source: System
Issue Source: redocly-validator
Issue Target: import-url_bundled-spec
Action: COULD NOT PROCESS: Issue definition for code 'operation-summary' not found in registry.
--------------------------------------------------
Time: 2025-09-30T15:06:14.117873
Issue: path-parameters-defined | N/A
Message: Path parameter `location` is not used in the path `/v1beta1/{+location}/registrations:retrieveImportableDomains`. [path: paths./v1beta1/{+location}/registrations:retrieveImportableDomains.get.parameters.0.name]
Location: N/A
Fixed: False
Source: System
Issue Source: redocly-validator
Issue Target: import-url_bundled-spec
Action: COULD NOT PROCESS: Issue definition for code 'path-parameters-defined' not found in registry.
--------------------------------------------------
Time: 2025-09-30T15:06:14.118402
Issue: operation-summary | N/A
Message: Operation object should contain `summary` field. [path: paths./v1beta1/{+location}/registrations:retrieveRegisterParameters.get.summary]
Location: N/A
Fixed: False
Source: System
Issue Source: redocly-validator
Issue Target: import-url_bundled-spec
Action: COULD NOT PROCESS: Issue definition for code 'operation-summary' not found in registry.
--------------------------------------------------
Time: 2025-09-30T15:06:14.118587
Issue: path-parameters-defined | N/A
Message: Path parameter `location` is not used in the path `/v1beta1/{+location}/registrations:retrieveRegisterParameters`. [path: paths./v1beta1/{+location}/registrations:retrieveRegisterParameters.get.parameters.0.name]
Location: N/A
Fixed: False
Source: System
Issue Source: redocly-validator
Issue Target: import-url_bundled-spec
Action: COULD NOT PROCESS: Issue definition for code 'path-parameters-defined' not found in registry.
--------------------------------------------------
Time: 2025-09-30T15:06:14.118709
Issue: struct | N/A
Message: Property `enumDeprecated` is not expected here. [path: components.schemas.RegisterParameters.properties.supportedPrivacy.items.enumDeprecated]
Location: N/A
Fixed: False
Source: System
Issue Source: redocly-validator
Issue Target: import-url_bundled-spec
Action: COULD NOT PROCESS: Issue definition for code 'struct' not found in registry.
--------------------------------------------------
Time: 2025-09-30T15:06:14.118838
Issue: operation-summary | N/A
Message: Operation object should contain `summary` field. [path: paths./v1beta1/{+location}/registrations:retrieveTransferParameters.get.summary]
Location: N/A
Fixed: False
Source: System
Issue Source: redocly-validator
Issue Target: import-url_bundled-spec
Action: COULD NOT PROCESS: Issue definition for code 'operation-summary' not found in registry.
--------------------------------------------------
Time: 2025-09-30T15:06:14.118968
Issue: path-parameters-defined | N/A
Message: Path parameter `location` is not used in the path `/v1beta1/{+location}/registrations:retrieveTransferParameters`. [path: paths./v1beta1/{+location}/registrations:retrieveTransferParameters.get.parameters.0.name]
Location: N/A
Fixed: False
Source: System
Issue Source: redocly-validator
Issue Target: import-url_bundled-spec
Action: COULD NOT PROCESS: Issue definition for code 'path-parameters-defined' not found in registry.
--------------------------------------------------
Time: 2025-09-30T15:06:14.119080
Issue: struct | N/A
Message: Property `enumDeprecated` is not expected here. [path: components.schemas.TransferParameters.properties.supportedPrivacy.items.enumDeprecated]
Location: N/A
Fixed: False
Source: System
Issue Source: redocly-validator
Issue Target: import-url_bundled-spec
Action: COULD NOT PROCESS: Issue definition for code 'struct' not found in registry.
--------------------------------------------------
Time: 2025-09-30T15:06:14.119206
Issue: operation-summary | N/A
Message: Operation object should contain `summary` field. [path: paths./v1beta1/{+location}/registrations:searchDomains.get.summary]
Location: N/A
Fixed: False
Source: System
Issue Source: redocly-validator
Issue Target: import-url_bundled-spec
Action: COULD NOT PROCESS: Issue definition for code 'operation-summary' not found in registry.
--------------------------------------------------
Time: 2025-09-30T15:06:14.119314
Issue: path-parameters-defined | N/A
Message: Path parameter `location` is not used in the path `/v1beta1/{+location}/registrations:searchDomains`. [path: paths./v1beta1/{+location}/registrations:searchDomains.get.parameters.0.name]
Location: N/A
Fixed: False
Source: System
Issue Source: redocly-validator
Issue Target: import-url_bundled-spec
Action: COULD NOT PROCESS: Issue definition for code 'path-parameters-defined' not found in registry.
--------------------------------------------------
Time: 2025-09-30T15:06:14.119443
Issue: operation-summary | N/A
Message: Operation object should contain `summary` field. [path: paths./v1beta1/{+name}.get.summary]
Location: N/A
Fixed: False
Source: System
Issue Source: redocly-validator
Issue Target: import-url_bundled-spec
Action: COULD NOT PROCESS: Issue definition for code 'operation-summary' not found in registry.
--------------------------------------------------
Time: 2025-09-30T15:06:14.119726
Issue: path-parameters-defined | N/A
Message: Path parameter `name` is not used in the path `/v1beta1/{+name}`. [path: paths./v1beta1/{+name}.get.parameters.0.name]
Location: N/A
Fixed: False
Source: System
Issue Source: redocly-validator
Issue Target: import-url_bundled-spec
Action: COULD NOT PROCESS: Issue definition for code 'path-parameters-defined' not found in registry.
--------------------------------------------------
Time: 2025-09-30T15:06:14.120261
Issue: struct | N/A
Message: Property `enumDeprecated` is not expected here. [path: components.schemas.ContactSettings.properties.privacy.enumDeprecated]
Location: N/A
Fixed: False
Source: System
Issue Source: redocly-validator
Issue Target: import-url_bundled-spec
Action: COULD NOT PROCESS: Issue definition for code 'struct' not found in registry.
--------------------------------------------------
Time: 2025-09-30T15:06:14.120475
Issue: struct | N/A
Message: Property `enumDeprecated` is not expected here. [path: components.schemas.ManagementSettings.properties.preferredRenewalMethod.enumDeprecated]
Location: N/A
Fixed: False
Source: System
Issue Source: redocly-validator
Issue Target: import-url_bundled-spec
Action: COULD NOT PROCESS: Issue definition for code 'struct' not found in registry.
--------------------------------------------------
Time: 2025-09-30T15:06:14.120772
Issue: struct | N/A
Message: Property `enumDeprecated` is not expected here. [path: components.schemas.ManagementSettings.properties.renewalMethod.enumDeprecated]
Location: N/A
Fixed: False
Source: System
Issue Source: redocly-validator
Issue Target: import-url_bundled-spec
Action: COULD NOT PROCESS: Issue definition for code 'struct' not found in registry.
--------------------------------------------------
Time: 2025-09-30T15:06:14.121082
Issue: struct | N/A
Message: Property `enumDeprecated` is not expected here. [path: components.schemas.Registration.properties.state.enumDeprecated]
Location: N/A
Fixed: False
Source: System
Issue Source: redocly-validator
Issue Target: import-url_bundled-spec
Action: COULD NOT PROCESS: Issue definition for code 'struct' not found in registry.
--------------------------------------------------
Time: 2025-09-30T15:06:14.121283
Issue: struct | N/A
Message: Property `enumDeprecated` is not expected here. [path: components.schemas.Registration.properties.supportedPrivacy.items.enumDeprecated]
Location: N/A
Fixed: False
Source: System
Issue Source: redocly-validator
Issue Target: import-url_bundled-spec
Action: COULD NOT PROCESS: Issue definition for code 'struct' not found in registry.
--------------------------------------------------
Time: 2025-09-30T15:06:14.121415
Issue: operation-summary | N/A
Message: Operation object should contain `summary` field. [path: paths./v1beta1/{+name}.delete.summary]
Location: N/A
Fixed: False
Source: System
Issue Source: redocly-validator
Issue Target: import-url_bundled-spec
Action: COULD NOT PROCESS: Issue definition for code 'operation-summary' not found in registry.
--------------------------------------------------
Time: 2025-09-30T15:06:14.121529
Issue: path-parameters-defined | N/A
Message: Path parameter `name` is not used in the path `/v1beta1/{+name}`. [path: paths./v1beta1/{+name}.delete.parameters.0.name]
Location: N/A
Fixed: False
Source: System
Issue Source: redocly-validator
Issue Target: import-url_bundled-spec
Action: COULD NOT PROCESS: Issue definition for code 'path-parameters-defined' not found in registry.
--------------------------------------------------
Time: 2025-09-30T15:06:14.121636
Issue: operation-summary | N/A
Message: Operation object should contain `summary` field. [path: paths./v1beta1/{+name}.patch.summary]
Location: N/A
Fixed: False
Source: System
Issue Source: redocly-validator
Issue Target: import-url_bundled-spec
Action: COULD NOT PROCESS: Issue definition for code 'operation-summary' not found in registry.
--------------------------------------------------
Time: 2025-09-30T15:06:14.121746
Issue: path-parameters-defined | N/A
Message: Path parameter `name` is not used in the path `/v1beta1/{+name}`. [path: paths./v1beta1/{+name}.patch.parameters.0.name]
Location: N/A
Fixed: False
Source: System
Issue Source: redocly-validator
Issue Target: import-url_bundled-spec
Action: COULD NOT PROCESS: Issue definition for code 'path-parameters-defined' not found in registry.
--------------------------------------------------
Time: 2025-09-30T15:06:14.121894
Issue: operation-summary | N/A
Message: Operation object should contain `summary` field. [path: paths./v1beta1/{+name}/locations.get.summary]
Location: N/A
Fixed: False
Source: System
Issue Source: redocly-validator
Issue Target: import-url_bundled-spec
Action: COULD NOT PROCESS: Issue definition for code 'operation-summary' not found in registry.
--------------------------------------------------
Time: 2025-09-30T15:06:14.122060
Issue: path-parameters-defined | N/A
Message: Path parameter `name` is not used in the path `/v1beta1/{+name}/locations`. [path: paths./v1beta1/{+name}/locations.get.parameters.0.name]
Location: N/A
Fixed: False
Source: System
Issue Source: redocly-validator
Issue Target: import-url_bundled-spec
Action: COULD NOT PROCESS: Issue definition for code 'path-parameters-defined' not found in registry.
--------------------------------------------------
Time: 2025-09-30T15:06:14.122251
Issue: operation-summary | N/A
Message: Operation object should contain `summary` field. [path: paths./v1beta1/{+name}/operations.get.summary]
Location: N/A
Fixed: False
Source: System
Issue Source: redocly-validator
Issue Target: import-url_bundled-spec
Action: COULD NOT PROCESS: Issue definition for code 'operation-summary' not found in registry.
--------------------------------------------------
Time: 2025-09-30T15:06:14.122431
Issue: path-parameters-defined | N/A
Message: Path parameter `name` is not used in the path `/v1beta1/{+name}/operations`. [path: paths./v1beta1/{+name}/operations.get.parameters.0.name]
Location: N/A
Fixed: False
Source: System
Issue Source: redocly-validator
Issue Target: import-url_bundled-spec
Action: COULD NOT PROCESS: Issue definition for code 'path-parameters-defined' not found in registry.
--------------------------------------------------
Time: 2025-09-30T15:06:14.122633
Issue: operation-summary | N/A
Message: Operation object should contain `summary` field. [path: paths./v1beta1/{+name}:export.post.summary]
Location: N/A
Fixed: False
Source: System
Issue Source: redocly-validator
Issue Target: import-url_bundled-spec
Action: COULD NOT PROCESS: Issue definition for code 'operation-summary' not found in registry.
--------------------------------------------------
Time: 2025-09-30T15:06:14.122812
Issue: path-parameters-defined | N/A
Message: Path parameter `name` is not used in the path `/v1beta1/{+name}:export`. [path: paths./v1beta1/{+name}:export.post.parameters.0.name]
Location: N/A
Fixed: False
Source: System
Issue Source: redocly-validator
Issue Target: import-url_bundled-spec
Action: COULD NOT PROCESS: Issue definition for code 'path-parameters-defined' not found in registry.
--------------------------------------------------
Time: 2025-09-30T15:06:14.122986
Issue: operation-summary | N/A
Message: Operation object should contain `summary` field. [path: paths./v1beta1/{+parent}/registrations.get.summary]
Location: N/A
Fixed: False
Source: System
Issue Source: redocly-validator
Issue Target: import-url_bundled-spec
Action: COULD NOT PROCESS: Issue definition for code 'operation-summary' not found in registry.
--------------------------------------------------
Time: 2025-09-30T15:06:14.123142
Issue: path-parameters-defined | N/A
Message: Path parameter `parent` is not used in the path `/v1beta1/{+parent}/registrations`. [path: paths./v1beta1/{+parent}/registrations.get.parameters.0.name]
Location: N/A
Fixed: False
Source: System
Issue Source: redocly-validator
Issue Target: import-url_bundled-spec
Action: COULD NOT PROCESS: Issue definition for code 'path-parameters-defined' not found in registry.
--------------------------------------------------
Time: 2025-09-30T15:06:14.123271
Issue: operation-summary | N/A
Message: Operation object should contain `summary` field. [path: paths./v1beta1/{+parent}/registrations:import.post.summary]
Location: N/A
Fixed: False
Source: System
Issue Source: redocly-validator
Issue Target: import-url_bundled-spec
Action: COULD NOT PROCESS: Issue definition for code 'operation-summary' not found in registry.
--------------------------------------------------
Time: 2025-09-30T15:06:14.123385
Issue: path-parameters-defined | N/A
Message: Path parameter `parent` is not used in the path `/v1beta1/{+parent}/registrations:import`. [path: paths./v1beta1/{+parent}/registrations:import.post.parameters.0.name]
Location: N/A
Fixed: False
Source: System
Issue Source: redocly-validator
Issue Target: import-url_bundled-spec
Action: COULD NOT PROCESS: Issue definition for code 'path-parameters-defined' not found in registry.
--------------------------------------------------
Time: 2025-09-30T15:06:14.123539
Issue: operation-summary | N/A
Message: Operation object should contain `summary` field. [path: paths./v1beta1/{+parent}/registrations:register.post.summary]
Location: N/A
Fixed: False
Source: System
Issue Source: redocly-validator
Issue Target: import-url_bundled-spec
Action: COULD NOT PROCESS: Issue definition for code 'operation-summary' not found in registry.
--------------------------------------------------
Time: 2025-09-30T15:06:14.123679
Issue: path-parameters-defined | N/A
Message: Path parameter `parent` is not used in the path `/v1beta1/{+parent}/registrations:register`. [path: paths./v1beta1/{+parent}/registrations:register.post.parameters.0.name]
Location: N/A
Fixed: False
Source: System
Issue Source: redocly-validator
Issue Target: import-url_bundled-spec
Action: COULD NOT PROCESS: Issue definition for code 'path-parameters-defined' not found in registry.
--------------------------------------------------
Time: 2025-09-30T15:06:14.123780
Issue: operation-summary | N/A
Message: Operation object should contain `summary` field. [path: paths./v1beta1/{+parent}/registrations:transfer.post.summary]
Location: N/A
Fixed: False
Source: System
Issue Source: redocly-validator
Issue Target: import-url_bundled-spec
Action: COULD NOT PROCESS: Issue definition for code 'operation-summary' not found in registry.
--------------------------------------------------
Time: 2025-09-30T15:06:14.123887
Issue: path-parameters-defined | N/A
Message: Path parameter `parent` is not used in the path `/v1beta1/{+parent}/registrations:transfer`. [path: paths./v1beta1/{+parent}/registrations:transfer.post.parameters.0.name]
Location: N/A
Fixed: False
Source: System
Issue Source: redocly-validator
Issue Target: import-url_bundled-spec
Action: COULD NOT PROCESS: Issue definition for code 'path-parameters-defined' not found in registry.
--------------------------------------------------
Time: 2025-09-30T15:06:14.124006
Issue: operation-summary | N/A
Message: Operation object should contain `summary` field. [path: paths./v1beta1/{+registration}:configureContactSettings.post.summary]
Location: N/A
Fixed: False
Source: System
Issue Source: redocly-validator
Issue Target: import-url_bundled-spec
Action: COULD NOT PROCESS: Issue definition for code 'operation-summary' not found in registry.
--------------------------------------------------
Time: 2025-09-30T15:06:14.124206
Issue: path-parameters-defined | N/A
Message: Path parameter `registration` is not used in the path `/v1beta1/{+registration}:configureContactSettings`. [path: paths./v1beta1/{+registration}:configureContactSettings.post.parameters.0.name]
Location: N/A
Fixed: False
Source: System
Issue Source: redocly-validator
Issue Target: import-url_bundled-spec
Action: COULD NOT PROCESS: Issue definition for code 'path-parameters-defined' not found in registry.
--------------------------------------------------
Time: 2025-09-30T15:06:14.124376
Issue: operation-summary | N/A
Message: Operation object should contain `summary` field. [path: paths./v1beta1/{+registration}:configureDnsSettings.post.summary]
Location: N/A
Fixed: False
Source: System
Issue Source: redocly-validator
Issue Target: import-url_bundled-spec
Action: COULD NOT PROCESS: Issue definition for code 'operation-summary' not found in registry.
--------------------------------------------------
Time: 2025-09-30T15:06:14.124528
Issue: path-parameters-defined | N/A
Message: Path parameter `registration` is not used in the path `/v1beta1/{+registration}:configureDnsSettings`. [path: paths./v1beta1/{+registration}:configureDnsSettings.post.parameters.0.name]
Location: N/A
Fixed: False
Source: System
Issue Source: redocly-validator
Issue Target: import-url_bundled-spec
Action: COULD NOT PROCESS: Issue definition for code 'path-parameters-defined' not found in registry.
--------------------------------------------------
Time: 2025-09-30T15:06:14.124694
Issue: operation-summary | N/A
Message: Operation object should contain `summary` field. [path: paths./v1beta1/{+registration}:configureManagementSettings.post.summary]
Location: N/A
Fixed: False
Source: System
Issue Source: redocly-validator
Issue Target: import-url_bundled-spec
Action: COULD NOT PROCESS: Issue definition for code 'operation-summary' not found in registry.
--------------------------------------------------
Time: 2025-09-30T15:06:14.124876
Issue: path-parameters-defined | N/A
Message: Path parameter `registration` is not used in the path `/v1beta1/{+registration}:configureManagementSettings`. [path: paths./v1beta1/{+registration}:configureManagementSettings.post.parameters.0.name]
Location: N/A
Fixed: False
Source: System
Issue Source: redocly-validator
Issue Target: import-url_bundled-spec
Action: COULD NOT PROCESS: Issue definition for code 'path-parameters-defined' not found in registry.
--------------------------------------------------
Time: 2025-09-30T15:06:14.125048
Issue: operation-summary | N/A
Message: Operation object should contain `summary` field. [path: paths./v1beta1/{+registration}:initiatePushTransfer.post.summary]
Location: N/A
Fixed: False
Source: System
Issue Source: redocly-validator
Issue Target: import-url_bundled-spec
Action: COULD NOT PROCESS: Issue definition for code 'operation-summary' not found in registry.
--------------------------------------------------
Time: 2025-09-30T15:06:14.125801
Issue: path-parameters-defined | N/A
Message: Path parameter `registration` is not used in the path `/v1beta1/{+registration}:initiatePushTransfer`. [path: paths./v1beta1/{+registration}:initiatePushTransfer.post.parameters.0.name]
Location: N/A
Fixed: False
Source: System
Issue Source: redocly-validator
Issue Target: import-url_bundled-spec
Action: COULD NOT PROCESS: Issue definition for code 'path-parameters-defined' not found in registry.
--------------------------------------------------
Time: 2025-09-30T15:06:14.126787
Issue: operation-summary | N/A
Message: Operation object should contain `summary` field. [path: paths./v1beta1/{+registration}:renewDomain.post.summary]
Location: N/A
Fixed: False
Source: System
Issue Source: redocly-validator
Issue Target: import-url_bundled-spec
Action: COULD NOT PROCESS: Issue definition for code 'operation-summary' not found in registry.
--------------------------------------------------
Time: 2025-09-30T15:06:14.127279
Issue: path-parameters-defined | N/A
Message: Path parameter `registration` is not used in the path `/v1beta1/{+registration}:renewDomain`. [path: paths./v1beta1/{+registration}:renewDomain.post.parameters.0.name]
Location: N/A
Fixed: False
Source: System
Issue Source: redocly-validator
Issue Target: import-url_bundled-spec
Action: COULD NOT PROCESS: Issue definition for code 'path-parameters-defined' not found in registry.
--------------------------------------------------
Time: 2025-09-30T15:06:14.127783
Issue: operation-summary | N/A
Message: Operation object should contain `summary` field. [path: paths./v1beta1/{+registration}:resetAuthorizationCode.post.summary]
Location: N/A
Fixed: False
Source: System
Issue Source: redocly-validator
Issue Target: import-url_bundled-spec
Action: COULD NOT PROCESS: Issue definition for code 'operation-summary' not found in registry.
--------------------------------------------------
Time: 2025-09-30T15:06:14.128150
Issue: path-parameters-defined | N/A
Message: Path parameter `registration` is not used in the path `/v1beta1/{+registration}:resetAuthorizationCode`. [path: paths./v1beta1/{+registration}:resetAuthorizationCode.post.parameters.0.name]
Location: N/A
Fixed: False
Source: System
Issue Source: redocly-validator
Issue Target: import-url_bundled-spec
Action: COULD NOT PROCESS: Issue definition for code 'path-parameters-defined' not found in registry.
--------------------------------------------------
Time: 2025-09-30T15:06:14.128483
Issue: operation-summary | N/A
Message: Operation object should contain `summary` field. [path: paths./v1beta1/{+registration}:retrieveAuthorizationCode.get.summary]
Location: N/A
Fixed: False
Source: System
Issue Source: redocly-validator
Issue Target: import-url_bundled-spec
Action: COULD NOT PROCESS: Issue definition for code 'operation-summary' not found in registry.
--------------------------------------------------
Time: 2025-09-30T15:06:14.128784
Issue: path-parameters-defined | N/A
Message: Path parameter `registration` is not used in the path `/v1beta1/{+registration}:retrieveAuthorizationCode`. [path: paths./v1beta1/{+registration}:retrieveAuthorizationCode.get.parameters.0.name]
Location: N/A
Fixed: False
Source: System
Issue Source: redocly-validator
Issue Target: import-url_bundled-spec
Action: COULD NOT PROCESS: Issue definition for code 'path-parameters-defined' not found in registry.
--------------------------------------------------
Time: 2025-09-30T15:06:14.129072
Issue: operation-summary | N/A
Message: Operation object should contain `summary` field. [path: paths./v1beta1/{+registration}:retrieveGoogleDomainsDnsRecords.get.summary]
Location: N/A
Fixed: False
Source: System
Issue Source: redocly-validator
Issue Target: import-url_bundled-spec
Action: COULD NOT PROCESS: Issue definition for code 'operation-summary' not found in registry.
--------------------------------------------------
Time: 2025-09-30T15:06:14.129502
Issue: path-parameters-defined | N/A
Message: Path parameter `registration` is not used in the path `/v1beta1/{+registration}:retrieveGoogleDomainsDnsRecords`. [path: paths./v1beta1/{+registration}:retrieveGoogleDomainsDnsRecords.get.parameters.0.name]
Location: N/A
Fixed: False
Source: System
Issue Source: redocly-validator
Issue Target: import-url_bundled-spec
Action: COULD NOT PROCESS: Issue definition for code 'path-parameters-defined' not found in registry.
--------------------------------------------------
Time: 2025-09-30T15:06:14.129743
Issue: operation-summary | N/A
Message: Operation object should contain `summary` field. [path: paths./v1beta1/{+registration}:retrieveGoogleDomainsForwardingConfig.get.summary]
Location: N/A
Fixed: False
Source: System
Issue Source: redocly-validator
Issue Target: import-url_bundled-spec
Action: COULD NOT PROCESS: Issue definition for code 'operation-summary' not found in registry.
--------------------------------------------------
Time: 2025-09-30T15:06:14.129968
Issue: path-parameters-defined | N/A
Message: Path parameter `registration` is not used in the path `/v1beta1/{+registration}:retrieveGoogleDomainsForwardingConfig`. [path: paths./v1beta1/{+registration}:retrieveGoogleDomainsForwardingConfig.get.parameters.0.name]
Location: N/A
Fixed: False
Source: System
Issue Source: redocly-validator
Issue Target: import-url_bundled-spec
Action: COULD NOT PROCESS: Issue definition for code 'path-parameters-defined' not found in registry.
--------------------------------------------------
Time: 2025-09-30T15:06:14.130176
Issue: operation-summary | N/A
Message: Operation object should contain `summary` field. [path: paths./v1beta1/{+resource}:getIamPolicy.get.summary]
Location: N/A
Fixed: False
Source: System
Issue Source: redocly-validator
Issue Target: import-url_bundled-spec
Action: COULD NOT PROCESS: Issue definition for code 'operation-summary' not found in registry.
--------------------------------------------------
Time: 2025-09-30T15:06:14.130388
Issue: path-parameters-defined | N/A
Message: Path parameter `resource` is not used in the path `/v1beta1/{+resource}:getIamPolicy`. [path: paths./v1beta1/{+resource}:getIamPolicy.get.parameters.0.name]
Location: N/A
Fixed: False
Source: System
Issue Source: redocly-validator
Issue Target: import-url_bundled-spec
Action: COULD NOT PROCESS: Issue definition for code 'path-parameters-defined' not found in registry.
--------------------------------------------------
Time: 2025-09-30T15:06:14.130552
Issue: operation-summary | N/A
Message: Operation object should contain `summary` field. [path: paths./v1beta1/{+resource}:setIamPolicy.post.summary]
Location: N/A
Fixed: False
Source: System
Issue Source: redocly-validator
Issue Target: import-url_bundled-spec
Action: COULD NOT PROCESS: Issue definition for code 'operation-summary' not found in registry.
--------------------------------------------------
Time: 2025-09-30T15:06:14.130706
Issue: path-parameters-defined | N/A
Message: Path parameter `resource` is not used in the path `/v1beta1/{+resource}:setIamPolicy`. [path: paths./v1beta1/{+resource}:setIamPolicy.post.parameters.0.name]
Location: N/A
Fixed: False
Source: System
Issue Source: redocly-validator
Issue Target: import-url_bundled-spec
Action: COULD NOT PROCESS: Issue definition for code 'path-parameters-defined' not found in registry.
--------------------------------------------------
Time: 2025-09-30T15:06:14.130838
Issue: operation-summary | N/A
Message: Operation object should contain `summary` field. [path: paths./v1beta1/{+resource}:testIamPermissions.post.summary]
Location: N/A
Fixed: False
Source: System
Issue Source: redocly-validator
Issue Target: import-url_bundled-spec
Action: COULD NOT PROCESS: Issue definition for code 'operation-summary' not found in registry.
--------------------------------------------------
Time: 2025-09-30T15:06:14.130936
Issue: path-parameters-defined | N/A
Message: Path parameter `resource` is not used in the path `/v1beta1/{+resource}:testIamPermissions`. [path: paths./v1beta1/{+resource}:testIamPermissions.post.parameters.0.name]
Location: N/A
Fixed: False
Source: System
Issue Source: redocly-validator
Issue Target: import-url_bundled-spec
Action: COULD NOT PROCESS: Issue definition for code 'path-parameters-defined' not found in registry.
--------------------------------------------------
Time: 2025-09-30T15:06:14.131042
Issue: tag-description | N/A
Message: Tag object should contain `description` field. [path: tags.0.description]
Location: N/A
Fixed: False
Source: System
Issue Source: redocly-validator
Issue Target: import-url_bundled-spec
Action: COULD NOT PROCESS: Issue definition for code 'tag-description' not found in registry.
--------------------------------------------------
Time: 2025-09-30T15:06:14.131199
Issue: operation-4xx-response | N/A
Message: Operation must have at least one `4XX` response. [path: paths./v1beta1/{+location}/registrations:retrieveImportableDomains.get.responses]
Location: N/A
Fixed: False
Source: System
Issue Source: redocly-validator
Issue Target: import-url_bundled-spec
Action: COULD NOT PROCESS: Issue definition for code 'operation-4xx-response' not found in registry.
--------------------------------------------------
Time: 2025-09-30T15:06:14.131348
Issue: operation-4xx-response | N/A
Message: Operation must have at least one `4XX` response. [path: paths./v1beta1/{+location}/registrations:retrieveRegisterParameters.get.responses]
Location: N/A
Fixed: False
Source: System
Issue Source: redocly-validator
Issue Target: import-url_bundled-spec
Action: COULD NOT PROCESS: Issue definition for code 'operation-4xx-response' not found in registry.
--------------------------------------------------
Time: 2025-09-30T15:06:14.131506
Issue: operation-4xx-response | N/A
Message: Operation must have at least one `4XX` response. [path: paths./v1beta1/{+location}/registrations:retrieveTransferParameters.get.responses]
Location: N/A
Fixed: False
Source: System
Issue Source: redocly-validator
Issue Target: import-url_bundled-spec
Action: COULD NOT PROCESS: Issue definition for code 'operation-4xx-response' not found in registry.
--------------------------------------------------
Time: 2025-09-30T15:06:14.131673
Issue: operation-4xx-response | N/A
Message: Operation must have at least one `4XX` response. [path: paths./v1beta1/{+location}/registrations:searchDomains.get.responses]
Location: N/A
Fixed: False
Source: System
Issue Source: redocly-validator
Issue Target: import-url_bundled-spec
Action: COULD NOT PROCESS: Issue definition for code 'operation-4xx-response' not found in registry.
--------------------------------------------------
Time: 2025-09-30T15:06:14.131905
Issue: operation-4xx-response | N/A
Message: Operation must have at least one `4XX` response. [path: paths./v1beta1/{+name}.get.responses]
Location: N/A
Fixed: False
Source: System
Issue Source: redocly-validator
Issue Target: import-url_bundled-spec
Action: COULD NOT PROCESS: Issue definition for code 'operation-4xx-response' not found in registry.
--------------------------------------------------
Time: 2025-09-30T15:06:14.132063
Issue: operation-4xx-response | N/A
Message: Operation must have at least one `4XX` response. [path: paths./v1beta1/{+name}.delete.responses]
Location: N/A
Fixed: False
Source: System
Issue Source: redocly-validator
Issue Target: import-url_bundled-spec
Action: COULD NOT PROCESS: Issue definition for code 'operation-4xx-response' not found in registry.
--------------------------------------------------
Time: 2025-09-30T15:06:14.132389
Issue: operation-4xx-response | N/A
Message: Operation must have at least one `4XX` response. [path: paths./v1beta1/{+name}.patch.responses]
Location: N/A
Fixed: False
Source: System
Issue Source: redocly-validator
Issue Target: import-url_bundled-spec
Action: COULD NOT PROCESS: Issue definition for code 'operation-4xx-response' not found in registry.
--------------------------------------------------
Time: 2025-09-30T15:06:14.132647
Issue: operation-4xx-response | N/A
Message: Operation must have at least one `4XX` response. [path: paths./v1beta1/{+name}/locations.get.responses]
Location: N/A
Fixed: False
Source: System
Issue Source: redocly-validator
Issue Target: import-url_bundled-spec
Action: COULD NOT PROCESS: Issue definition for code 'operation-4xx-response' not found in registry.
--------------------------------------------------
Time: 2025-09-30T15:06:14.133251
Issue: operation-4xx-response | N/A
Message: Operation must have at least one `4XX` response. [path: paths./v1beta1/{+name}/operations.get.responses]
Location: N/A
Fixed: False
Source: System
Issue Source: redocly-validator
Issue Target: import-url_bundled-spec
Action: COULD NOT PROCESS: Issue definition for code 'operation-4xx-response' not found in registry.
--------------------------------------------------
Time: 2025-09-30T15:06:14.133651
Issue: operation-4xx-response | N/A
Message: Operation must have at least one `4XX` response. [path: paths./v1beta1/{+name}:export.post.responses]
Location: N/A
Fixed: False
Source: System
Issue Source: redocly-validator
Issue Target: import-url_bundled-spec
Action: COULD NOT PROCESS: Issue definition for code 'operation-4xx-response' not found in registry.
--------------------------------------------------
Time: 2025-09-30T15:06:14.133966
Issue: operation-4xx-response | N/A
Message: Operation must have at least one `4XX` response. [path: paths./v1beta1/{+parent}/registrations.get.responses]
Location: N/A
Fixed: False
Source: System
Issue Source: redocly-validator
Issue Target: import-url_bundled-spec
Action: COULD NOT PROCESS: Issue definition for code 'operation-4xx-response' not found in registry.
--------------------------------------------------
Time: 2025-09-30T15:06:14.134265
Issue: operation-4xx-response | N/A
Message: Operation must have at least one `4XX` response. [path: paths./v1beta1/{+parent}/registrations:import.post.responses]
Location: N/A
Fixed: False
Source: System
Issue Source: redocly-validator
Issue Target: import-url_bundled-spec
Action: COULD NOT PROCESS: Issue definition for code 'operation-4xx-response' not found in registry.
--------------------------------------------------
Time: 2025-09-30T15:06:14.134540
Issue: operation-4xx-response | N/A
Message: Operation must have at least one `4XX` response. [path: paths./v1beta1/{+parent}/registrations:register.post.responses]
Location: N/A
Fixed: False
Source: System
Issue Source: redocly-validator
Issue Target: import-url_bundled-spec
Action: COULD NOT PROCESS: Issue definition for code 'operation-4xx-response' not found in registry.
--------------------------------------------------
Time: 2025-09-30T15:06:14.134811
Issue: operation-4xx-response | N/A
Message: Operation must have at least one `4XX` response. [path: paths./v1beta1/{+parent}/registrations:transfer.post.responses]
Location: N/A
Fixed: False
Source: System
Issue Source: redocly-validator
Issue Target: import-url_bundled-spec
Action: COULD NOT PROCESS: Issue definition for code 'operation-4xx-response' not found in registry.
--------------------------------------------------
Time: 2025-09-30T15:06:14.135073
Issue: operation-4xx-response | N/A
Message: Operation must have at least one `4XX` response. [path: paths./v1beta1/{+registration}:configureContactSettings.post.responses]
Location: N/A
Fixed: False
Source: System
Issue Source: redocly-validator
Issue Target: import-url_bundled-spec
Action: COULD NOT PROCESS: Issue definition for code 'operation-4xx-response' not found in registry.
--------------------------------------------------
Time: 2025-09-30T15:06:14.135359
Issue: operation-4xx-response | N/A
Message: Operation must have at least one `4XX` response. [path: paths./v1beta1/{+registration}:configureDnsSettings.post.responses]
Location: N/A
Fixed: False
Source: System
Issue Source: redocly-validator
Issue Target: import-url_bundled-spec
Action: COULD NOT PROCESS: Issue definition for code 'operation-4xx-response' not found in registry.
--------------------------------------------------
Time: 2025-09-30T15:06:14.135605
Issue: operation-4xx-response | N/A
Message: Operation must have at least one `4XX` response. [path: paths./v1beta1/{+registration}:configureManagementSettings.post.responses]
Location: N/A
Fixed: False
Source: System
Issue Source: redocly-validator
Issue Target: import-url_bundled-spec
Action: COULD NOT PROCESS: Issue definition for code 'operation-4xx-response' not found in registry.
--------------------------------------------------
Time: 2025-09-30T15:06:14.135858
Issue: operation-4xx-response | N/A
Message: Operation must have at least one `4XX` response. [path: paths./v1beta1/{+registration}:initiatePushTransfer.post.responses]
Location: N/A
Fixed: False
Source: System
Issue Source: redocly-validator
Issue Target: import-url_bundled-spec
Action: COULD NOT PROCESS: Issue definition for code 'operation-4xx-response' not found in registry.
--------------------------------------------------
Time: 2025-09-30T15:06:14.136096
Issue: operation-4xx-response | N/A
Message: Operation must have at least one `4XX` response. [path: paths./v1beta1/{+registration}:renewDomain.post.responses]
Location: N/A
Fixed: False
Source: System
Issue Source: redocly-validator
Issue Target: import-url_bundled-spec
Action: COULD NOT PROCESS: Issue definition for code 'operation-4xx-response' not found in registry.
--------------------------------------------------
Time: 2025-09-30T15:06:14.136394
Issue: operation-4xx-response | N/A
Message: Operation must have at least one `4XX` response. [path: paths./v1beta1/{+registration}:resetAuthorizationCode.post.responses]
Location: N/A
Fixed: False
Source: System
Issue Source: redocly-validator
Issue Target: import-url_bundled-spec
Action: COULD NOT PROCESS: Issue definition for code 'operation-4xx-response' not found in registry.
--------------------------------------------------
Time: 2025-09-30T15:06:14.136664
Issue: operation-4xx-response | N/A
Message: Operation must have at least one `4XX` response. [path: paths./v1beta1/{+registration}:retrieveAuthorizationCode.get.responses]
Location: N/A
Fixed: False
Source: System
Issue Source: redocly-validator
Issue Target: import-url_bundled-spec
Action: COULD NOT PROCESS: Issue definition for code 'operation-4xx-response' not found in registry.
--------------------------------------------------
Time: 2025-09-30T15:06:14.136899
Issue: operation-4xx-response | N/A
Message: Operation must have at least one `4XX` response. [path: paths./v1beta1/{+registration}:retrieveGoogleDomainsDnsRecords.get.responses]
Location: N/A
Fixed: False
Source: System
Issue Source: redocly-validator
Issue Target: import-url_bundled-spec
Action: COULD NOT PROCESS: Issue definition for code 'operation-4xx-response' not found in registry.
--------------------------------------------------
Time: 2025-09-30T15:06:14.137166
Issue: operation-4xx-response | N/A
Message: Operation must have at least one `4XX` response. [path: paths./v1beta1/{+registration}:retrieveGoogleDomainsForwardingConfig.get.responses]
Location: N/A
Fixed: False
Source: System
Issue Source: redocly-validator
Issue Target: import-url_bundled-spec
Action: COULD NOT PROCESS: Issue definition for code 'operation-4xx-response' not found in registry.
--------------------------------------------------
Time: 2025-09-30T15:06:14.137427
Issue: operation-4xx-response | N/A
Message: Operation must have at least one `4XX` response. [path: paths./v1beta1/{+resource}:getIamPolicy.get.responses]
Location: N/A
Fixed: False
Source: System
Issue Source: redocly-validator
Issue Target: import-url_bundled-spec
Action: COULD NOT PROCESS: Issue definition for code 'operation-4xx-response' not found in registry.
--------------------------------------------------
Time: 2025-09-30T15:06:14.137670
Issue: operation-4xx-response | N/A
Message: Operation must have at least one `4XX` response. [path: paths./v1beta1/{+resource}:setIamPolicy.post.responses]
Location: N/A
Fixed: False
Source: System
Issue Source: redocly-validator
Issue Target: import-url_bundled-spec
Action: COULD NOT PROCESS: Issue definition for code 'operation-4xx-response' not found in registry.
--------------------------------------------------
Time: 2025-09-30T15:06:14.137903
Issue: operation-4xx-response | N/A
Message: Operation must have at least one `4XX` response. [path: paths./v1beta1/{+resource}:testIamPermissions.post.responses]
Location: N/A
Fixed: False
Source: System
Issue Source: redocly-validator
Issue Target: import-url_bundled-spec
Action: COULD NOT PROCESS: Issue definition for code 'operation-4xx-response' not found in registry.
--------------------------------------------------
Time: 2025-09-30T15:06:14.138144
Issue: no-unused-components | N/A
Message: Component: "OperationMetadata" is never used. [path: components.schemas.OperationMetadata]
Location: N/A
Fixed: False
Source: System
Issue Source: redocly-validator
Issue Target: import-url_bundled-spec
Action: COULD NOT PROCESS: Issue definition for code 'no-unused-components' not found in registry.
--------------------------------------------------
Time: 2025-09-30T15:06:14.138380
Issue: oas3-server-trailing-slash | N/A
Message: Server URL must not have trailing slash. [path: servers.0.url]
Location: N/A
Fixed: False
Source: System
Issue Source: spectral-validator
Issue Target: import-url_bundled-spec
Action: COULD NOT PROCESS: Issue definition for code 'oas3-server-trailing-slash' not found in registry.
--------------------------------------------------
Time: 2025-09-30T15:06:14.138613
Issue: path-params | N/A
Message: Parameter "location" must be used in path "/v1beta1/{+location}/registrations:retrieveImportableDomains". [path: paths./v1beta1/{+location}/registrations:retrieveImportableDomains.get.parameters.0]
Location: N/A
Fixed: False
Source: System
Issue Source: spectral-validator
Issue Target: import-url_bundled-spec
Action: COULD NOT PROCESS: Issue definition for code 'path-params' not found in registry.
--------------------------------------------------
Time: 2025-09-30T15:06:14.138873
Issue: path-params | N/A
Message: Parameter "location" must be used in path "/v1beta1/{+location}/registrations:retrieveRegisterParameters". [path: paths./v1beta1/{+location}/registrations:retrieveRegisterParameters.get.parameters.0]
Location: N/A
Fixed: False
Source: System
Issue Source: spectral-validator
Issue Target: import-url_bundled-spec
Action: COULD NOT PROCESS: Issue definition for code 'path-params' not found in registry.
--------------------------------------------------
Time: 2025-09-30T15:06:14.139102
Issue: path-params | N/A
Message: Parameter "location" must be used in path "/v1beta1/{+location}/registrations:retrieveTransferParameters". [path: paths./v1beta1/{+location}/registrations:retrieveTransferParameters.get.parameters.0]
Location: N/A
Fixed: False
Source: System
Issue Source: spectral-validator
Issue Target: import-url_bundled-spec
Action: COULD NOT PROCESS: Issue definition for code 'path-params' not found in registry.
--------------------------------------------------
Time: 2025-09-30T15:06:14.139357
Issue: path-params | N/A
Message: Parameter "location" must be used in path "/v1beta1/{+location}/registrations:searchDomains". [path: paths./v1beta1/{+location}/registrations:searchDomains.get.parameters.0]
Location: N/A
Fixed: False
Source: System
Issue Source: spectral-validator
Issue Target: import-url_bundled-spec
Action: COULD NOT PROCESS: Issue definition for code 'path-params' not found in registry.
--------------------------------------------------
Time: 2025-09-30T15:06:14.139615
Issue: path-params | N/A
Message: Parameter "name" must be used in path "/v1beta1/{+name}". [path: paths./v1beta1/{+name}.delete.parameters.0]
Location: N/A
Fixed: False
Source: System
Issue Source: spectral-validator
Issue Target: import-url_bundled-spec
Action: COULD NOT PROCESS: Issue definition for code 'path-params' not found in registry.
--------------------------------------------------
Time: 2025-09-30T15:06:14.139851
Issue: path-params | N/A
Message: Parameter "name" must be used in path "/v1beta1/{+name}". [path: paths./v1beta1/{+name}.get.parameters.0]
Location: N/A
Fixed: False
Source: System
Issue Source: spectral-validator
Issue Target: import-url_bundled-spec
Action: COULD NOT PROCESS: Issue definition for code 'path-params' not found in registry.
--------------------------------------------------
Time: 2025-09-30T15:06:14.140069
Issue: path-params | N/A
Message: Parameter "name" must be used in path "/v1beta1/{+name}". [path: paths./v1beta1/{+name}.patch.parameters.0]
Location: N/A
Fixed: False
Source: System
Issue Source: spectral-validator
Issue Target: import-url_bundled-spec
Action: COULD NOT PROCESS: Issue definition for code 'path-params' not found in registry.
--------------------------------------------------
Time: 2025-09-30T15:06:14.140308
Issue: path-params | N/A
Message: Parameter "name" must be used in path "/v1beta1/{+name}/locations". [path: paths./v1beta1/{+name}/locations.get.parameters.0]
Location: N/A
Fixed: False
Source: System
Issue Source: spectral-validator
Issue Target: import-url_bundled-spec
Action: COULD NOT PROCESS: Issue definition for code 'path-params' not found in registry.
--------------------------------------------------
Time: 2025-09-30T15:06:14.140526
Issue: path-params | N/A
Message: Parameter "name" must be used in path "/v1beta1/{+name}/operations". [path: paths./v1beta1/{+name}/operations.get.parameters.0]
Location: N/A
Fixed: False
Source: System
Issue Source: spectral-validator
Issue Target: import-url_bundled-spec
Action: COULD NOT PROCESS: Issue definition for code 'path-params' not found in registry.
--------------------------------------------------
Time: 2025-09-30T15:06:14.140747
Issue: path-params | N/A
Message: Parameter "name" must be used in path "/v1beta1/{+name}:export". [path: paths./v1beta1/{+name}:export.post.parameters.0]
Location: N/A
Fixed: False
Source: System
Issue Source: spectral-validator
Issue Target: import-url_bundled-spec
Action: COULD NOT PROCESS: Issue definition for code 'path-params' not found in registry.
--------------------------------------------------
Time: 2025-09-30T15:06:14.140974
Issue: path-params | N/A
Message: Parameter "parent" must be used in path "/v1beta1/{+parent}/registrations". [path: paths./v1beta1/{+parent}/registrations.get.parameters.0]
Location: N/A
Fixed: False
Source: System
Issue Source: spectral-validator
Issue Target: import-url_bundled-spec
Action: COULD NOT PROCESS: Issue definition for code 'path-params' not found in registry.
--------------------------------------------------
Time: 2025-09-30T15:06:14.141224
Issue: path-params | N/A
Message: Parameter "parent" must be used in path "/v1beta1/{+parent}/registrations:import". [path: paths./v1beta1/{+parent}/registrations:import.post.parameters.0]
Location: N/A
Fixed: False
Source: System
Issue Source: spectral-validator
Issue Target: import-url_bundled-spec
Action: COULD NOT PROCESS: Issue definition for code 'path-params' not found in registry.
--------------------------------------------------
Time: 2025-09-30T15:06:14.141459
Issue: path-params | N/A
Message: Parameter "parent" must be used in path "/v1beta1/{+parent}/registrations:register". [path: paths./v1beta1/{+parent}/registrations:register.post.parameters.0]
Location: N/A
Fixed: False
Source: System
Issue Source: spectral-validator
Issue Target: import-url_bundled-spec
Action: COULD NOT PROCESS: Issue definition for code 'path-params' not found in registry.
--------------------------------------------------
Time: 2025-09-30T15:06:14.141686
Issue: path-params | N/A
Message: Parameter "parent" must be used in path "/v1beta1/{+parent}/registrations:transfer". [path: paths./v1beta1/{+parent}/registrations:transfer.post.parameters.0]
Location: N/A
Fixed: False
Source: System
Issue Source: spectral-validator
Issue Target: import-url_bundled-spec
Action: COULD NOT PROCESS: Issue definition for code 'path-params' not found in registry.
--------------------------------------------------
Time: 2025-09-30T15:06:14.141916
Issue: path-params | N/A
Message: Parameter "registration" must be used in path "/v1beta1/{+registration}:configureContactSettings". [path: paths./v1beta1/{+registration}:configureContactSettings.post.parameters.0]
Location: N/A
Fixed: False
Source: System
Issue Source: spectral-validator
Issue Target: import-url_bundled-spec
Action: COULD NOT PROCESS: Issue definition for code 'path-params' not found in registry.
--------------------------------------------------
Time: 2025-09-30T15:06:14.142180
Issue: path-params | N/A
Message: Parameter "registration" must be used in path "/v1beta1/{+registration}:configureDnsSettings". [path: paths./v1beta1/{+registration}:configureDnsSettings.post.parameters.0]
Location: N/A
Fixed: False
Source: System
Issue Source: spectral-validator
Issue Target: import-url_bundled-spec
Action: COULD NOT PROCESS: Issue definition for code 'path-params' not found in registry.
--------------------------------------------------
Time: 2025-09-30T15:06:14.142421
Issue: path-params | N/A
Message: Parameter "registration" must be used in path "/v1beta1/{+registration}:configureManagementSettings". [path: paths./v1beta1/{+registration}:configureManagementSettings.post.parameters.0]
Location: N/A
Fixed: False
Source: System
Issue Source: spectral-validator
Issue Target: import-url_bundled-spec
Action: COULD NOT PROCESS: Issue definition for code 'path-params' not found in registry.
--------------------------------------------------
Time: 2025-09-30T15:06:14.142783
Issue: path-params | N/A
Message: Parameter "registration" must be used in path "/v1beta1/{+registration}:initiatePushTransfer". [path: paths./v1beta1/{+registration}:initiatePushTransfer.post.parameters.0]
Location: N/A
Fixed: False
Source: System
Issue Source: spectral-validator
Issue Target: import-url_bundled-spec
Action: COULD NOT PROCESS: Issue definition for code 'path-params' not found in registry.
--------------------------------------------------
Time: 2025-09-30T15:06:14.143095
Issue: path-params | N/A
Message: Parameter "registration" must be used in path "/v1beta1/{+registration}:renewDomain". [path: paths./v1beta1/{+registration}:renewDomain.post.parameters.0]
Location: N/A
Fixed: False
Source: System
Issue Source: spectral-validator
Issue Target: import-url_bundled-spec
Action: COULD NOT PROCESS: Issue definition for code 'path-params' not found in registry.
--------------------------------------------------
Time: 2025-09-30T15:06:14.143385
Issue: path-params | N/A
Message: Parameter "registration" must be used in path "/v1beta1/{+registration}:resetAuthorizationCode". [path: paths./v1beta1/{+registration}:resetAuthorizationCode.post.parameters.0]
Location: N/A
Fixed: False
Source: System
Issue Source: spectral-validator
Issue Target: import-url_bundled-spec
Action: COULD NOT PROCESS: Issue definition for code 'path-params' not found in registry.
--------------------------------------------------
Time: 2025-09-30T15:06:14.143610
Issue: path-params | N/A
Message: Parameter "registration" must be used in path "/v1beta1/{+registration}:retrieveAuthorizationCode". [path: paths./v1beta1/{+registration}:retrieveAuthorizationCode.get.parameters.0]
Location: N/A
Fixed: False
Source: System
Issue Source: spectral-validator
Issue Target: import-url_bundled-spec
Action: COULD NOT PROCESS: Issue definition for code 'path-params' not found in registry.
--------------------------------------------------
Time: 2025-09-30T15:06:14.143838
Issue: path-params | N/A
Message: Parameter "registration" must be used in path "/v1beta1/{+registration}:retrieveGoogleDomainsDnsRecords". [path: paths./v1beta1/{+registration}:retrieveGoogleDomainsDnsRecords.get.parameters.0]
Location: N/A
Fixed: False
Source: System
Issue Source: spectral-validator
Issue Target: import-url_bundled-spec
Action: COULD NOT PROCESS: Issue definition for code 'path-params' not found in registry.
--------------------------------------------------
Time: 2025-09-30T15:06:14.144066
Issue: path-params | N/A
Message: Parameter "registration" must be used in path "/v1beta1/{+registration}:retrieveGoogleDomainsForwardingConfig". [path: paths./v1beta1/{+registration}:retrieveGoogleDomainsForwardingConfig.get.parameters.0]
Location: N/A
Fixed: False
Source: System
Issue Source: spectral-validator
Issue Target: import-url_bundled-spec
Action: COULD NOT PROCESS: Issue definition for code 'path-params' not found in registry.
--------------------------------------------------
Time: 2025-09-30T15:06:14.144334
Issue: path-params | N/A
Message: Parameter "resource" must be used in path "/v1beta1/{+resource}:getIamPolicy". [path: paths./v1beta1/{+resource}:getIamPolicy.get.parameters.0]
Location: N/A
Fixed: False
Source: System
Issue Source: spectral-validator
Issue Target: import-url_bundled-spec
Action: COULD NOT PROCESS: Issue definition for code 'path-params' not found in registry.
--------------------------------------------------
Time: 2025-09-30T15:06:14.144582
Issue: path-params | N/A
Message: Parameter "resource" must be used in path "/v1beta1/{+resource}:setIamPolicy". [path: paths./v1beta1/{+resource}:setIamPolicy.post.parameters.0]
Location: N/A
Fixed: False
Source: System
Issue Source: spectral-validator
Issue Target: import-url_bundled-spec
Action: COULD NOT PROCESS: Issue definition for code 'path-params' not found in registry.
--------------------------------------------------
Time: 2025-09-30T15:06:14.144808
Issue: path-params | N/A
Message: Parameter "resource" must be used in path "/v1beta1/{+resource}:testIamPermissions". [path: paths./v1beta1/{+resource}:testIamPermissions.post.parameters.0]
Location: N/A
Fixed: False
Source: System
Issue Source: spectral-validator
Issue Target: import-url_bundled-spec
Action: COULD NOT PROCESS: Issue definition for code 'path-params' not found in registry.
--------------------------------------------------
Time: 2025-09-30T15:06:14.145054
Issue: no-$ref-siblings | N/A
Message: $ref must not be placed next to any other properties [path: components.schemas.Binding.properties.condition.description]
Location: N/A
Fixed: False
Source: System
Issue Source: spectral-validator
Issue Target: import-url_bundled-spec
Action: COULD NOT PROCESS: Issue definition for code 'no-$ref-siblings' not found in registry.
--------------------------------------------------
Time: 2025-09-30T15:06:14.145326
Issue: no-$ref-siblings | N/A
Message: $ref must not be placed next to any other properties [path: components.schemas.ConfigureContactSettingsRequest.properties.contactSettings.description]
Location: N/A
Fixed: False
Source: System
Issue Source: spectral-validator
Issue Target: import-url_bundled-spec
Action: COULD NOT PROCESS: Issue definition for code 'no-$ref-siblings' not found in registry.
--------------------------------------------------
Time: 2025-09-30T15:06:14.145574
Issue: no-$ref-siblings | N/A
Message: $ref must not be placed next to any other properties [path: components.schemas.ConfigureDnsSettingsRequest.properties.dnsSettings.description]
Location: N/A
Fixed: False
Source: System
Issue Source: spectral-validator
Issue Target: import-url_bundled-spec
Action: COULD NOT PROCESS: Issue definition for code 'no-$ref-siblings' not found in registry.
--------------------------------------------------
Time: 2025-09-30T15:06:14.145809
Issue: no-$ref-siblings | N/A
Message: $ref must not be placed next to any other properties [path: components.schemas.ConfigureManagementSettingsRequest.properties.managementSettings.description]
Location: N/A
Fixed: False
Source: System
Issue Source: spectral-validator
Issue Target: import-url_bundled-spec
Action: COULD NOT PROCESS: Issue definition for code 'no-$ref-siblings' not found in registry.
--------------------------------------------------
Time: 2025-09-30T15:06:14.146036
Issue: no-$ref-siblings | N/A
Message: $ref must not be placed next to any other properties [path: components.schemas.Contact.properties.postalAddress.description]
Location: N/A
Fixed: False
Source: System
Issue Source: spectral-validator
Issue Target: import-url_bundled-spec
Action: COULD NOT PROCESS: Issue definition for code 'no-$ref-siblings' not found in registry.
--------------------------------------------------
Time: 2025-09-30T15:06:14.146291
Issue: no-$ref-siblings | N/A
Message: $ref must not be placed next to any other properties [path: components.schemas.ContactSettings.properties.adminContact.description]
Location: N/A
Fixed: False
Source: System
Issue Source: spectral-validator
Issue Target: import-url_bundled-spec
Action: COULD NOT PROCESS: Issue definition for code 'no-$ref-siblings' not found in registry.
--------------------------------------------------
Time: 2025-09-30T15:06:14.146540
Issue: oas3-schema | N/A
Message: Property "enumDeprecated" is not expected to be here. [path: components.schemas.ContactSettings.properties.privacy.enumDeprecated]
Location: N/A
Fixed: False
Source: System
Issue Source: spectral-validator
Issue Target: import-url_bundled-spec
Action: COULD NOT PROCESS: Issue definition for code 'oas3-schema' not found in registry.
--------------------------------------------------
Time: 2025-09-30T15:06:14.146771
Issue: no-$ref-siblings | N/A
Message: $ref must not be placed next to any other properties [path: components.schemas.ContactSettings.properties.registrantContact.description]
Location: N/A
Fixed: False
Source: System
Issue Source: spectral-validator
Issue Target: import-url_bundled-spec
Action: COULD NOT PROCESS: Issue definition for code 'no-$ref-siblings' not found in registry.
--------------------------------------------------
Time: 2025-09-30T15:06:14.146987
Issue: no-$ref-siblings | N/A
Message: $ref must not be placed next to any other properties [path: components.schemas.ContactSettings.properties.technicalContact.description]
Location: N/A
Fixed: False
Source: System
Issue Source: spectral-validator
Issue Target: import-url_bundled-spec
Action: COULD NOT PROCESS: Issue definition for code 'no-$ref-siblings' not found in registry.
--------------------------------------------------
Time: 2025-09-30T15:06:14.147226
Issue: no-$ref-siblings | N/A
Message: $ref must not be placed next to any other properties [path: components.schemas.DnsSettings.properties.customDns.description]
Location: N/A
Fixed: False
Source: System
Issue Source: spectral-validator
Issue Target: import-url_bundled-spec
Action: COULD NOT PROCESS: Issue definition for code 'no-$ref-siblings' not found in registry.
--------------------------------------------------
Time: 2025-09-30T15:06:14.147446
Issue: no-$ref-siblings | N/A
Message: $ref must not be placed next to any other properties [path: components.schemas.DnsSettings.properties.googleDomainsDns.deprecated]
Location: N/A
Fixed: False
Source: System
Issue Source: spectral-validator
Issue Target: import-url_bundled-spec
Action: COULD NOT PROCESS: Issue definition for code 'no-$ref-siblings' not found in registry.
--------------------------------------------------
Time: 2025-09-30T15:06:14.147666
Issue: no-$ref-siblings | N/A
Message: $ref must not be placed next to any other properties [path: components.schemas.DnsSettings.properties.googleDomainsDns.description]
Location: N/A
Fixed: False
Source: System
Issue Source: spectral-validator
Issue Target: import-url_bundled-spec
Action: COULD NOT PROCESS: Issue definition for code 'no-$ref-siblings' not found in registry.
--------------------------------------------------
Time: 2025-09-30T15:06:14.147890
Issue: no-$ref-siblings | N/A
Message: $ref must not be placed next to any other properties [path: components.schemas.Domain.properties.yearlyPrice.description]
Location: N/A
Fixed: False
Source: System
Issue Source: spectral-validator
Issue Target: import-url_bundled-spec
Action: COULD NOT PROCESS: Issue definition for code 'no-$ref-siblings' not found in registry.
--------------------------------------------------
Time: 2025-09-30T15:06:14.148138
Issue: no-$ref-siblings | N/A
Message: $ref must not be placed next to any other properties [path: components.schemas.GeoPolicyItem.properties.healthCheckedTargets.description]
Location: N/A
Fixed: False
Source: System
Issue Source: spectral-validator
Issue Target: import-url_bundled-spec
Action: COULD NOT PROCESS: Issue definition for code 'no-$ref-siblings' not found in registry.
--------------------------------------------------
Time: 2025-09-30T15:06:14.148380
Issue: oas3-schema | N/A
Message: Property "enumDeprecated" is not expected to be here. [path: components.schemas.ManagementSettings.properties.preferredRenewalMethod.enumDeprecated]
Location: N/A
Fixed: False
Source: System
Issue Source: spectral-validator
Issue Target: import-url_bundled-spec
Action: COULD NOT PROCESS: Issue definition for code 'oas3-schema' not found in registry.
--------------------------------------------------
Time: 2025-09-30T15:06:14.148626
Issue: oas3-schema | N/A
Message: Property "enumDeprecated" is not expected to be here. [path: components.schemas.ManagementSettings.properties.renewalMethod.enumDeprecated]
Location: N/A
Fixed: False
Source: System
Issue Source: spectral-validator
Issue Target: import-url_bundled-spec
Action: COULD NOT PROCESS: Issue definition for code 'oas3-schema' not found in registry.
--------------------------------------------------
Time: 2025-09-30T15:06:14.148851
Issue: no-$ref-siblings | N/A
Message: $ref must not be placed next to any other properties [path: components.schemas.Operation.properties.error.description]
Location: N/A
Fixed: False
Source: System
Issue Source: spectral-validator
Issue Target: import-url_bundled-spec
Action: COULD NOT PROCESS: Issue definition for code 'no-$ref-siblings' not found in registry.
--------------------------------------------------
Time: 2025-09-30T15:06:14.149064
Issue: oas3-unused-component | N/A
Message: Potentially unused component has been detected. [path: components.schemas.OperationMetadata]
Location: N/A
Fixed: False
Source: System
Issue Source: spectral-validator
Issue Target: import-url_bundled-spec
Action: COULD NOT PROCESS: Issue definition for code 'oas3-unused-component' not found in registry.
--------------------------------------------------
Time: 2025-09-30T15:06:14.149328
Issue: no-$ref-siblings | N/A
Message: $ref must not be placed next to any other properties [path: components.schemas.PrimaryBackupPolicy.properties.backupGeoTargets.description]
Location: N/A
Fixed: False
Source: System
Issue Source: spectral-validator
Issue Target: import-url_bundled-spec
Action: COULD NOT PROCESS: Issue definition for code 'no-$ref-siblings' not found in registry.
--------------------------------------------------
Time: 2025-09-30T15:06:14.149549
Issue: no-$ref-siblings | N/A
Message: $ref must not be placed next to any other properties [path: components.schemas.PrimaryBackupPolicy.properties.primaryTargets.description]
Location: N/A
Fixed: False
Source: System
Issue Source: spectral-validator
Issue Target: import-url_bundled-spec
Action: COULD NOT PROCESS: Issue definition for code 'no-$ref-siblings' not found in registry.
--------------------------------------------------
Time: 2025-09-30T15:06:14.149793
Issue: no-$ref-siblings | N/A
Message: $ref must not be placed next to any other properties [path: components.schemas.RRSetRoutingPolicy.properties.geoPolicy.deprecated]
Location: N/A
Fixed: False
Source: System
Issue Source: spectral-validator
Issue Target: import-url_bundled-spec
Action: COULD NOT PROCESS: Issue definition for code 'no-$ref-siblings' not found in registry.
--------------------------------------------------
Time: 2025-09-30T15:06:14.150015
Issue: no-$ref-siblings | N/A
Message: $ref must not be placed next to any other properties [path: components.schemas.RRSetRoutingPolicy.properties.wrrPolicy.deprecated]
Location: N/A
Fixed: False
Source: System
Issue Source: spectral-validator
Issue Target: import-url_bundled-spec
Action: COULD NOT PROCESS: Issue definition for code 'no-$ref-siblings' not found in registry.
--------------------------------------------------
Time: 2025-09-30T15:06:14.150267
Issue: no-$ref-siblings | N/A
Message: $ref must not be placed next to any other properties [path: components.schemas.RegisterDomainRequest.properties.registration.description]
Location: N/A
Fixed: False
Source: System
Issue Source: spectral-validator
Issue Target: import-url_bundled-spec
Action: COULD NOT PROCESS: Issue definition for code 'no-$ref-siblings' not found in registry.
--------------------------------------------------
Time: 2025-09-30T15:06:14.150496
Issue: no-$ref-siblings | N/A
Message: $ref must not be placed next to any other properties [path: components.schemas.RegisterDomainRequest.properties.yearlyPrice.description]
Location: N/A
Fixed: False
Source: System
Issue Source: spectral-validator
Issue Target: import-url_bundled-spec
Action: COULD NOT PROCESS: Issue definition for code 'no-$ref-siblings' not found in registry.
--------------------------------------------------
Time: 2025-09-30T15:06:14.150719
Issue: oas3-schema | N/A
Message: Property "enumDeprecated" is not expected to be here. [path: components.schemas.RegisterParameters.properties.supportedPrivacy.items.enumDeprecated]
Location: N/A
Fixed: False
Source: System
Issue Source: spectral-validator
Issue Target: import-url_bundled-spec
Action: COULD NOT PROCESS: Issue definition for code 'oas3-schema' not found in registry.
--------------------------------------------------
Time: 2025-09-30T15:06:14.150951
Issue: no-$ref-siblings | N/A
Message: $ref must not be placed next to any other properties [path: components.schemas.RegisterParameters.properties.yearlyPrice.description]
Location: N/A
Fixed: False
Source: System
Issue Source: spectral-validator
Issue Target: import-url_bundled-spec
Action: COULD NOT PROCESS: Issue definition for code 'no-$ref-siblings' not found in registry.
--------------------------------------------------
Time: 2025-09-30T15:06:14.151219
Issue: no-$ref-siblings | N/A
Message: $ref must not be placed next to any other properties [path: components.schemas.Registration.properties.contactSettings.description]
Location: N/A
Fixed: False
Source: System
Issue Source: spectral-validator
Issue Target: import-url_bundled-spec
Action: COULD NOT PROCESS: Issue definition for code 'no-$ref-siblings' not found in registry.
--------------------------------------------------
Time: 2025-09-30T15:06:14.151463
Issue: no-$ref-siblings | N/A
Message: $ref must not be placed next to any other properties [path: components.schemas.Registration.properties.dnsSettings.description]
Location: N/A
Fixed: False
Source: System
Issue Source: spectral-validator
Issue Target: import-url_bundled-spec
Action: COULD NOT PROCESS: Issue definition for code 'no-$ref-siblings' not found in registry.
--------------------------------------------------
Time: 2025-09-30T15:06:14.151701
Issue: no-$ref-siblings | N/A
Message: $ref must not be placed next to any other properties [path: components.schemas.Registration.properties.managementSettings.description]
Location: N/A
Fixed: False
Source: System
Issue Source: spectral-validator
Issue Target: import-url_bundled-spec
Action: COULD NOT PROCESS: Issue definition for code 'no-$ref-siblings' not found in registry.
--------------------------------------------------
Time: 2025-09-30T15:06:14.151932
Issue: no-$ref-siblings | N/A
Message: $ref must not be placed next to any other properties [path: components.schemas.Registration.properties.pendingContactSettings.description]
Location: N/A
Fixed: False
Source: System
Issue Source: spectral-validator
Issue Target: import-url_bundled-spec
Action: COULD NOT PROCESS: Issue definition for code 'no-$ref-siblings' not found in registry.
--------------------------------------------------
Time: 2025-09-30T15:06:14.152176
Issue: no-$ref-siblings | N/A
Message: $ref must not be placed next to any other properties [path: components.schemas.Registration.properties.pendingContactSettings.readOnly]
Location: N/A
Fixed: False
Source: System
Issue Source: spectral-validator
Issue Target: import-url_bundled-spec
Action: COULD NOT PROCESS: Issue definition for code 'no-$ref-siblings' not found in registry.
--------------------------------------------------
Time: 2025-09-30T15:06:14.152408
Issue: oas3-schema | N/A
Message: Property "enumDeprecated" is not expected to be here. [path: components.schemas.Registration.properties.state.enumDeprecated]
Location: N/A
Fixed: False
Source: System
Issue Source: spectral-validator
Issue Target: import-url_bundled-spec
Action: COULD NOT PROCESS: Issue definition for code 'oas3-schema' not found in registry.
--------------------------------------------------
Time: 2025-09-30T15:06:14.152648
Issue: oas3-schema | N/A
Message: Property "enumDeprecated" is not expected to be here. [path: components.schemas.Registration.properties.supportedPrivacy.items.enumDeprecated]
Location: N/A
Fixed: False
Source: System
Issue Source: spectral-validator
Issue Target: import-url_bundled-spec
Action: COULD NOT PROCESS: Issue definition for code 'oas3-schema' not found in registry.
--------------------------------------------------
Time: 2025-09-30T15:06:14.152892
Issue: no-$ref-siblings | N/A
Message: $ref must not be placed next to any other properties [path: components.schemas.RenewDomainRequest.properties.yearlyPrice.description]
Location: N/A
Fixed: False
Source: System
Issue Source: spectral-validator
Issue Target: import-url_bundled-spec
Action: COULD NOT PROCESS: Issue definition for code 'no-$ref-siblings' not found in registry.
--------------------------------------------------
Time: 2025-09-30T15:06:14.153155
Issue: no-$ref-siblings | N/A
Message: $ref must not be placed next to any other properties [path: components.schemas.ResourceRecordSet.properties.routingPolicy.description]
Location: N/A
Fixed: False
Source: System
Issue Source: spectral-validator
Issue Target: import-url_bundled-spec
Action: COULD NOT PROCESS: Issue definition for code 'no-$ref-siblings' not found in registry.
--------------------------------------------------
Time: 2025-09-30T15:06:14.153403
Issue: no-$ref-siblings | N/A
Message: $ref must not be placed next to any other properties [path: components.schemas.RetrieveRegisterParametersResponse.properties.registerParameters.description]
Location: N/A
Fixed: False
Source: System
Issue Source: spectral-validator
Issue Target: import-url_bundled-spec
Action: COULD NOT PROCESS: Issue definition for code 'no-$ref-siblings' not found in registry.
--------------------------------------------------
Time: 2025-09-30T15:06:14.153648
Issue: no-$ref-siblings | N/A
Message: $ref must not be placed next to any other properties [path: components.schemas.RetrieveTransferParametersResponse.properties.transferParameters.description]
Location: N/A
Fixed: False
Source: System
Issue Source: spectral-validator
Issue Target: import-url_bundled-spec
Action: COULD NOT PROCESS: Issue definition for code 'no-$ref-siblings' not found in registry.
--------------------------------------------------
Time: 2025-09-30T15:06:14.153896
Issue: no-$ref-siblings | N/A
Message: $ref must not be placed next to any other properties [path: components.schemas.SetIamPolicyRequest.properties.policy.description]
Location: N/A
Fixed: False
Source: System
Issue Source: spectral-validator
Issue Target: import-url_bundled-spec
Action: COULD NOT PROCESS: Issue definition for code 'no-$ref-siblings' not found in registry.
--------------------------------------------------
Time: 2025-09-30T15:06:14.154130
Issue: no-$ref-siblings | N/A
Message: $ref must not be placed next to any other properties [path: components.schemas.TransferDomainRequest.properties.authorizationCode.description]
Location: N/A
Fixed: False
Source: System
Issue Source: spectral-validator
Issue Target: import-url_bundled-spec
Action: COULD NOT PROCESS: Issue definition for code 'no-$ref-siblings' not found in registry.
--------------------------------------------------
Time: 2025-09-30T15:06:14.154485
Issue: no-$ref-siblings | N/A
Message: $ref must not be placed next to any other properties [path: components.schemas.TransferDomainRequest.properties.registration.description]
Location: N/A
Fixed: False
Source: System
Issue Source: spectral-validator
Issue Target: import-url_bundled-spec
Action: COULD NOT PROCESS: Issue definition for code 'no-$ref-siblings' not found in registry.
--------------------------------------------------
Time: 2025-09-30T15:06:14.154732
Issue: no-$ref-siblings | N/A
Message: $ref must not be placed next to any other properties [path: components.schemas.TransferDomainRequest.properties.yearlyPrice.description]
Location: N/A
Fixed: False
Source: System
Issue Source: spectral-validator
Issue Target: import-url_bundled-spec
Action: COULD NOT PROCESS: Issue definition for code 'no-$ref-siblings' not found in registry.
--------------------------------------------------
Time: 2025-09-30T15:06:14.154985
Issue: oas3-schema | N/A
Message: Property "enumDeprecated" is not expected to be here. [path: components.schemas.TransferParameters.properties.supportedPrivacy.items.enumDeprecated]
Location: N/A
Fixed: False
Source: System
Issue Source: spectral-validator
Issue Target: import-url_bundled-spec
Action: COULD NOT PROCESS: Issue definition for code 'oas3-schema' not found in registry.
--------------------------------------------------
Time: 2025-09-30T15:06:14.155237
Issue: no-$ref-siblings | N/A
Message: $ref must not be placed next to any other properties [path: components.schemas.TransferParameters.properties.yearlyPrice.description]
Location: N/A
Fixed: False
Source: System
Issue Source: spectral-validator
Issue Target: import-url_bundled-spec
Action: COULD NOT PROCESS: Issue definition for code 'no-$ref-siblings' not found in registry.
--------------------------------------------------
Time: 2025-09-30T15:06:14.155458
Issue: no-$ref-siblings | N/A
Message: $ref must not be placed next to any other properties [path: components.schemas.WrrPolicyItem.properties.healthCheckedTargets.description]
Location: N/A
Fixed: False
Source: System
Issue Source: spectral-validator
Issue Target: import-url_bundled-spec
Action: COULD NOT PROCESS: Issue definition for code 'no-$ref-siblings' not found in registry.
