Repair Log
Processed Timestamp: 2025-09-30T13:52:01.000188

--------------------------------------------------
Time: 2025-09-30T13:50:58.944391
Issue: oneOf | N/A
Message: {'description': 'Details on a data issue in the listing.', 'properties': {'dataIssueSeverity': {'description': 'The severity of the data issue.', 'enum': ['DATA_ISSUE_SEVERITY_UNSPECIFIED', 'ERROR', 'WARNING', 'INFO'], 'type': 'string'}, 'dataIssueType': {'description': 'The type of the data issue.', 'enum': ['FEED_DATA_ISSUE_UNSPECIFIED', 'FEED_DATA_ISSUE_UNKNOWN', 'NO_DATA_ISSUE', 'DUPLICATE_ADDRESS', 'MISSING_PHYSICAL_STREET_ADDRESS', 'MISSING_STREET_NAME', 'MISSING_STREET_NUMBER', 'MISSING_ADDRESS', 'MISSING_COUNTRY', 'INVALID_POSTAL_CODE', 'INVALID_POSTAL_CODE_SUFFIX', 'UNEXPECTED_POSTAL_CODE_SUFFIX', 'UNEXPECTED_POSTAL_CODE', 'INVALID_AMENITIES', 'INVALID_EMAIL_ADDRESS', 'DUPLICATE_LATLONG', 'LATLONG_INCONSISTENT_WITH_ADDRESS', 'MISSING_LATLONG', 'COULD_NOT_GEOCODE', 'MISSING_HOTEL_NAME', 'HOTEL_NAME_EMPTY', 'INVALID_HOTEL_NAME', 'HOTEL_NAME_TOO_LONG', 'PARSE_ERROR_IN_XML', 'UNEXPECTED_ATTRIBUTE_IN_XML', 'DUPLICATE_PHONE_NUMBER', 'MISSING_PHONE_NUMBER', 'MISSING_VOICE_PHONE_NUMBER', 'INVALID_PHONE_NUMBER_FORMAT', 'INVALID_PHONE_NUMBER', 'INVALID_PHONE_NUMBER_COUNTRY_CODE', 'PHONE_NUMBER_TOO_LONG', 'PHONE_NUMBER_TOO_SHORT', 'INVALID_WEBSITE_URL', 'ADWORDS_ATTRIBUTE_TOO_LONG', 'FLAGGED_DUE_TO_SUSPICIOUS_METADATA', 'NOT_ENOUGH_IMAGES_PROVIDED', 'IMAGE_PROCESSING_IN_PROGRESS', 'CANNOT_FETCH_IMAGES', 'INCOMPATIBLE_IMAGE_SIZE_OR_LOW_QUALITY', 'MISSING_LANG_IN_RAW_LISTING', 'IS_HOTEL', 'MISSING_REQ_ATTR', 'MISSING_NAME', 'MISSING_LANG_IN_NAME', 'VR_NAME_TOO_LONG', 'NAME_AND_DESCRIPTION_ABUSE_VERIFIED', 'TEST_PROPERTY', 'NON_VR_ACCOMMODATION_TYPE_BASED_ON_LISTING_NAME', 'NON_VR_ACCOMMODATION_TYPE', 'BRAND_NAME_TOO_LONG', 'MISSING_BRAND_NAME', 'REVIEW_MISSING_VISIT_TIMESTAMP', 'VR_ADDRESS_MISSING', 'VR_ADDRESS_INVALID', 'VR_ADDRESS_INCOMPLETE', 'VR_ADDRESS_INCOMPLETE_NO_STREET_NAME', 'VR_ADDRESS_INCOMPLETE_NO_STREET_NUMBER', 'VR_ADDRESS_INCOMPLETE_NO_UNIT_NUMBER', 'VR_ADDRESS_LATLONG_MISMATCH', 'INVALID_REVIEW_RATING', 'INVALID_CHECKIN_FORMAT', 'INVALID_CHECKOUT_FORMAT', 'INTERNAL_BLOCKLIST', 'VR_LIVE_ON_GOOGLE_INACTIVE_ERROR', 'VR_XML_FAILED_PARSING', 'VR_ZIP_FILE_CORRUPT', 'VR_PENDING_INITIAL_PROCESSING', 'VR_WEBSITE_LINK_ROBOTED', 'VR_PENDING_WEBSITE_CRAWLING', 'VR_WEBSITE_LINK_WITH_CRAWLING_ERROR', 'VR_BRAND_MISSING_LANDING_PAGE', 'VR_INVALID_ROOM_TYPE'], 'enumDeprecated': [False, False, False, False, False, False, False, False, False, False, False, False, False, False, False, False, False, False, False, False, False, False, False, False, False, False, False, False, False, False, False, False, False, False, False, False, False, False, False, False, False, False, False, False, False, False, False, False, True, False, False, True, False, False, False, True, False, False, False, False, False, False, False, False, False, False, False, False, False, False, False, False, False], 'type': 'string'}, 'isSelfResolving': {'description': 'Whether or not the issue is self-resolving. If true, the issue is expected to resolve itself. If false or not set, action is needed to resolve the issue. Refer to documentation on the data issueâ€™s type for further information.', 'type': 'boolean'}}, 'type': 'object'} is not valid under any of the given schemas
Location: N/A
Fixed: False
Source: System
Issue Source: openapi-spec-validator
Issue Target: import-url_bundled-spec
Action: COULD NOT PROCESS: Issue definition for code 'oneOf' not found in registry.
--------------------------------------------------
Time: 2025-09-30T13:50:58.980290
Issue: oneOf | N/A
Message: {'description': 'A hotel view.', 'properties': {'dataIssueDetail': {'description': 'The type and severity of each data quality issue in the feed. If your feed contains data issues, update the feed and resubmit it. For more information, refer to this article.', 'items': {'$ref': '#/components/schemas/DataIssueDetail'}, 'type': 'array'}, 'dataIssues': {'description': 'DEPRECATED. Indicates that the hotel has data quality issues. The value of this field indicates the type of error. This has been replaced with the data_issue_detail field. If your feed contains data issues, update the feed and resubmit it. For more information, refer to this article.', 'items': {'enum': ['FEED_DATA_ISSUE_UNSPECIFIED', 'FEED_DATA_ISSUE_UNKNOWN', 'NO_DATA_ISSUE', 'DUPLICATE_ADDRESS', 'MISSING_PHYSICAL_STREET_ADDRESS', 'MISSING_STREET_NAME', 'MISSING_STREET_NUMBER', 'MISSING_ADDRESS', 'MISSING_COUNTRY', 'INVALID_POSTAL_CODE', 'INVALID_POSTAL_CODE_SUFFIX', 'UNEXPECTED_POSTAL_CODE_SUFFIX', 'UNEXPECTED_POSTAL_CODE', 'INVALID_AMENITIES', 'INVALID_EMAIL_ADDRESS', 'DUPLICATE_LATLONG', 'LATLONG_INCONSISTENT_WITH_ADDRESS', 'MISSING_LATLONG', 'COULD_NOT_GEOCODE', 'MISSING_HOTEL_NAME', 'HOTEL_NAME_EMPTY', 'INVALID_HOTEL_NAME', 'HOTEL_NAME_TOO_LONG', 'PARSE_ERROR_IN_XML', 'UNEXPECTED_ATTRIBUTE_IN_XML', 'DUPLICATE_PHONE_NUMBER', 'MISSING_PHONE_NUMBER', 'MISSING_VOICE_PHONE_NUMBER', 'INVALID_PHONE_NUMBER_FORMAT', 'INVALID_PHONE_NUMBER', 'INVALID_PHONE_NUMBER_COUNTRY_CODE', 'PHONE_NUMBER_TOO_LONG', 'PHONE_NUMBER_TOO_SHORT', 'INVALID_WEBSITE_URL', 'ADWORDS_ATTRIBUTE_TOO_LONG', 'FLAGGED_DUE_TO_SUSPICIOUS_METADATA', 'NOT_ENOUGH_IMAGES_PROVIDED', 'IMAGE_PROCESSING_IN_PROGRESS', 'CANNOT_FETCH_IMAGES', 'INCOMPATIBLE_IMAGE_SIZE_OR_LOW_QUALITY', 'MISSING_LANG_IN_RAW_LISTING', 'IS_HOTEL', 'MISSING_REQ_ATTR', 'MISSING_NAME', 'MISSING_LANG_IN_NAME', 'VR_NAME_TOO_LONG', 'NAME_AND_DESCRIPTION_ABUSE_VERIFIED', 'TEST_PROPERTY', 'NON_VR_ACCOMMODATION_TYPE_BASED_ON_LISTING_NAME', 'NON_VR_ACCOMMODATION_TYPE', 'BRAND_NAME_TOO_LONG', 'MISSING_BRAND_NAME', 'REVIEW_MISSING_VISIT_TIMESTAMP', 'VR_ADDRESS_MISSING', 'VR_ADDRESS_INVALID', 'VR_ADDRESS_INCOMPLETE', 'VR_ADDRESS_INCOMPLETE_NO_STREET_NAME', 'VR_ADDRESS_INCOMPLETE_NO_STREET_NUMBER', 'VR_ADDRESS_INCOMPLETE_NO_UNIT_NUMBER', 'VR_ADDRESS_LATLONG_MISMATCH', 'INVALID_REVIEW_RATING', 'INVALID_CHECKIN_FORMAT', 'INVALID_CHECKOUT_FORMAT', 'INTERNAL_BLOCKLIST', 'VR_LIVE_ON_GOOGLE_INACTIVE_ERROR', 'VR_XML_FAILED_PARSING', 'VR_ZIP_FILE_CORRUPT', 'VR_PENDING_INITIAL_PROCESSING', 'VR_WEBSITE_LINK_ROBOTED', 'VR_PENDING_WEBSITE_CRAWLING', 'VR_WEBSITE_LINK_WITH_CRAWLING_ERROR', 'VR_BRAND_MISSING_LANDING_PAGE', 'VR_INVALID_ROOM_TYPE'], 'enumDeprecated': [False, False, False, False, False, False, False, False, False, False, False, False, False, False, False, False, False, False, False, False, False, False, False, False, False, False, False, False, False, False, False, False, False, False, False, False, False, False, False, False, False, False, False, False, False, False, False, False, True, False, False, True, False, False, False, True, False, False, False, False, False, False, False, False, False, False, False, False, False, False, False, False, False], 'type': 'string'}, 'type': 'array'}, 'googleClusterId': {'description': 'The Google Maps identifier for the hotel.', 'format': 'uint64', 'type': 'string'}, 'googleHotelDisplayName': {'description': "Google's hotel name.", 'type': 'string'}, 'googleHotelId': {'description': "Google's canonical ID for the hotel.", 'format': 'uint64', 'type': 'string'}, 'liveOnGoogle': {'deprecated': True, 'description': "Optional. DEPRECATED. Prefer live_on_google_status. Whether the hotel appears in Google's hotel booking links. Declaration & behavior to get detection of presence/absence in JSON conversion.", 'type': 'boolean'}, 'liveOnGoogleStatus': {'description': "Optional. Whether the hotel appears in Google's hotel booking links. Declaration & behavior to get detection of presence/absence in JSON conversion.", 'enum': ['LIVE_ON_GOOGLE_STATUS_UNSPECIFIED', 'LIVE_ON_GOOGLE_STATUS_ACTIVE', 'LIVE_ON_GOOGLE_STATUS_INACTIVE', 'LIVE_ON_GOOGLE_STATUS_ACTIVE_OUTSIDE_DSA_REGION'], 'type': 'string'}, 'matchFailureReasons': {'description': 'The reasons why a hotel failed to match to a property on Maps.', 'items': {'type': 'string'}, 'type': 'array'}, 'matchStatus': {'description': 'Current matching status of the hotel.', 'enum': ['MATCH_STATUS_UNSPECIFIED', 'MATCH_STATUS_UNKNOWN', 'NOT_MATCHED', 'MATCHED', 'MAP_OVERLAP'], 'type': 'string'}, 'overclusteredPartnerHotelIds': {'description': 'Other hotels with which the hotel is overclustered. If your feed contains overclustered hotels, update the feed and resubmit it. To do this, you can use the manual match tool.', 'items': {'type': 'string'}, 'type': 'array'}, 'partnerHotelDisplayName': {'description': "Partner's hotel name.", 'type': 'string'}, 'partnerHotelId': {'description': 'The unique ID of the hotel that the partner provides in their Hotel List Feed.', 'type': 'string'}, 'primaryOverclusteredPartnerHotelId': {'description': 'The primary hotel in the overclustered set.', 'type': 'string'}, 'propertyDetails': {'description': 'Optional. A URL to the property on Google. Only available for properties that are listed.', 'type': 'string'}}, 'type': 'object'} is not valid under any of the given schemas
Location: N/A
Fixed: False
Source: System
Issue Source: openapi-spec-validator
Issue Target: import-url_bundled-spec
Action: COULD NOT PROCESS: Issue definition for code 'oneOf' not found in registry.
--------------------------------------------------
Time: 2025-09-30T13:50:59.022173
Issue: <unset> | N/A
Message: Path parameter '+account' for 'post' operation in '/v3/{+account}/hotels:setLiveOnGoogle' was not resolved
Location: N/A
Fixed: False
Source: System
Issue Source: openapi-spec-validator
Issue Target: import-url_bundled-spec
Action: COULD NOT PROCESS: Issue definition for code '<unset>' not found in registry.
--------------------------------------------------
Time: 2025-09-30T13:50:59.083172
Issue: <unset> | N/A
Message: Path parameter '+name' for 'delete' operation in '/v3/{+name}' was not resolved
Location: N/A
Fixed: False
Source: System
Issue Source: openapi-spec-validator
Issue Target: import-url_bundled-spec
Action: COULD NOT PROCESS: Issue definition for code '<unset>' not found in registry.
--------------------------------------------------
Time: 2025-09-30T13:51:00.252135
Issue: <unset> | N/A
Message: Path parameter '+name' for 'get' operation in '/v3/{+name}' was not resolved
Location: N/A
Fixed: False
Source: System
Issue Source: openapi-spec-validator
Issue Target: import-url_bundled-spec
Action: COULD NOT PROCESS: Issue definition for code '<unset>' not found in registry.
--------------------------------------------------
Time: 2025-09-30T13:51:00.260078
Issue: <unset> | N/A
Message: Path parameter '+name' for 'patch' operation in '/v3/{+name}' was not resolved
Location: N/A
Fixed: False
Source: System
Issue Source: openapi-spec-validator
Issue Target: import-url_bundled-spec
Action: COULD NOT PROCESS: Issue definition for code '<unset>' not found in registry.
--------------------------------------------------
Time: 2025-09-30T13:51:00.313035
Issue: <unset> | N/A
Message: Path parameter '+name' for 'get' operation in '/v3/{+name}/freeBookingLinksReportViews:query' was not resolved
Location: N/A
Fixed: False
Source: System
Issue Source: openapi-spec-validator
Issue Target: import-url_bundled-spec
Action: COULD NOT PROCESS: Issue definition for code '<unset>' not found in registry.
--------------------------------------------------
Time: 2025-09-30T13:51:00.373791
Issue: <unset> | N/A
Message: Path parameter '+name' for 'get' operation in '/v3/{+name}/participationReportViews:query' was not resolved
Location: N/A
Fixed: False
Source: System
Issue Source: openapi-spec-validator
Issue Target: import-url_bundled-spec
Action: COULD NOT PROCESS: Issue definition for code '<unset>' not found in registry.
--------------------------------------------------
Time: 2025-09-30T13:51:00.423156
Issue: <unset> | N/A
Message: Path parameter '+name' for 'get' operation in '/v3/{+name}/propertyPerformanceReportViews:query' was not resolved
Location: N/A
Fixed: False
Source: System
Issue Source: openapi-spec-validator
Issue Target: import-url_bundled-spec
Action: COULD NOT PROCESS: Issue definition for code '<unset>' not found in registry.
--------------------------------------------------
Time: 2025-09-30T13:51:00.484427
Issue: <unset> | N/A
Message: Path parameter '+parent' for 'get' operation in '/v3/{+parent}/accountLinks' was not resolved
Location: N/A
Fixed: False
Source: System
Issue Source: openapi-spec-validator
Issue Target: import-url_bundled-spec
Action: COULD NOT PROCESS: Issue definition for code '<unset>' not found in registry.
--------------------------------------------------
Time: 2025-09-30T13:51:00.521586
Issue: <unset> | N/A
Message: Path parameter '+parent' for 'post' operation in '/v3/{+parent}/accountLinks' was not resolved
Location: N/A
Fixed: False
Source: System
Issue Source: openapi-spec-validator
Issue Target: import-url_bundled-spec
Action: COULD NOT PROCESS: Issue definition for code '<unset>' not found in registry.
--------------------------------------------------
Time: 2025-09-30T13:51:00.581082
Issue: <unset> | N/A
Message: Path parameter '+parent' for 'get' operation in '/v3/{+parent}/brands' was not resolved
Location: N/A
Fixed: False
Source: System
Issue Source: openapi-spec-validator
Issue Target: import-url_bundled-spec
Action: COULD NOT PROCESS: Issue definition for code '<unset>' not found in registry.
--------------------------------------------------
Time: 2025-09-30T13:51:00.630194
Issue: <unset> | N/A
Message: Path parameter '+parent' for 'post' operation in '/v3/{+parent}/brands' was not resolved
Location: N/A
Fixed: False
Source: System
Issue Source: openapi-spec-validator
Issue Target: import-url_bundled-spec
Action: COULD NOT PROCESS: Issue definition for code '<unset>' not found in registry.
--------------------------------------------------
Time: 2025-09-30T13:51:00.718914
Issue: <unset> | N/A
Message: Path parameter '+parent' for 'get' operation in '/v3/{+parent}/hotelViews' was not resolved
Location: N/A
Fixed: False
Source: System
Issue Source: openapi-spec-validator
Issue Target: import-url_bundled-spec
Action: COULD NOT PROCESS: Issue definition for code '<unset>' not found in registry.
--------------------------------------------------
Time: 2025-09-30T13:51:00.769157
Issue: <unset> | N/A
Message: Path parameter '+parent' for 'get' operation in '/v3/{+parent}/hotelViews:summarize' was not resolved
Location: N/A
Fixed: False
Source: System
Issue Source: openapi-spec-validator
Issue Target: import-url_bundled-spec
Action: COULD NOT PROCESS: Issue definition for code '<unset>' not found in registry.
--------------------------------------------------
Time: 2025-09-30T13:51:00.834143
Issue: <unset> | N/A
Message: Path parameter '+parent' for 'get' operation in '/v3/{+parent}/icons' was not resolved
Location: N/A
Fixed: False
Source: System
Issue Source: openapi-spec-validator
Issue Target: import-url_bundled-spec
Action: COULD NOT PROCESS: Issue definition for code '<unset>' not found in registry.
--------------------------------------------------
Time: 2025-09-30T13:51:00.910783
Issue: <unset> | N/A
Message: Path parameter '+parent' for 'post' operation in '/v3/{+parent}/icons' was not resolved
Location: N/A
Fixed: False
Source: System
Issue Source: openapi-spec-validator
Issue Target: import-url_bundled-spec
Action: COULD NOT PROCESS: Issue definition for code '<unset>' not found in registry.
--------------------------------------------------
Time: 2025-09-30T13:51:00.950614
Issue: <unset> | N/A
Message: Path parameter '+parent' for 'post' operation in '/v3/{+parent}/listings:verify' was not resolved
Location: N/A
Fixed: False
Source: System
Issue Source: openapi-spec-validator
Issue Target: import-url_bundled-spec
Action: COULD NOT PROCESS: Issue definition for code '<unset>' not found in registry.
--------------------------------------------------
Time: 2025-09-30T13:51:00.985456
Issue: <unset> | N/A
Message: Path parameter '+parent' for 'get' operation in '/v3/{+parent}/priceAccuracyViews' was not resolved
Location: N/A
Fixed: False
Source: System
Issue Source: openapi-spec-validator
Issue Target: import-url_bundled-spec
Action: COULD NOT PROCESS: Issue definition for code '<unset>' not found in registry.
--------------------------------------------------
Time: 2025-09-30T13:51:01.065283
Issue: <unset> | N/A
Message: Path parameter '+parent' for 'get' operation in '/v3/{+parent}/priceAccuracyViews:summarize' was not resolved
Location: N/A
Fixed: False
Source: System
Issue Source: openapi-spec-validator
Issue Target: import-url_bundled-spec
Action: COULD NOT PROCESS: Issue definition for code '<unset>' not found in registry.
--------------------------------------------------
Time: 2025-09-30T13:51:01.135168
Issue: <unset> | N/A
Message: Path parameter '+parent' for 'get' operation in '/v3/{+parent}/priceCoverageViews' was not resolved
Location: N/A
Fixed: False
Source: System
Issue Source: openapi-spec-validator
Issue Target: import-url_bundled-spec
Action: COULD NOT PROCESS: Issue definition for code '<unset>' not found in registry.
--------------------------------------------------
Time: 2025-09-30T13:51:01.280649
Issue: <unset> | N/A
Message: Path parameter '+parent' for 'get' operation in '/v3/{+parent}/priceCoverageViews:latest' was not resolved
Location: N/A
Fixed: False
Source: System
Issue Source: openapi-spec-validator
Issue Target: import-url_bundled-spec
Action: COULD NOT PROCESS: Issue definition for code '<unset>' not found in registry.
--------------------------------------------------
Time: 2025-09-30T13:51:01.533854
Issue: <unset> | N/A
Message: Path parameter '+parent' for 'get' operation in '/v3/{+parent}/reconciliationReports' was not resolved
Location: N/A
Fixed: False
Source: System
Issue Source: openapi-spec-validator
Issue Target: import-url_bundled-spec
Action: COULD NOT PROCESS: Issue definition for code '<unset>' not found in registry.
--------------------------------------------------
Time: 2025-09-30T13:51:01.767890
Issue: <unset> | N/A
Message: Path parameter '+parent' for 'post' operation in '/v3/{+parent}/reconciliationReports' was not resolved
Location: N/A
Fixed: False
Source: System
Issue Source: openapi-spec-validator
Issue Target: import-url_bundled-spec
Action: COULD NOT PROCESS: Issue definition for code '<unset>' not found in registry.
--------------------------------------------------
Time: 2025-09-30T13:51:01.897654
Issue: <unset> | N/A
Message: Path parameter '+parent' for 'post' operation in '/v3/{+parent}/reconciliationReports:validate' was not resolved
Location: N/A
Fixed: False
Source: System
Issue Source: openapi-spec-validator
Issue Target: import-url_bundled-spec
Action: COULD NOT PROCESS: Issue definition for code '<unset>' not found in registry.
--------------------------------------------------
Time: 2025-09-30T13:51:01.992949
Issue: no-server-trailing-slash | N/A
Message: Server `url` should not have a trailing slash. [path: servers.0.url]
Location: N/A
Fixed: False
Source: System
Issue Source: redocly-validator
Issue Target: import-url_bundled-spec
Action: COULD NOT PROCESS: Issue definition for code 'no-server-trailing-slash' not found in registry.
--------------------------------------------------
Time: 2025-09-30T13:51:02.165629
Issue: operation-summary | N/A
Message: Operation object should contain `summary` field. [path: paths./v3/{+account}/hotels:setLiveOnGoogle.post.summary]
Location: N/A
Fixed: False
Source: System
Issue Source: redocly-validator
Issue Target: import-url_bundled-spec
Action: COULD NOT PROCESS: Issue definition for code 'operation-summary' not found in registry.
--------------------------------------------------
Time: 2025-09-30T13:51:02.248344
Issue: path-parameters-defined | N/A
Message: Path parameter `account` is not used in the path `/v3/{+account}/hotels:setLiveOnGoogle`. [path: paths./v3/{+account}/hotels:setLiveOnGoogle.post.parameters.0.name]
Location: N/A
Fixed: False
Source: System
Issue Source: redocly-validator
Issue Target: import-url_bundled-spec
Action: COULD NOT PROCESS: Issue definition for code 'path-parameters-defined' not found in registry.
--------------------------------------------------
Time: 2025-09-30T13:51:02.391097
Issue: operation-summary | N/A
Message: Operation object should contain `summary` field. [path: paths./v3/{+name}.get.summary]
Location: N/A
Fixed: False
Source: System
Issue Source: redocly-validator
Issue Target: import-url_bundled-spec
Action: COULD NOT PROCESS: Issue definition for code 'operation-summary' not found in registry.
--------------------------------------------------
Time: 2025-09-30T13:51:02.503182
Issue: path-parameters-defined | N/A
Message: Path parameter `name` is not used in the path `/v3/{+name}`. [path: paths./v3/{+name}.get.parameters.0.name]
Location: N/A
Fixed: False
Source: System
Issue Source: redocly-validator
Issue Target: import-url_bundled-spec
Action: COULD NOT PROCESS: Issue definition for code 'path-parameters-defined' not found in registry.
--------------------------------------------------
Time: 2025-09-30T13:51:02.536322
Issue: operation-summary | N/A
Message: Operation object should contain `summary` field. [path: paths./v3/{+name}.delete.summary]
Location: N/A
Fixed: False
Source: System
Issue Source: redocly-validator
Issue Target: import-url_bundled-spec
Action: COULD NOT PROCESS: Issue definition for code 'operation-summary' not found in registry.
--------------------------------------------------
Time: 2025-09-30T13:51:02.599744
Issue: path-parameters-defined | N/A
Message: Path parameter `name` is not used in the path `/v3/{+name}`. [path: paths./v3/{+name}.delete.parameters.0.name]
Location: N/A
Fixed: False
Source: System
Issue Source: redocly-validator
Issue Target: import-url_bundled-spec
Action: COULD NOT PROCESS: Issue definition for code 'path-parameters-defined' not found in registry.
--------------------------------------------------
Time: 2025-09-30T13:51:02.671250
Issue: operation-summary | N/A
Message: Operation object should contain `summary` field. [path: paths./v3/{+name}.patch.summary]
Location: N/A
Fixed: False
Source: System
Issue Source: redocly-validator
Issue Target: import-url_bundled-spec
Action: COULD NOT PROCESS: Issue definition for code 'operation-summary' not found in registry.
--------------------------------------------------
Time: 2025-09-30T13:51:02.754418
Issue: path-parameters-defined | N/A
Message: Path parameter `name` is not used in the path `/v3/{+name}`. [path: paths./v3/{+name}.patch.parameters.0.name]
Location: N/A
Fixed: False
Source: System
Issue Source: redocly-validator
Issue Target: import-url_bundled-spec
Action: COULD NOT PROCESS: Issue definition for code 'path-parameters-defined' not found in registry.
--------------------------------------------------
Time: 2025-09-30T13:51:02.829360
Issue: operation-summary | N/A
Message: Operation object should contain `summary` field. [path: paths./v3/{+name}/freeBookingLinksReportViews:query.get.summary]
Location: N/A
Fixed: False
Source: System
Issue Source: redocly-validator
Issue Target: import-url_bundled-spec
Action: COULD NOT PROCESS: Issue definition for code 'operation-summary' not found in registry.
--------------------------------------------------
Time: 2025-09-30T13:51:02.884385
Issue: path-parameters-defined | N/A
Message: Path parameter `name` is not used in the path `/v3/{+name}/freeBookingLinksReportViews:query`. [path: paths./v3/{+name}/freeBookingLinksReportViews:query.get.parameters.0.name]
Location: N/A
Fixed: False
Source: System
Issue Source: redocly-validator
Issue Target: import-url_bundled-spec
Action: COULD NOT PROCESS: Issue definition for code 'path-parameters-defined' not found in registry.
--------------------------------------------------
Time: 2025-09-30T13:51:02.981841
Issue: operation-summary | N/A
Message: Operation object should contain `summary` field. [path: paths./v3/{+name}/participationReportViews:query.get.summary]
Location: N/A
Fixed: False
Source: System
Issue Source: redocly-validator
Issue Target: import-url_bundled-spec
Action: COULD NOT PROCESS: Issue definition for code 'operation-summary' not found in registry.
--------------------------------------------------
Time: 2025-09-30T13:51:03.047045
Issue: path-parameters-defined | N/A
Message: Path parameter `name` is not used in the path `/v3/{+name}/participationReportViews:query`. [path: paths./v3/{+name}/participationReportViews:query.get.parameters.0.name]
Location: N/A
Fixed: False
Source: System
Issue Source: redocly-validator
Issue Target: import-url_bundled-spec
Action: COULD NOT PROCESS: Issue definition for code 'path-parameters-defined' not found in registry.
--------------------------------------------------
Time: 2025-09-30T13:51:03.097216
Issue: operation-summary | N/A
Message: Operation object should contain `summary` field. [path: paths./v3/{+name}/propertyPerformanceReportViews:query.get.summary]
Location: N/A
Fixed: False
Source: System
Issue Source: redocly-validator
Issue Target: import-url_bundled-spec
Action: COULD NOT PROCESS: Issue definition for code 'operation-summary' not found in registry.
--------------------------------------------------
Time: 2025-09-30T13:51:03.284215
Issue: path-parameters-defined | N/A
Message: Path parameter `name` is not used in the path `/v3/{+name}/propertyPerformanceReportViews:query`. [path: paths./v3/{+name}/propertyPerformanceReportViews:query.get.parameters.0.name]
Location: N/A
Fixed: False
Source: System
Issue Source: redocly-validator
Issue Target: import-url_bundled-spec
Action: COULD NOT PROCESS: Issue definition for code 'path-parameters-defined' not found in registry.
--------------------------------------------------
Time: 2025-09-30T13:51:03.390131
Issue: operation-summary | N/A
Message: Operation object should contain `summary` field. [path: paths./v3/{+parent}/accountLinks.get.summary]
Location: N/A
Fixed: False
Source: System
Issue Source: redocly-validator
Issue Target: import-url_bundled-spec
Action: COULD NOT PROCESS: Issue definition for code 'operation-summary' not found in registry.
--------------------------------------------------
Time: 2025-09-30T13:51:03.468122
Issue: path-parameters-defined | N/A
Message: Path parameter `parent` is not used in the path `/v3/{+parent}/accountLinks`. [path: paths./v3/{+parent}/accountLinks.get.parameters.0.name]
Location: N/A
Fixed: False
Source: System
Issue Source: redocly-validator
Issue Target: import-url_bundled-spec
Action: COULD NOT PROCESS: Issue definition for code 'path-parameters-defined' not found in registry.
--------------------------------------------------
Time: 2025-09-30T13:51:03.607232
Issue: operation-summary | N/A
Message: Operation object should contain `summary` field. [path: paths./v3/{+parent}/accountLinks.post.summary]
Location: N/A
Fixed: False
Source: System
Issue Source: redocly-validator
Issue Target: import-url_bundled-spec
Action: COULD NOT PROCESS: Issue definition for code 'operation-summary' not found in registry.
--------------------------------------------------
Time: 2025-09-30T13:51:03.762850
Issue: path-parameters-defined | N/A
Message: Path parameter `parent` is not used in the path `/v3/{+parent}/accountLinks`. [path: paths./v3/{+parent}/accountLinks.post.parameters.0.name]
Location: N/A
Fixed: False
Source: System
Issue Source: redocly-validator
Issue Target: import-url_bundled-spec
Action: COULD NOT PROCESS: Issue definition for code 'path-parameters-defined' not found in registry.
--------------------------------------------------
Time: 2025-09-30T13:51:03.946146
Issue: operation-summary | N/A
Message: Operation object should contain `summary` field. [path: paths./v3/{+parent}/brands.get.summary]
Location: N/A
Fixed: False
Source: System
Issue Source: redocly-validator
Issue Target: import-url_bundled-spec
Action: COULD NOT PROCESS: Issue definition for code 'operation-summary' not found in registry.
--------------------------------------------------
Time: 2025-09-30T13:51:04.020372
Issue: path-parameters-defined | N/A
Message: Path parameter `parent` is not used in the path `/v3/{+parent}/brands`. [path: paths./v3/{+parent}/brands.get.parameters.0.name]
Location: N/A
Fixed: False
Source: System
Issue Source: redocly-validator
Issue Target: import-url_bundled-spec
Action: COULD NOT PROCESS: Issue definition for code 'path-parameters-defined' not found in registry.
--------------------------------------------------
Time: 2025-09-30T13:51:04.129662
Issue: operation-summary | N/A
Message: Operation object should contain `summary` field. [path: paths./v3/{+parent}/brands.post.summary]
Location: N/A
Fixed: False
Source: System
Issue Source: redocly-validator
Issue Target: import-url_bundled-spec
Action: COULD NOT PROCESS: Issue definition for code 'operation-summary' not found in registry.
--------------------------------------------------
Time: 2025-09-30T13:51:04.243042
Issue: path-parameters-defined | N/A
Message: Path parameter `parent` is not used in the path `/v3/{+parent}/brands`. [path: paths./v3/{+parent}/brands.post.parameters.0.name]
Location: N/A
Fixed: False
Source: System
Issue Source: redocly-validator
Issue Target: import-url_bundled-spec
Action: COULD NOT PROCESS: Issue definition for code 'path-parameters-defined' not found in registry.
--------------------------------------------------
Time: 2025-09-30T13:51:04.372892
Issue: operation-summary | N/A
Message: Operation object should contain `summary` field. [path: paths./v3/{+parent}/hotelViews.get.summary]
Location: N/A
Fixed: False
Source: System
Issue Source: redocly-validator
Issue Target: import-url_bundled-spec
Action: COULD NOT PROCESS: Issue definition for code 'operation-summary' not found in registry.
--------------------------------------------------
Time: 2025-09-30T13:51:04.485503
Issue: path-parameters-defined | N/A
Message: Path parameter `parent` is not used in the path `/v3/{+parent}/hotelViews`. [path: paths./v3/{+parent}/hotelViews.get.parameters.0.name]
Location: N/A
Fixed: False
Source: System
Issue Source: redocly-validator
Issue Target: import-url_bundled-spec
Action: COULD NOT PROCESS: Issue definition for code 'path-parameters-defined' not found in registry.
--------------------------------------------------
Time: 2025-09-30T13:51:04.670990
Issue: struct | N/A
Message: Property `enumDeprecated` is not expected here. [path: components.schemas.DataIssueDetail.properties.dataIssueType.enumDeprecated]
Location: N/A
Fixed: False
Source: System
Issue Source: redocly-validator
Issue Target: import-url_bundled-spec
Action: COULD NOT PROCESS: Issue definition for code 'struct' not found in registry.
--------------------------------------------------
Time: 2025-09-30T13:51:04.798791
Issue: struct | N/A
Message: Property `enumDeprecated` is not expected here. [path: components.schemas.HotelView.properties.dataIssues.items.enumDeprecated]
Location: N/A
Fixed: False
Source: System
Issue Source: redocly-validator
Issue Target: import-url_bundled-spec
Action: COULD NOT PROCESS: Issue definition for code 'struct' not found in registry.
--------------------------------------------------
Time: 2025-09-30T13:51:04.841188
Issue: operation-summary | N/A
Message: Operation object should contain `summary` field. [path: paths./v3/{+parent}/hotelViews:summarize.get.summary]
Location: N/A
Fixed: False
Source: System
Issue Source: redocly-validator
Issue Target: import-url_bundled-spec
Action: COULD NOT PROCESS: Issue definition for code 'operation-summary' not found in registry.
--------------------------------------------------
Time: 2025-09-30T13:51:04.905013
Issue: path-parameters-defined | N/A
Message: Path parameter `parent` is not used in the path `/v3/{+parent}/hotelViews:summarize`. [path: paths./v3/{+parent}/hotelViews:summarize.get.parameters.0.name]
Location: N/A
Fixed: False
Source: System
Issue Source: redocly-validator
Issue Target: import-url_bundled-spec
Action: COULD NOT PROCESS: Issue definition for code 'path-parameters-defined' not found in registry.
--------------------------------------------------
Time: 2025-09-30T13:51:04.966805
Issue: operation-summary | N/A
Message: Operation object should contain `summary` field. [path: paths./v3/{+parent}/icons.get.summary]
Location: N/A
Fixed: False
Source: System
Issue Source: redocly-validator
Issue Target: import-url_bundled-spec
Action: COULD NOT PROCESS: Issue definition for code 'operation-summary' not found in registry.
--------------------------------------------------
Time: 2025-09-30T13:51:05.031177
Issue: path-parameters-defined | N/A
Message: Path parameter `parent` is not used in the path `/v3/{+parent}/icons`. [path: paths./v3/{+parent}/icons.get.parameters.0.name]
Location: N/A
Fixed: False
Source: System
Issue Source: redocly-validator
Issue Target: import-url_bundled-spec
Action: COULD NOT PROCESS: Issue definition for code 'path-parameters-defined' not found in registry.
--------------------------------------------------
Time: 2025-09-30T13:51:05.080319
Issue: operation-summary | N/A
Message: Operation object should contain `summary` field. [path: paths./v3/{+parent}/icons.post.summary]
Location: N/A
Fixed: False
Source: System
Issue Source: redocly-validator
Issue Target: import-url_bundled-spec
Action: COULD NOT PROCESS: Issue definition for code 'operation-summary' not found in registry.
--------------------------------------------------
Time: 2025-09-30T13:51:05.139368
Issue: path-parameters-defined | N/A
Message: Path parameter `parent` is not used in the path `/v3/{+parent}/icons`. [path: paths./v3/{+parent}/icons.post.parameters.0.name]
Location: N/A
Fixed: False
Source: System
Issue Source: redocly-validator
Issue Target: import-url_bundled-spec
Action: COULD NOT PROCESS: Issue definition for code 'path-parameters-defined' not found in registry.
--------------------------------------------------
Time: 2025-09-30T13:51:05.237955
Issue: operation-summary | N/A
Message: Operation object should contain `summary` field. [path: paths./v3/{+parent}/listings:verify.post.summary]
Location: N/A
Fixed: False
Source: System
Issue Source: redocly-validator
Issue Target: import-url_bundled-spec
Action: COULD NOT PROCESS: Issue definition for code 'operation-summary' not found in registry.
--------------------------------------------------
Time: 2025-09-30T13:51:05.318241
Issue: path-parameters-defined | N/A
Message: Path parameter `parent` is not used in the path `/v3/{+parent}/listings:verify`. [path: paths./v3/{+parent}/listings:verify.post.parameters.0.name]
Location: N/A
Fixed: False
Source: System
Issue Source: redocly-validator
Issue Target: import-url_bundled-spec
Action: COULD NOT PROCESS: Issue definition for code 'path-parameters-defined' not found in registry.
--------------------------------------------------
Time: 2025-09-30T13:51:05.458138
Issue: operation-summary | N/A
Message: Operation object should contain `summary` field. [path: paths./v3/{+parent}/priceAccuracyViews.get.summary]
Location: N/A
Fixed: False
Source: System
Issue Source: redocly-validator
Issue Target: import-url_bundled-spec
Action: COULD NOT PROCESS: Issue definition for code 'operation-summary' not found in registry.
--------------------------------------------------
Time: 2025-09-30T13:51:05.534393
Issue: path-parameters-defined | N/A
Message: Path parameter `parent` is not used in the path `/v3/{+parent}/priceAccuracyViews`. [path: paths./v3/{+parent}/priceAccuracyViews.get.parameters.0.name]
Location: N/A
Fixed: False
Source: System
Issue Source: redocly-validator
Issue Target: import-url_bundled-spec
Action: COULD NOT PROCESS: Issue definition for code 'path-parameters-defined' not found in registry.
--------------------------------------------------
Time: 2025-09-30T13:51:05.633954
Issue: operation-summary | N/A
Message: Operation object should contain `summary` field. [path: paths./v3/{+parent}/priceAccuracyViews:summarize.get.summary]
Location: N/A
Fixed: False
Source: System
Issue Source: redocly-validator
Issue Target: import-url_bundled-spec
Action: COULD NOT PROCESS: Issue definition for code 'operation-summary' not found in registry.
--------------------------------------------------
Time: 2025-09-30T13:51:05.743311
Issue: path-parameters-defined | N/A
Message: Path parameter `parent` is not used in the path `/v3/{+parent}/priceAccuracyViews:summarize`. [path: paths./v3/{+parent}/priceAccuracyViews:summarize.get.parameters.0.name]
Location: N/A
Fixed: False
Source: System
Issue Source: redocly-validator
Issue Target: import-url_bundled-spec
Action: COULD NOT PROCESS: Issue definition for code 'path-parameters-defined' not found in registry.
--------------------------------------------------
Time: 2025-09-30T13:51:05.815929
Issue: operation-summary | N/A
Message: Operation object should contain `summary` field. [path: paths./v3/{+parent}/priceCoverageViews.get.summary]
Location: N/A
Fixed: False
Source: System
Issue Source: redocly-validator
Issue Target: import-url_bundled-spec
Action: COULD NOT PROCESS: Issue definition for code 'operation-summary' not found in registry.
--------------------------------------------------
Time: 2025-09-30T13:51:05.857547
Issue: path-parameters-defined | N/A
Message: Path parameter `parent` is not used in the path `/v3/{+parent}/priceCoverageViews`. [path: paths./v3/{+parent}/priceCoverageViews.get.parameters.0.name]
Location: N/A
Fixed: False
Source: System
Issue Source: redocly-validator
Issue Target: import-url_bundled-spec
Action: COULD NOT PROCESS: Issue definition for code 'path-parameters-defined' not found in registry.
--------------------------------------------------
Time: 2025-09-30T13:51:05.929100
Issue: operation-summary | N/A
Message: Operation object should contain `summary` field. [path: paths./v3/{+parent}/priceCoverageViews:latest.get.summary]
Location: N/A
Fixed: False
Source: System
Issue Source: redocly-validator
Issue Target: import-url_bundled-spec
Action: COULD NOT PROCESS: Issue definition for code 'operation-summary' not found in registry.
--------------------------------------------------
Time: 2025-09-30T13:51:06.005863
Issue: path-parameters-defined | N/A
Message: Path parameter `parent` is not used in the path `/v3/{+parent}/priceCoverageViews:latest`. [path: paths./v3/{+parent}/priceCoverageViews:latest.get.parameters.0.name]
Location: N/A
Fixed: False
Source: System
Issue Source: redocly-validator
Issue Target: import-url_bundled-spec
Action: COULD NOT PROCESS: Issue definition for code 'path-parameters-defined' not found in registry.
--------------------------------------------------
Time: 2025-09-30T13:51:06.082540
Issue: operation-summary | N/A
Message: Operation object should contain `summary` field. [path: paths./v3/{+parent}/reconciliationReports.get.summary]
Location: N/A
Fixed: False
Source: System
Issue Source: redocly-validator
Issue Target: import-url_bundled-spec
Action: COULD NOT PROCESS: Issue definition for code 'operation-summary' not found in registry.
--------------------------------------------------
Time: 2025-09-30T13:51:06.120999
Issue: path-parameters-defined | N/A
Message: Path parameter `parent` is not used in the path `/v3/{+parent}/reconciliationReports`. [path: paths./v3/{+parent}/reconciliationReports.get.parameters.0.name]
Location: N/A
Fixed: False
Source: System
Issue Source: redocly-validator
Issue Target: import-url_bundled-spec
Action: COULD NOT PROCESS: Issue definition for code 'path-parameters-defined' not found in registry.
--------------------------------------------------
Time: 2025-09-30T13:51:06.195200
Issue: operation-summary | N/A
Message: Operation object should contain `summary` field. [path: paths./v3/{+parent}/reconciliationReports.post.summary]
Location: N/A
Fixed: False
Source: System
Issue Source: redocly-validator
Issue Target: import-url_bundled-spec
Action: COULD NOT PROCESS: Issue definition for code 'operation-summary' not found in registry.
--------------------------------------------------
Time: 2025-09-30T13:51:06.290239
Issue: path-parameters-defined | N/A
Message: Path parameter `parent` is not used in the path `/v3/{+parent}/reconciliationReports`. [path: paths./v3/{+parent}/reconciliationReports.post.parameters.0.name]
Location: N/A
Fixed: False
Source: System
Issue Source: redocly-validator
Issue Target: import-url_bundled-spec
Action: COULD NOT PROCESS: Issue definition for code 'path-parameters-defined' not found in registry.
--------------------------------------------------
Time: 2025-09-30T13:51:07.728859
Issue: operation-summary | N/A
Message: Operation object should contain `summary` field. [path: paths./v3/{+parent}/reconciliationReports:validate.post.summary]
Location: N/A
Fixed: False
Source: System
Issue Source: redocly-validator
Issue Target: import-url_bundled-spec
Action: COULD NOT PROCESS: Issue definition for code 'operation-summary' not found in registry.
--------------------------------------------------
Time: 2025-09-30T13:51:07.850201
Issue: path-parameters-defined | N/A
Message: Path parameter `parent` is not used in the path `/v3/{+parent}/reconciliationReports:validate`. [path: paths./v3/{+parent}/reconciliationReports:validate.post.parameters.0.name]
Location: N/A
Fixed: False
Source: System
Issue Source: redocly-validator
Issue Target: import-url_bundled-spec
Action: COULD NOT PROCESS: Issue definition for code 'path-parameters-defined' not found in registry.
--------------------------------------------------
Time: 2025-09-30T13:51:08.052463
Issue: security-defined | N/A
Message: Every operation should have security defined on it or on the root level. [path: paths./v3/{+account}/hotels:setLiveOnGoogle.post]
Location: N/A
Fixed: False
Source: System
Issue Source: redocly-validator
Issue Target: import-url_bundled-spec
Action: COULD NOT PROCESS: Issue definition for code 'security-defined' not found in registry.
--------------------------------------------------
Time: 2025-09-30T13:51:08.322533
Issue: security-defined | N/A
Message: Every operation should have security defined on it or on the root level. [path: paths./v3/{+name}.get]
Location: N/A
Fixed: False
Source: System
Issue Source: redocly-validator
Issue Target: import-url_bundled-spec
Action: COULD NOT PROCESS: Issue definition for code 'security-defined' not found in registry.
--------------------------------------------------
Time: 2025-09-30T13:51:08.582713
Issue: security-defined | N/A
Message: Every operation should have security defined on it or on the root level. [path: paths./v3/{+name}.delete]
Location: N/A
Fixed: False
Source: System
Issue Source: redocly-validator
Issue Target: import-url_bundled-spec
Action: COULD NOT PROCESS: Issue definition for code 'security-defined' not found in registry.
--------------------------------------------------
Time: 2025-09-30T13:51:08.673227
Issue: security-defined | N/A
Message: Every operation should have security defined on it or on the root level. [path: paths./v3/{+name}.patch]
Location: N/A
Fixed: False
Source: System
Issue Source: redocly-validator
Issue Target: import-url_bundled-spec
Action: COULD NOT PROCESS: Issue definition for code 'security-defined' not found in registry.
--------------------------------------------------
Time: 2025-09-30T13:51:08.842761
Issue: security-defined | N/A
Message: Every operation should have security defined on it or on the root level. [path: paths./v3/{+name}/freeBookingLinksReportViews:query.get]
Location: N/A
Fixed: False
Source: System
Issue Source: redocly-validator
Issue Target: import-url_bundled-spec
Action: COULD NOT PROCESS: Issue definition for code 'security-defined' not found in registry.
--------------------------------------------------
Time: 2025-09-30T13:51:08.995160
Issue: security-defined | N/A
Message: Every operation should have security defined on it or on the root level. [path: paths./v3/{+name}/participationReportViews:query.get]
Location: N/A
Fixed: False
Source: System
Issue Source: redocly-validator
Issue Target: import-url_bundled-spec
Action: COULD NOT PROCESS: Issue definition for code 'security-defined' not found in registry.
--------------------------------------------------
Time: 2025-09-30T13:51:09.101359
Issue: security-defined | N/A
Message: Every operation should have security defined on it or on the root level. [path: paths./v3/{+name}/propertyPerformanceReportViews:query.get]
Location: N/A
Fixed: False
Source: System
Issue Source: redocly-validator
Issue Target: import-url_bundled-spec
Action: COULD NOT PROCESS: Issue definition for code 'security-defined' not found in registry.
--------------------------------------------------
Time: 2025-09-30T13:51:09.164506
Issue: security-defined | N/A
Message: Every operation should have security defined on it or on the root level. [path: paths./v3/{+parent}/accountLinks.get]
Location: N/A
Fixed: False
Source: System
Issue Source: redocly-validator
Issue Target: import-url_bundled-spec
Action: COULD NOT PROCESS: Issue definition for code 'security-defined' not found in registry.
--------------------------------------------------
Time: 2025-09-30T13:51:09.236482
Issue: security-defined | N/A
Message: Every operation should have security defined on it or on the root level. [path: paths./v3/{+parent}/accountLinks.post]
Location: N/A
Fixed: False
Source: System
Issue Source: redocly-validator
Issue Target: import-url_bundled-spec
Action: COULD NOT PROCESS: Issue definition for code 'security-defined' not found in registry.
--------------------------------------------------
Time: 2025-09-30T13:51:09.280875
Issue: security-defined | N/A
Message: Every operation should have security defined on it or on the root level. [path: paths./v3/{+parent}/brands.get]
Location: N/A
Fixed: False
Source: System
Issue Source: redocly-validator
Issue Target: import-url_bundled-spec
Action: COULD NOT PROCESS: Issue definition for code 'security-defined' not found in registry.
--------------------------------------------------
Time: 2025-09-30T13:51:09.351186
Issue: security-defined | N/A
Message: Every operation should have security defined on it or on the root level. [path: paths./v3/{+parent}/brands.post]
Location: N/A
Fixed: False
Source: System
Issue Source: redocly-validator
Issue Target: import-url_bundled-spec
Action: COULD NOT PROCESS: Issue definition for code 'security-defined' not found in registry.
--------------------------------------------------
Time: 2025-09-30T13:51:09.456987
Issue: security-defined | N/A
Message: Every operation should have security defined on it or on the root level. [path: paths./v3/{+parent}/hotelViews.get]
Location: N/A
Fixed: False
Source: System
Issue Source: redocly-validator
Issue Target: import-url_bundled-spec
Action: COULD NOT PROCESS: Issue definition for code 'security-defined' not found in registry.
--------------------------------------------------
Time: 2025-09-30T13:51:09.526142
Issue: security-defined | N/A
Message: Every operation should have security defined on it or on the root level. [path: paths./v3/{+parent}/hotelViews:summarize.get]
Location: N/A
Fixed: False
Source: System
Issue Source: redocly-validator
Issue Target: import-url_bundled-spec
Action: COULD NOT PROCESS: Issue definition for code 'security-defined' not found in registry.
--------------------------------------------------
Time: 2025-09-30T13:51:09.570558
Issue: security-defined | N/A
Message: Every operation should have security defined on it or on the root level. [path: paths./v3/{+parent}/icons.get]
Location: N/A
Fixed: False
Source: System
Issue Source: redocly-validator
Issue Target: import-url_bundled-spec
Action: COULD NOT PROCESS: Issue definition for code 'security-defined' not found in registry.
--------------------------------------------------
Time: 2025-09-30T13:51:09.626612
Issue: security-defined | N/A
Message: Every operation should have security defined on it or on the root level. [path: paths./v3/{+parent}/icons.post]
Location: N/A
Fixed: False
Source: System
Issue Source: redocly-validator
Issue Target: import-url_bundled-spec
Action: COULD NOT PROCESS: Issue definition for code 'security-defined' not found in registry.
--------------------------------------------------
Time: 2025-09-30T13:51:09.698444
Issue: security-defined | N/A
Message: Every operation should have security defined on it or on the root level. [path: paths./v3/{+parent}/listings:verify.post]
Location: N/A
Fixed: False
Source: System
Issue Source: redocly-validator
Issue Target: import-url_bundled-spec
Action: COULD NOT PROCESS: Issue definition for code 'security-defined' not found in registry.
--------------------------------------------------
Time: 2025-09-30T13:51:09.764419
Issue: security-defined | N/A
Message: Every operation should have security defined on it or on the root level. [path: paths./v3/{+parent}/priceAccuracyViews.get]
Location: N/A
Fixed: False
Source: System
Issue Source: redocly-validator
Issue Target: import-url_bundled-spec
Action: COULD NOT PROCESS: Issue definition for code 'security-defined' not found in registry.
--------------------------------------------------
Time: 2025-09-30T13:51:09.813293
Issue: security-defined | N/A
Message: Every operation should have security defined on it or on the root level. [path: paths./v3/{+parent}/priceAccuracyViews:summarize.get]
Location: N/A
Fixed: False
Source: System
Issue Source: redocly-validator
Issue Target: import-url_bundled-spec
Action: COULD NOT PROCESS: Issue definition for code 'security-defined' not found in registry.
--------------------------------------------------
Time: 2025-09-30T13:51:09.872880
Issue: security-defined | N/A
Message: Every operation should have security defined on it or on the root level. [path: paths./v3/{+parent}/priceCoverageViews.get]
Location: N/A
Fixed: False
Source: System
Issue Source: redocly-validator
Issue Target: import-url_bundled-spec
Action: COULD NOT PROCESS: Issue definition for code 'security-defined' not found in registry.
--------------------------------------------------
Time: 2025-09-30T13:51:09.948596
Issue: security-defined | N/A
Message: Every operation should have security defined on it or on the root level. [path: paths./v3/{+parent}/priceCoverageViews:latest.get]
Location: N/A
Fixed: False
Source: System
Issue Source: redocly-validator
Issue Target: import-url_bundled-spec
Action: COULD NOT PROCESS: Issue definition for code 'security-defined' not found in registry.
--------------------------------------------------
Time: 2025-09-30T13:51:10.018142
Issue: security-defined | N/A
Message: Every operation should have security defined on it or on the root level. [path: paths./v3/{+parent}/reconciliationReports.get]
Location: N/A
Fixed: False
Source: System
Issue Source: redocly-validator
Issue Target: import-url_bundled-spec
Action: COULD NOT PROCESS: Issue definition for code 'security-defined' not found in registry.
--------------------------------------------------
Time: 2025-09-30T13:51:10.077788
Issue: security-defined | N/A
Message: Every operation should have security defined on it or on the root level. [path: paths./v3/{+parent}/reconciliationReports.post]
Location: N/A
Fixed: False
Source: System
Issue Source: redocly-validator
Issue Target: import-url_bundled-spec
Action: COULD NOT PROCESS: Issue definition for code 'security-defined' not found in registry.
--------------------------------------------------
Time: 2025-09-30T13:51:10.125953
Issue: security-defined | N/A
Message: Every operation should have security defined on it or on the root level. [path: paths./v3/{+parent}/reconciliationReports:validate.post]
Location: N/A
Fixed: False
Source: System
Issue Source: redocly-validator
Issue Target: import-url_bundled-spec
Action: COULD NOT PROCESS: Issue definition for code 'security-defined' not found in registry.
--------------------------------------------------
Time: 2025-09-30T13:51:10.194250
Issue: tag-description | N/A
Message: Tag object should contain `description` field. [path: tags.0.description]
Location: N/A
Fixed: False
Source: System
Issue Source: redocly-validator
Issue Target: import-url_bundled-spec
Action: COULD NOT PROCESS: Issue definition for code 'tag-description' not found in registry.
--------------------------------------------------
Time: 2025-09-30T13:51:10.292268
Issue: operation-4xx-response | N/A
Message: Operation must have at least one `4XX` response. [path: paths./v3/{+account}/hotels:setLiveOnGoogle.post.responses]
Location: N/A
Fixed: False
Source: System
Issue Source: redocly-validator
Issue Target: import-url_bundled-spec
Action: COULD NOT PROCESS: Issue definition for code 'operation-4xx-response' not found in registry.
--------------------------------------------------
Time: 2025-09-30T13:51:10.476921
Issue: operation-4xx-response | N/A
Message: Operation must have at least one `4XX` response. [path: paths./v3/{+name}.get.responses]
Location: N/A
Fixed: False
Source: System
Issue Source: redocly-validator
Issue Target: import-url_bundled-spec
Action: COULD NOT PROCESS: Issue definition for code 'operation-4xx-response' not found in registry.
--------------------------------------------------
Time: 2025-09-30T13:51:10.575042
Issue: operation-4xx-response | N/A
Message: Operation must have at least one `4XX` response. [path: paths./v3/{+name}.delete.responses]
Location: N/A
Fixed: False
Source: System
Issue Source: redocly-validator
Issue Target: import-url_bundled-spec
Action: COULD NOT PROCESS: Issue definition for code 'operation-4xx-response' not found in registry.
--------------------------------------------------
Time: 2025-09-30T13:51:10.688299
Issue: operation-4xx-response | N/A
Message: Operation must have at least one `4XX` response. [path: paths./v3/{+name}.patch.responses]
Location: N/A
Fixed: False
Source: System
Issue Source: redocly-validator
Issue Target: import-url_bundled-spec
Action: COULD NOT PROCESS: Issue definition for code 'operation-4xx-response' not found in registry.
--------------------------------------------------
Time: 2025-09-30T13:51:10.801400
Issue: operation-4xx-response | N/A
Message: Operation must have at least one `4XX` response. [path: paths./v3/{+name}/freeBookingLinksReportViews:query.get.responses]
Location: N/A
Fixed: False
Source: System
Issue Source: redocly-validator
Issue Target: import-url_bundled-spec
Action: COULD NOT PROCESS: Issue definition for code 'operation-4xx-response' not found in registry.
--------------------------------------------------
Time: 2025-09-30T13:51:10.909875
Issue: operation-4xx-response | N/A
Message: Operation must have at least one `4XX` response. [path: paths./v3/{+name}/participationReportViews:query.get.responses]
Location: N/A
Fixed: False
Source: System
Issue Source: redocly-validator
Issue Target: import-url_bundled-spec
Action: COULD NOT PROCESS: Issue definition for code 'operation-4xx-response' not found in registry.
--------------------------------------------------
Time: 2025-09-30T13:51:11.130904
Issue: operation-4xx-response | N/A
Message: Operation must have at least one `4XX` response. [path: paths./v3/{+name}/propertyPerformanceReportViews:query.get.responses]
Location: N/A
Fixed: False
Source: System
Issue Source: redocly-validator
Issue Target: import-url_bundled-spec
Action: COULD NOT PROCESS: Issue definition for code 'operation-4xx-response' not found in registry.
--------------------------------------------------
Time: 2025-09-30T13:51:11.229543
Issue: operation-4xx-response | N/A
Message: Operation must have at least one `4XX` response. [path: paths./v3/{+parent}/accountLinks.get.responses]
Location: N/A
Fixed: False
Source: System
Issue Source: redocly-validator
Issue Target: import-url_bundled-spec
Action: COULD NOT PROCESS: Issue definition for code 'operation-4xx-response' not found in registry.
--------------------------------------------------
Time: 2025-09-30T13:51:11.402415
Issue: operation-4xx-response | N/A
Message: Operation must have at least one `4XX` response. [path: paths./v3/{+parent}/accountLinks.post.responses]
Location: N/A
Fixed: False
Source: System
Issue Source: redocly-validator
Issue Target: import-url_bundled-spec
Action: COULD NOT PROCESS: Issue definition for code 'operation-4xx-response' not found in registry.
--------------------------------------------------
Time: 2025-09-30T13:51:11.475478
Issue: operation-4xx-response | N/A
Message: Operation must have at least one `4XX` response. [path: paths./v3/{+parent}/brands.get.responses]
Location: N/A
Fixed: False
Source: System
Issue Source: redocly-validator
Issue Target: import-url_bundled-spec
Action: COULD NOT PROCESS: Issue definition for code 'operation-4xx-response' not found in registry.
--------------------------------------------------
Time: 2025-09-30T13:51:11.650172
Issue: operation-4xx-response | N/A
Message: Operation must have at least one `4XX` response. [path: paths./v3/{+parent}/brands.post.responses]
Location: N/A
Fixed: False
Source: System
Issue Source: redocly-validator
Issue Target: import-url_bundled-spec
Action: COULD NOT PROCESS: Issue definition for code 'operation-4xx-response' not found in registry.
--------------------------------------------------
Time: 2025-09-30T13:51:11.805653
Issue: operation-4xx-response | N/A
Message: Operation must have at least one `4XX` response. [path: paths./v3/{+parent}/hotelViews.get.responses]
Location: N/A
Fixed: False
Source: System
Issue Source: redocly-validator
Issue Target: import-url_bundled-spec
Action: COULD NOT PROCESS: Issue definition for code 'operation-4xx-response' not found in registry.
--------------------------------------------------
Time: 2025-09-30T13:51:11.954727
Issue: operation-4xx-response | N/A
Message: Operation must have at least one `4XX` response. [path: paths./v3/{+parent}/hotelViews:summarize.get.responses]
Location: N/A
Fixed: False
Source: System
Issue Source: redocly-validator
Issue Target: import-url_bundled-spec
Action: COULD NOT PROCESS: Issue definition for code 'operation-4xx-response' not found in registry.
--------------------------------------------------
Time: 2025-09-30T13:51:12.001924
Issue: operation-4xx-response | N/A
Message: Operation must have at least one `4XX` response. [path: paths./v3/{+parent}/icons.get.responses]
Location: N/A
Fixed: False
Source: System
Issue Source: redocly-validator
Issue Target: import-url_bundled-spec
Action: COULD NOT PROCESS: Issue definition for code 'operation-4xx-response' not found in registry.
--------------------------------------------------
Time: 2025-09-30T13:51:12.138182
Issue: operation-4xx-response | N/A
Message: Operation must have at least one `4XX` response. [path: paths./v3/{+parent}/icons.post.responses]
Location: N/A
Fixed: False
Source: System
Issue Source: redocly-validator
Issue Target: import-url_bundled-spec
Action: COULD NOT PROCESS: Issue definition for code 'operation-4xx-response' not found in registry.
--------------------------------------------------
Time: 2025-09-30T13:51:12.236186
Issue: operation-4xx-response | N/A
Message: Operation must have at least one `4XX` response. [path: paths./v3/{+parent}/listings:verify.post.responses]
Location: N/A
Fixed: False
Source: System
Issue Source: redocly-validator
Issue Target: import-url_bundled-spec
Action: COULD NOT PROCESS: Issue definition for code 'operation-4xx-response' not found in registry.
--------------------------------------------------
Time: 2025-09-30T13:51:12.369478
Issue: operation-4xx-response | N/A
Message: Operation must have at least one `4XX` response. [path: paths./v3/{+parent}/priceAccuracyViews.get.responses]
Location: N/A
Fixed: False
Source: System
Issue Source: redocly-validator
Issue Target: import-url_bundled-spec
Action: COULD NOT PROCESS: Issue definition for code 'operation-4xx-response' not found in registry.
--------------------------------------------------
Time: 2025-09-30T13:51:12.435008
Issue: operation-4xx-response | N/A
Message: Operation must have at least one `4XX` response. [path: paths./v3/{+parent}/priceAccuracyViews:summarize.get.responses]
Location: N/A
Fixed: False
Source: System
Issue Source: redocly-validator
Issue Target: import-url_bundled-spec
Action: COULD NOT PROCESS: Issue definition for code 'operation-4xx-response' not found in registry.
--------------------------------------------------
Time: 2025-09-30T13:51:12.522229
Issue: operation-4xx-response | N/A
Message: Operation must have at least one `4XX` response. [path: paths./v3/{+parent}/priceCoverageViews.get.responses]
Location: N/A
Fixed: False
Source: System
Issue Source: redocly-validator
Issue Target: import-url_bundled-spec
Action: COULD NOT PROCESS: Issue definition for code 'operation-4xx-response' not found in registry.
--------------------------------------------------
Time: 2025-09-30T13:51:12.544910
Issue: operation-4xx-response | N/A
Message: Operation must have at least one `4XX` response. [path: paths./v3/{+parent}/priceCoverageViews:latest.get.responses]
Location: N/A
Fixed: False
Source: System
Issue Source: redocly-validator
Issue Target: import-url_bundled-spec
Action: COULD NOT PROCESS: Issue definition for code 'operation-4xx-response' not found in registry.
--------------------------------------------------
Time: 2025-09-30T13:51:12.576006
Issue: operation-4xx-response | N/A
Message: Operation must have at least one `4XX` response. [path: paths./v3/{+parent}/reconciliationReports.get.responses]
Location: N/A
Fixed: False
Source: System
Issue Source: redocly-validator
Issue Target: import-url_bundled-spec
Action: COULD NOT PROCESS: Issue definition for code 'operation-4xx-response' not found in registry.
--------------------------------------------------
Time: 2025-09-30T13:51:12.578881
Issue: operation-4xx-response | N/A
Message: Operation must have at least one `4XX` response. [path: paths./v3/{+parent}/reconciliationReports.post.responses]
Location: N/A
Fixed: False
Source: System
Issue Source: redocly-validator
Issue Target: import-url_bundled-spec
Action: COULD NOT PROCESS: Issue definition for code 'operation-4xx-response' not found in registry.
--------------------------------------------------
Time: 2025-09-30T13:51:12.584365
Issue: operation-4xx-response | N/A
Message: Operation must have at least one `4XX` response. [path: paths./v3/{+parent}/reconciliationReports:validate.post.responses]
Location: N/A
Fixed: False
Source: System
Issue Source: redocly-validator
Issue Target: import-url_bundled-spec
Action: COULD NOT PROCESS: Issue definition for code 'operation-4xx-response' not found in registry.
--------------------------------------------------
Time: 2025-09-30T13:51:12.590854
Issue: no-unused-components | N/A
Message: Component: "PriceView" is never used. [path: components.schemas.PriceView]
Location: N/A
Fixed: False
Source: System
Issue Source: redocly-validator
Issue Target: import-url_bundled-spec
Action: COULD NOT PROCESS: Issue definition for code 'no-unused-components' not found in registry.
--------------------------------------------------
Time: 2025-09-30T13:51:12.594541
Issue: no-unused-components | N/A
Message: Component: "Brand" is never used. [path: components.requestBodies.Brand]
Location: N/A
Fixed: False
Source: System
Issue Source: redocly-validator
Issue Target: import-url_bundled-spec
Action: COULD NOT PROCESS: Issue definition for code 'no-unused-components' not found in registry.
--------------------------------------------------
Time: 2025-09-30T13:51:12.596486
Issue: no-unused-components | N/A
Message: Component: "ReconciliationReport" is never used. [path: components.requestBodies.ReconciliationReport]
Location: N/A
Fixed: False
Source: System
Issue Source: redocly-validator
Issue Target: import-url_bundled-spec
Action: COULD NOT PROCESS: Issue definition for code 'no-unused-components' not found in registry.
--------------------------------------------------
Time: 2025-09-30T13:51:12.601800
Issue: oas3-server-trailing-slash | N/A
Message: Server URL must not have trailing slash. [path: servers.0.url]
Location: N/A
Fixed: False
Source: System
Issue Source: spectral-validator
Issue Target: import-url_bundled-spec
Action: COULD NOT PROCESS: Issue definition for code 'oas3-server-trailing-slash' not found in registry.
--------------------------------------------------
Time: 2025-09-30T13:51:12.606026
Issue: path-params | N/A
Message: Parameter "account" must be used in path "/v3/{+account}/hotels:setLiveOnGoogle". [path: paths./v3/{+account}/hotels:setLiveOnGoogle.post.parameters.0]
Location: N/A
Fixed: False
Source: System
Issue Source: spectral-validator
Issue Target: import-url_bundled-spec
Action: COULD NOT PROCESS: Issue definition for code 'path-params' not found in registry.
--------------------------------------------------
Time: 2025-09-30T13:51:12.607940
Issue: path-params | N/A
Message: Parameter "name" must be used in path "/v3/{+name}". [path: paths./v3/{+name}.delete.parameters.0]
Location: N/A
Fixed: False
Source: System
Issue Source: spectral-validator
Issue Target: import-url_bundled-spec
Action: COULD NOT PROCESS: Issue definition for code 'path-params' not found in registry.
--------------------------------------------------
Time: 2025-09-30T13:51:12.611475
Issue: path-params | N/A
Message: Parameter "name" must be used in path "/v3/{+name}". [path: paths./v3/{+name}.get.parameters.0]
Location: N/A
Fixed: False
Source: System
Issue Source: spectral-validator
Issue Target: import-url_bundled-spec
Action: COULD NOT PROCESS: Issue definition for code 'path-params' not found in registry.
--------------------------------------------------
Time: 2025-09-30T13:51:12.650061
Issue: path-params | N/A
Message: Parameter "name" must be used in path "/v3/{+name}". [path: paths./v3/{+name}.patch.parameters.0]
Location: N/A
Fixed: False
Source: System
Issue Source: spectral-validator
Issue Target: import-url_bundled-spec
Action: COULD NOT PROCESS: Issue definition for code 'path-params' not found in registry.
--------------------------------------------------
Time: 2025-09-30T13:51:12.711088
Issue: path-params | N/A
Message: Parameter "name" must be used in path "/v3/{+name}/freeBookingLinksReportViews:query". [path: paths./v3/{+name}/freeBookingLinksReportViews:query.get.parameters.0]
Location: N/A
Fixed: False
Source: System
Issue Source: spectral-validator
Issue Target: import-url_bundled-spec
Action: COULD NOT PROCESS: Issue definition for code 'path-params' not found in registry.
--------------------------------------------------
Time: 2025-09-30T13:51:13.073625
Issue: path-params | N/A
Message: Parameter "name" must be used in path "/v3/{+name}/participationReportViews:query". [path: paths./v3/{+name}/participationReportViews:query.get.parameters.0]
Location: N/A
Fixed: False
Source: System
Issue Source: spectral-validator
Issue Target: import-url_bundled-spec
Action: COULD NOT PROCESS: Issue definition for code 'path-params' not found in registry.
--------------------------------------------------
Time: 2025-09-30T13:51:13.126785
Issue: path-params | N/A
Message: Parameter "name" must be used in path "/v3/{+name}/propertyPerformanceReportViews:query". [path: paths./v3/{+name}/propertyPerformanceReportViews:query.get.parameters.0]
Location: N/A
Fixed: False
Source: System
Issue Source: spectral-validator
Issue Target: import-url_bundled-spec
Action: COULD NOT PROCESS: Issue definition for code 'path-params' not found in registry.
--------------------------------------------------
Time: 2025-09-30T13:51:13.200605
Issue: path-params | N/A
Message: Parameter "parent" must be used in path "/v3/{+parent}/accountLinks". [path: paths./v3/{+parent}/accountLinks.get.parameters.0]
Location: N/A
Fixed: False
Source: System
Issue Source: spectral-validator
Issue Target: import-url_bundled-spec
Action: COULD NOT PROCESS: Issue definition for code 'path-params' not found in registry.
--------------------------------------------------
Time: 2025-09-30T13:51:13.436420
Issue: path-params | N/A
Message: Parameter "parent" must be used in path "/v3/{+parent}/accountLinks". [path: paths./v3/{+parent}/accountLinks.post.parameters.0]
Location: N/A
Fixed: False
Source: System
Issue Source: spectral-validator
Issue Target: import-url_bundled-spec
Action: COULD NOT PROCESS: Issue definition for code 'path-params' not found in registry.
--------------------------------------------------
Time: 2025-09-30T13:51:13.574082
Issue: path-params | N/A
Message: Parameter "parent" must be used in path "/v3/{+parent}/brands". [path: paths./v3/{+parent}/brands.get.parameters.0]
Location: N/A
Fixed: False
Source: System
Issue Source: spectral-validator
Issue Target: import-url_bundled-spec
Action: COULD NOT PROCESS: Issue definition for code 'path-params' not found in registry.
--------------------------------------------------
Time: 2025-09-30T13:51:13.789701
Issue: path-params | N/A
Message: Parameter "parent" must be used in path "/v3/{+parent}/brands". [path: paths./v3/{+parent}/brands.post.parameters.0]
Location: N/A
Fixed: False
Source: System
Issue Source: spectral-validator
Issue Target: import-url_bundled-spec
Action: COULD NOT PROCESS: Issue definition for code 'path-params' not found in registry.
--------------------------------------------------
Time: 2025-09-30T13:51:14.030153
Issue: path-params | N/A
Message: Parameter "parent" must be used in path "/v3/{+parent}/hotelViews". [path: paths./v3/{+parent}/hotelViews.get.parameters.0]
Location: N/A
Fixed: False
Source: System
Issue Source: spectral-validator
Issue Target: import-url_bundled-spec
Action: COULD NOT PROCESS: Issue definition for code 'path-params' not found in registry.
--------------------------------------------------
Time: 2025-09-30T13:51:15.235081
Issue: path-params | N/A
Message: Parameter "parent" must be used in path "/v3/{+parent}/hotelViews:summarize". [path: paths./v3/{+parent}/hotelViews:summarize.get.parameters.0]
Location: N/A
Fixed: False
Source: System
Issue Source: spectral-validator
Issue Target: import-url_bundled-spec
Action: COULD NOT PROCESS: Issue definition for code 'path-params' not found in registry.
--------------------------------------------------
Time: 2025-09-30T13:51:15.387136
Issue: path-params | N/A
Message: Parameter "parent" must be used in path "/v3/{+parent}/icons". [path: paths./v3/{+parent}/icons.get.parameters.0]
Location: N/A
Fixed: False
Source: System
Issue Source: spectral-validator
Issue Target: import-url_bundled-spec
Action: COULD NOT PROCESS: Issue definition for code 'path-params' not found in registry.
--------------------------------------------------
Time: 2025-09-30T13:51:15.476843
Issue: path-params | N/A
Message: Parameter "parent" must be used in path "/v3/{+parent}/icons". [path: paths./v3/{+parent}/icons.post.parameters.0]
Location: N/A
Fixed: False
Source: System
Issue Source: spectral-validator
Issue Target: import-url_bundled-spec
Action: COULD NOT PROCESS: Issue definition for code 'path-params' not found in registry.
--------------------------------------------------
Time: 2025-09-30T13:51:15.597711
Issue: path-params | N/A
Message: Parameter "parent" must be used in path "/v3/{+parent}/listings:verify". [path: paths./v3/{+parent}/listings:verify.post.parameters.0]
Location: N/A
Fixed: False
Source: System
Issue Source: spectral-validator
Issue Target: import-url_bundled-spec
Action: COULD NOT PROCESS: Issue definition for code 'path-params' not found in registry.
--------------------------------------------------
Time: 2025-09-30T13:51:15.709217
Issue: path-params | N/A
Message: Parameter "parent" must be used in path "/v3/{+parent}/priceAccuracyViews". [path: paths./v3/{+parent}/priceAccuracyViews.get.parameters.0]
Location: N/A
Fixed: False
Source: System
Issue Source: spectral-validator
Issue Target: import-url_bundled-spec
Action: COULD NOT PROCESS: Issue definition for code 'path-params' not found in registry.
--------------------------------------------------
Time: 2025-09-30T13:51:15.891238
Issue: path-params | N/A
Message: Parameter "parent" must be used in path "/v3/{+parent}/priceAccuracyViews:summarize". [path: paths./v3/{+parent}/priceAccuracyViews:summarize.get.parameters.0]
Location: N/A
Fixed: False
Source: System
Issue Source: spectral-validator
Issue Target: import-url_bundled-spec
Action: COULD NOT PROCESS: Issue definition for code 'path-params' not found in registry.
--------------------------------------------------
Time: 2025-09-30T13:51:16.125330
Issue: path-params | N/A
Message: Parameter "parent" must be used in path "/v3/{+parent}/priceCoverageViews". [path: paths./v3/{+parent}/priceCoverageViews.get.parameters.0]
Location: N/A
Fixed: False
Source: System
Issue Source: spectral-validator
Issue Target: import-url_bundled-spec
Action: COULD NOT PROCESS: Issue definition for code 'path-params' not found in registry.
--------------------------------------------------
Time: 2025-09-30T13:51:16.266088
Issue: path-params | N/A
Message: Parameter "parent" must be used in path "/v3/{+parent}/priceCoverageViews:latest". [path: paths./v3/{+parent}/priceCoverageViews:latest.get.parameters.0]
Location: N/A
Fixed: False
Source: System
Issue Source: spectral-validator
Issue Target: import-url_bundled-spec
Action: COULD NOT PROCESS: Issue definition for code 'path-params' not found in registry.
--------------------------------------------------
Time: 2025-09-30T13:51:16.425221
Issue: path-params | N/A
Message: Parameter "parent" must be used in path "/v3/{+parent}/reconciliationReports". [path: paths./v3/{+parent}/reconciliationReports.get.parameters.0]
Location: N/A
Fixed: False
Source: System
Issue Source: spectral-validator
Issue Target: import-url_bundled-spec
Action: COULD NOT PROCESS: Issue definition for code 'path-params' not found in registry.
--------------------------------------------------
Time: 2025-09-30T13:51:16.584078
Issue: path-params | N/A
Message: Parameter "parent" must be used in path "/v3/{+parent}/reconciliationReports". [path: paths./v3/{+parent}/reconciliationReports.post.parameters.0]
Location: N/A
Fixed: False
Source: System
Issue Source: spectral-validator
Issue Target: import-url_bundled-spec
Action: COULD NOT PROCESS: Issue definition for code 'path-params' not found in registry.
--------------------------------------------------
Time: 2025-09-30T13:51:16.676730
Issue: path-params | N/A
Message: Parameter "parent" must be used in path "/v3/{+parent}/reconciliationReports:validate". [path: paths./v3/{+parent}/reconciliationReports:validate.post.parameters.0]
Location: N/A
Fixed: False
Source: System
Issue Source: spectral-validator
Issue Target: import-url_bundled-spec
Action: COULD NOT PROCESS: Issue definition for code 'path-params' not found in registry.
--------------------------------------------------
Time: 2025-09-30T13:51:16.733021
Issue: oas3-unused-component | N/A
Message: Potentially unused component has been detected. [path: components.requestBodies.Brand]
Location: N/A
Fixed: False
Source: System
Issue Source: spectral-validator
Issue Target: import-url_bundled-spec
Action: COULD NOT PROCESS: Issue definition for code 'oas3-unused-component' not found in registry.
--------------------------------------------------
Time: 2025-09-30T13:51:16.836784
Issue: oas3-unused-component | N/A
Message: Potentially unused component has been detected. [path: components.requestBodies.ReconciliationReport]
Location: N/A
Fixed: False
Source: System
Issue Source: spectral-validator
Issue Target: import-url_bundled-spec
Action: COULD NOT PROCESS: Issue definition for code 'oas3-unused-component' not found in registry.
--------------------------------------------------
Time: 2025-09-30T13:51:17.099894
Issue: no-$ref-siblings | N/A
Message: $ref must not be placed next to any other properties [path: components.schemas.AccountLink.properties.accountLinkTarget.description]
Location: N/A
Fixed: False
Source: System
Issue Source: spectral-validator
Issue Target: import-url_bundled-spec
Action: COULD NOT PROCESS: Issue definition for code 'no-$ref-siblings' not found in registry.
--------------------------------------------------
Time: 2025-09-30T13:51:17.306260
Issue: no-$ref-siblings | N/A
Message: $ref must not be placed next to any other properties [path: components.schemas.AccountLinkTarget.properties.hotelList.description]
Location: N/A
Fixed: False
Source: System
Issue Source: spectral-validator
Issue Target: import-url_bundled-spec
Action: COULD NOT PROCESS: Issue definition for code 'no-$ref-siblings' not found in registry.
--------------------------------------------------
Time: 2025-09-30T13:51:17.472098
Issue: no-$ref-siblings | N/A
Message: $ref must not be placed next to any other properties [path: components.schemas.CreateReconciliationReportResponse.properties.reconciliationReport.description]
Location: N/A
Fixed: False
Source: System
Issue Source: spectral-validator
Issue Target: import-url_bundled-spec
Action: COULD NOT PROCESS: Issue definition for code 'no-$ref-siblings' not found in registry.
--------------------------------------------------
Time: 2025-09-30T13:51:17.648428
Issue: oas3-schema | N/A
Message: Property "enumDeprecated" is not expected to be here. [path: components.schemas.DataIssueDetail.properties.dataIssueType.enumDeprecated]
Location: N/A
Fixed: False
Source: System
Issue Source: spectral-validator
Issue Target: import-url_bundled-spec
Action: COULD NOT PROCESS: Issue definition for code 'oas3-schema' not found in registry.
--------------------------------------------------
Time: 2025-09-30T13:51:17.975581
Issue: no-$ref-siblings | N/A
Message: $ref must not be placed next to any other properties [path: components.schemas.FreeBookingLinksResult.properties.date.description]
Location: N/A
Fixed: False
Source: System
Issue Source: spectral-validator
Issue Target: import-url_bundled-spec
Action: COULD NOT PROCESS: Issue definition for code 'no-$ref-siblings' not found in registry.
--------------------------------------------------
Time: 2025-09-30T13:51:18.126972
Issue: no-$ref-siblings | N/A
Message: $ref must not be placed next to any other properties [path: components.schemas.HotelPricePerItinerary.properties.checkinDate.description]
Location: N/A
Fixed: False
Source: System
Issue Source: spectral-validator
Issue Target: import-url_bundled-spec
Action: COULD NOT PROCESS: Issue definition for code 'no-$ref-siblings' not found in registry.
--------------------------------------------------
Time: 2025-09-30T13:51:18.223115
Issue: oas3-schema | N/A
Message: Property "enumDeprecated" is not expected to be here. [path: components.schemas.HotelView.properties.dataIssues.items.enumDeprecated]
Location: N/A
Fixed: False
Source: System
Issue Source: spectral-validator
Issue Target: import-url_bundled-spec
Action: COULD NOT PROCESS: Issue definition for code 'oas3-schema' not found in registry.
--------------------------------------------------
Time: 2025-09-30T13:51:18.291721
Issue: no-$ref-siblings | N/A
Message: $ref must not be placed next to any other properties [path: components.schemas.Key.properties.checkinDate.description]
Location: N/A
Fixed: False
Source: System
Issue Source: spectral-validator
Issue Target: import-url_bundled-spec
Action: COULD NOT PROCESS: Issue definition for code 'no-$ref-siblings' not found in registry.
--------------------------------------------------
Time: 2025-09-30T13:51:18.379324
Issue: no-$ref-siblings | N/A
Message: $ref must not be placed next to any other properties [path: components.schemas.Key.properties.date.description]
Location: N/A
Fixed: False
Source: System
Issue Source: spectral-validator
Issue Target: import-url_bundled-spec
Action: COULD NOT PROCESS: Issue definition for code 'no-$ref-siblings' not found in registry.
--------------------------------------------------
Time: 2025-09-30T13:51:18.468373
Issue: no-$ref-siblings | N/A
Message: $ref must not be placed next to any other properties [path: components.schemas.MissedParticipationCountDetails.properties.noPriceCountDetails.deprecated]
Location: N/A
Fixed: False
Source: System
Issue Source: spectral-validator
Issue Target: import-url_bundled-spec
Action: COULD NOT PROCESS: Issue definition for code 'no-$ref-siblings' not found in registry.
--------------------------------------------------
Time: 2025-09-30T13:51:18.532231
Issue: no-$ref-siblings | N/A
Message: $ref must not be placed next to any other properties [path: components.schemas.MissedParticipationCountDetails.properties.noPriceCountDetails.description]
Location: N/A
Fixed: False
Source: System
Issue Source: spectral-validator
Issue Target: import-url_bundled-spec
Action: COULD NOT PROCESS: Issue definition for code 'no-$ref-siblings' not found in registry.
--------------------------------------------------
Time: 2025-09-30T13:51:18.651466
Issue: no-$ref-siblings | N/A
Message: $ref must not be placed next to any other properties [path: components.schemas.MissedParticipationCountDetails.properties.priceMissingCountDetails.description]
Location: N/A
Fixed: False
Source: System
Issue Source: spectral-validator
Issue Target: import-url_bundled-spec
Action: COULD NOT PROCESS: Issue definition for code 'no-$ref-siblings' not found in registry.
--------------------------------------------------
Time: 2025-09-30T13:51:18.736042
Issue: no-$ref-siblings | N/A
Message: $ref must not be placed next to any other properties [path: components.schemas.MissedParticipationCountDetails.properties.priceProblemCountDetails.description]
Location: N/A
Fixed: False
Source: System
Issue Source: spectral-validator
Issue Target: import-url_bundled-spec
Action: COULD NOT PROCESS: Issue definition for code 'no-$ref-siblings' not found in registry.
--------------------------------------------------
Time: 2025-09-30T13:51:18.831638
Issue: no-$ref-siblings | N/A
Message: $ref must not be placed next to any other properties [path: components.schemas.MissedParticipationCountDetails.properties.priceUnavailableCountDetails.description]
Location: N/A
Fixed: False
Source: System
Issue Source: spectral-validator
Issue Target: import-url_bundled-spec
Action: COULD NOT PROCESS: Issue definition for code 'no-$ref-siblings' not found in registry.
--------------------------------------------------
Time: 2025-09-30T13:51:18.912171
Issue: no-$ref-siblings | N/A
Message: $ref must not be placed next to any other properties [path: components.schemas.ParsedListing.properties.location.description]
Location: N/A
Fixed: False
Source: System
Issue Source: spectral-validator
Issue Target: import-url_bundled-spec
Action: COULD NOT PROCESS: Issue definition for code 'no-$ref-siblings' not found in registry.
--------------------------------------------------
Time: 2025-09-30T13:51:19.039321
Issue: no-$ref-siblings | N/A
Message: $ref must not be placed next to any other properties [path: components.schemas.ParticipationResult.properties.key.description]
Location: N/A
Fixed: False
Source: System
Issue Source: spectral-validator
Issue Target: import-url_bundled-spec
Action: COULD NOT PROCESS: Issue definition for code 'no-$ref-siblings' not found in registry.
--------------------------------------------------
Time: 2025-09-30T13:51:19.133500
Issue: no-$ref-siblings | N/A
Message: $ref must not be placed next to any other properties [path: components.schemas.ParticipationResult.properties.missedParticipationCountDetails.description]
Location: N/A
Fixed: False
Source: System
Issue Source: spectral-validator
Issue Target: import-url_bundled-spec
Action: COULD NOT PROCESS: Issue definition for code 'no-$ref-siblings' not found in registry.
--------------------------------------------------
Time: 2025-09-30T13:51:19.188940
Issue: no-$ref-siblings | N/A
Message: $ref must not be placed next to any other properties [path: components.schemas.PriceAccuracyRow.properties.cachedPriceRecord.description]
Location: N/A
Fixed: False
Source: System
Issue Source: spectral-validator
Issue Target: import-url_bundled-spec
Action: COULD NOT PROCESS: Issue definition for code 'no-$ref-siblings' not found in registry.
--------------------------------------------------
Time: 2025-09-30T13:51:19.222024
Issue: no-$ref-siblings | N/A
Message: $ref must not be placed next to any other properties [path: components.schemas.PriceAccuracyRow.properties.checkinDate.description]
Location: N/A
Fixed: False
Source: System
Issue Source: spectral-validator
Issue Target: import-url_bundled-spec
Action: COULD NOT PROCESS: Issue definition for code 'no-$ref-siblings' not found in registry.
--------------------------------------------------
Time: 2025-09-30T13:51:19.356997
Issue: no-$ref-siblings | N/A
Message: $ref must not be placed next to any other properties [path: components.schemas.PriceAccuracyRow.properties.fetchedPriceRecord.description]
Location: N/A
Fixed: False
Source: System
Issue Source: spectral-validator
Issue Target: import-url_bundled-spec
Action: COULD NOT PROCESS: Issue definition for code 'no-$ref-siblings' not found in registry.
--------------------------------------------------
Time: 2025-09-30T13:51:20.620257
Issue: no-$ref-siblings | N/A
Message: $ref must not be placed next to any other properties [path: components.schemas.PriceCoverageView.properties.calculationDate.description]
Location: N/A
Fixed: False
Source: System
Issue Source: spectral-validator
Issue Target: import-url_bundled-spec
Action: COULD NOT PROCESS: Issue definition for code 'no-$ref-siblings' not found in registry.
--------------------------------------------------
Time: 2025-09-30T13:51:20.814648
Issue: oas3-unused-component | N/A
Message: Potentially unused component has been detected. [path: components.schemas.PriceView]
Location: N/A
Fixed: False
Source: System
Issue Source: spectral-validator
Issue Target: import-url_bundled-spec
Action: COULD NOT PROCESS: Issue definition for code 'oas3-unused-component' not found in registry.
--------------------------------------------------
Time: 2025-09-30T13:51:21.150060
Issue: no-$ref-siblings | N/A
Message: $ref must not be placed next to any other properties [path: components.schemas.PropertyPerformanceResult.properties.date.description]
Location: N/A
Fixed: False
Source: System
Issue Source: spectral-validator
Issue Target: import-url_bundled-spec
Action: COULD NOT PROCESS: Issue definition for code 'no-$ref-siblings' not found in registry.
--------------------------------------------------
Time: 2025-09-30T13:51:21.529641
Issue: no-$ref-siblings | N/A
Message: $ref must not be placed next to any other properties [path: components.schemas.VerifyListingsResponse.properties.parsedListing.description]
Location: N/A
Fixed: False
Source: System
Issue Source: spectral-validator
Issue Target: import-url_bundled-spec
Action: COULD NOT PROCESS: Issue definition for code 'no-$ref-siblings' not found in registry.
