Repair Log
Processed Timestamp: 2025-09-30T13:50:37.897213

--------------------------------------------------
Time: 2025-09-30T13:49:16.788271
Issue: oneOf | N/A
Message: {'description': 'Details on a data issue in the listing.', 'properties': {'dataIssueSeverity': {'description': 'The severity of the data issue.', 'enum': ['DATA_ISSUE_SEVERITY_UNSPECIFIED', 'ERROR', 'WARNING', 'INFO'], 'type': 'string'}, 'dataIssueType': {'description': 'The type of the data issue.', 'enum': ['FEED_DATA_ISSUE_UNSPECIFIED', 'FEED_DATA_ISSUE_UNKNOWN', 'NO_DATA_ISSUE', 'DUPLICATE_ADDRESS', 'MISSING_PHYSICAL_STREET_ADDRESS', 'MISSING_STREET_NAME', 'MISSING_STREET_NUMBER', 'MISSING_ADDRESS', 'MISSING_COUNTRY', 'INVALID_POSTAL_CODE', 'INVALID_POSTAL_CODE_SUFFIX', 'UNEXPECTED_POSTAL_CODE_SUFFIX', 'UNEXPECTED_POSTAL_CODE', 'INVALID_AMENITIES', 'INVALID_EMAIL_ADDRESS', 'DUPLICATE_LATLONG', 'LATLONG_INCONSISTENT_WITH_ADDRESS', 'MISSING_LATLONG', 'COULD_NOT_GEOCODE', 'MISSING_HOTEL_NAME', 'HOTEL_NAME_EMPTY', 'INVALID_HOTEL_NAME', 'HOTEL_NAME_TOO_LONG', 'PARSE_ERROR_IN_XML', 'UNEXPECTED_ATTRIBUTE_IN_XML', 'DUPLICATE_PHONE_NUMBER', 'MISSING_PHONE_NUMBER', 'MISSING_VOICE_PHONE_NUMBER', 'INVALID_PHONE_NUMBER_FORMAT', 'INVALID_PHONE_NUMBER', 'INVALID_PHONE_NUMBER_COUNTRY_CODE', 'PHONE_NUMBER_TOO_LONG', 'PHONE_NUMBER_TOO_SHORT', 'INVALID_WEBSITE_URL', 'ADWORDS_ATTRIBUTE_TOO_LONG', 'FLAGGED_DUE_TO_SUSPICIOUS_METADATA', 'NOT_ENOUGH_IMAGES_PROVIDED', 'IMAGE_PROCESSING_IN_PROGRESS', 'CANNOT_FETCH_IMAGES', 'INCOMPATIBLE_IMAGE_SIZE_OR_LOW_QUALITY', 'MISSING_LANG_IN_RAW_LISTING', 'IS_HOTEL', 'MISSING_REQ_ATTR', 'MISSING_NAME', 'MISSING_LANG_IN_NAME', 'VR_NAME_TOO_LONG', 'NAME_AND_DESCRIPTION_ABUSE_VERIFIED', 'TEST_PROPERTY', 'NON_VR_ACCOMMODATION_TYPE_BASED_ON_LISTING_NAME', 'NON_VR_ACCOMMODATION_TYPE', 'BRAND_NAME_TOO_LONG', 'MISSING_BRAND_NAME', 'REVIEW_MISSING_VISIT_TIMESTAMP', 'VR_ADDRESS_MISSING', 'VR_ADDRESS_INVALID', 'VR_ADDRESS_INCOMPLETE', 'VR_ADDRESS_INCOMPLETE_NO_STREET_NAME', 'VR_ADDRESS_INCOMPLETE_NO_STREET_NUMBER', 'VR_ADDRESS_INCOMPLETE_NO_UNIT_NUMBER', 'VR_ADDRESS_LATLONG_MISMATCH', 'INVALID_REVIEW_RATING', 'INVALID_CHECKIN_FORMAT', 'INVALID_CHECKOUT_FORMAT', 'INTERNAL_BLOCKLIST', 'VR_LIVE_ON_GOOGLE_INACTIVE_ERROR', 'VR_XML_FAILED_PARSING', 'VR_ZIP_FILE_CORRUPT', 'VR_PENDING_INITIAL_PROCESSING', 'VR_WEBSITE_LINK_ROBOTED', 'VR_PENDING_WEBSITE_CRAWLING', 'VR_WEBSITE_LINK_WITH_CRAWLING_ERROR', 'VR_BRAND_MISSING_LANDING_PAGE', 'VR_INVALID_ROOM_TYPE'], 'enumDeprecated': [False, False, False, False, False, False, False, False, False, False, False, False, False, False, False, False, False, False, False, False, False, False, False, False, False, False, False, False, False, False, False, False, False, False, False, False, False, False, False, False, False, False, False, False, False, False, False, False, True, False, False, True, False, False, False, True, False, False, False, False, False, False, False, False, False, False, False, False, False, False, False, False, False], 'type': 'string'}, 'isSelfResolving': {'description': 'Whether or not the issue is self-resolving. If true, the issue is expected to resolve itself. If false or not set, action is needed to resolve the issue. Refer to documentation on the data issueâ€™s type for further information.', 'type': 'boolean'}}, 'type': 'object'} is not valid under any of the given schemas
Location: N/A
Fixed: False
Source: System
Issue Source: openapi-spec-validator
Issue Target: import-url_root-spec
Action: COULD NOT PROCESS: Issue definition for code 'oneOf' not found in registry.
--------------------------------------------------
Time: 2025-09-30T13:49:16.877433
Issue: oneOf | N/A
Message: {'description': 'A hotel view.', 'properties': {'dataIssueDetail': {'description': 'The type and severity of each data quality issue in the feed. If your feed contains data issues, update the feed and resubmit it. For more information, refer to this article.', 'items': {'$ref': '#/components/schemas/DataIssueDetail'}, 'type': 'array'}, 'dataIssues': {'description': 'DEPRECATED. Indicates that the hotel has data quality issues. The value of this field indicates the type of error. This has been replaced with the data_issue_detail field. If your feed contains data issues, update the feed and resubmit it. For more information, refer to this article.', 'items': {'enum': ['FEED_DATA_ISSUE_UNSPECIFIED', 'FEED_DATA_ISSUE_UNKNOWN', 'NO_DATA_ISSUE', 'DUPLICATE_ADDRESS', 'MISSING_PHYSICAL_STREET_ADDRESS', 'MISSING_STREET_NAME', 'MISSING_STREET_NUMBER', 'MISSING_ADDRESS', 'MISSING_COUNTRY', 'INVALID_POSTAL_CODE', 'INVALID_POSTAL_CODE_SUFFIX', 'UNEXPECTED_POSTAL_CODE_SUFFIX', 'UNEXPECTED_POSTAL_CODE', 'INVALID_AMENITIES', 'INVALID_EMAIL_ADDRESS', 'DUPLICATE_LATLONG', 'LATLONG_INCONSISTENT_WITH_ADDRESS', 'MISSING_LATLONG', 'COULD_NOT_GEOCODE', 'MISSING_HOTEL_NAME', 'HOTEL_NAME_EMPTY', 'INVALID_HOTEL_NAME', 'HOTEL_NAME_TOO_LONG', 'PARSE_ERROR_IN_XML', 'UNEXPECTED_ATTRIBUTE_IN_XML', 'DUPLICATE_PHONE_NUMBER', 'MISSING_PHONE_NUMBER', 'MISSING_VOICE_PHONE_NUMBER', 'INVALID_PHONE_NUMBER_FORMAT', 'INVALID_PHONE_NUMBER', 'INVALID_PHONE_NUMBER_COUNTRY_CODE', 'PHONE_NUMBER_TOO_LONG', 'PHONE_NUMBER_TOO_SHORT', 'INVALID_WEBSITE_URL', 'ADWORDS_ATTRIBUTE_TOO_LONG', 'FLAGGED_DUE_TO_SUSPICIOUS_METADATA', 'NOT_ENOUGH_IMAGES_PROVIDED', 'IMAGE_PROCESSING_IN_PROGRESS', 'CANNOT_FETCH_IMAGES', 'INCOMPATIBLE_IMAGE_SIZE_OR_LOW_QUALITY', 'MISSING_LANG_IN_RAW_LISTING', 'IS_HOTEL', 'MISSING_REQ_ATTR', 'MISSING_NAME', 'MISSING_LANG_IN_NAME', 'VR_NAME_TOO_LONG', 'NAME_AND_DESCRIPTION_ABUSE_VERIFIED', 'TEST_PROPERTY', 'NON_VR_ACCOMMODATION_TYPE_BASED_ON_LISTING_NAME', 'NON_VR_ACCOMMODATION_TYPE', 'BRAND_NAME_TOO_LONG', 'MISSING_BRAND_NAME', 'REVIEW_MISSING_VISIT_TIMESTAMP', 'VR_ADDRESS_MISSING', 'VR_ADDRESS_INVALID', 'VR_ADDRESS_INCOMPLETE', 'VR_ADDRESS_INCOMPLETE_NO_STREET_NAME', 'VR_ADDRESS_INCOMPLETE_NO_STREET_NUMBER', 'VR_ADDRESS_INCOMPLETE_NO_UNIT_NUMBER', 'VR_ADDRESS_LATLONG_MISMATCH', 'INVALID_REVIEW_RATING', 'INVALID_CHECKIN_FORMAT', 'INVALID_CHECKOUT_FORMAT', 'INTERNAL_BLOCKLIST', 'VR_LIVE_ON_GOOGLE_INACTIVE_ERROR', 'VR_XML_FAILED_PARSING', 'VR_ZIP_FILE_CORRUPT', 'VR_PENDING_INITIAL_PROCESSING', 'VR_WEBSITE_LINK_ROBOTED', 'VR_PENDING_WEBSITE_CRAWLING', 'VR_WEBSITE_LINK_WITH_CRAWLING_ERROR', 'VR_BRAND_MISSING_LANDING_PAGE', 'VR_INVALID_ROOM_TYPE'], 'enumDeprecated': [False, False, False, False, False, False, False, False, False, False, False, False, False, False, False, False, False, False, False, False, False, False, False, False, False, False, False, False, False, False, False, False, False, False, False, False, False, False, False, False, False, False, False, False, False, False, False, False, True, False, False, True, False, False, False, True, False, False, False, False, False, False, False, False, False, False, False, False, False, False, False, False, False], 'type': 'string'}, 'type': 'array'}, 'googleClusterId': {'description': 'The Google Maps identifier for the hotel.', 'format': 'uint64', 'type': 'string'}, 'googleHotelDisplayName': {'description': "Google's hotel name.", 'type': 'string'}, 'googleHotelId': {'description': "Google's canonical ID for the hotel.", 'format': 'uint64', 'type': 'string'}, 'liveOnGoogle': {'deprecated': True, 'description': "Optional. DEPRECATED. Prefer live_on_google_status. Whether the hotel appears in Google's hotel booking links. Declaration & behavior to get detection of presence/absence in JSON conversion.", 'type': 'boolean'}, 'liveOnGoogleStatus': {'description': "Optional. Whether the hotel appears in Google's hotel booking links. Declaration & behavior to get detection of presence/absence in JSON conversion.", 'enum': ['LIVE_ON_GOOGLE_STATUS_UNSPECIFIED', 'LIVE_ON_GOOGLE_STATUS_ACTIVE', 'LIVE_ON_GOOGLE_STATUS_INACTIVE', 'LIVE_ON_GOOGLE_STATUS_ACTIVE_OUTSIDE_DSA_REGION'], 'type': 'string'}, 'matchFailureReasons': {'description': 'The reasons why a hotel failed to match to a property on Maps.', 'items': {'type': 'string'}, 'type': 'array'}, 'matchStatus': {'description': 'Current matching status of the hotel.', 'enum': ['MATCH_STATUS_UNSPECIFIED', 'MATCH_STATUS_UNKNOWN', 'NOT_MATCHED', 'MATCHED', 'MAP_OVERLAP'], 'type': 'string'}, 'overclusteredPartnerHotelIds': {'description': 'Other hotels with which the hotel is overclustered. If your feed contains overclustered hotels, update the feed and resubmit it. To do this, you can use the manual match tool.', 'items': {'type': 'string'}, 'type': 'array'}, 'partnerHotelDisplayName': {'description': "Partner's hotel name.", 'type': 'string'}, 'partnerHotelId': {'description': 'The unique ID of the hotel that the partner provides in their Hotel List Feed.', 'type': 'string'}, 'primaryOverclusteredPartnerHotelId': {'description': 'The primary hotel in the overclustered set.', 'type': 'string'}, 'propertyDetails': {'description': 'Optional. A URL to the property on Google. Only available for properties that are listed.', 'type': 'string'}}, 'type': 'object'} is not valid under any of the given schemas
Location: N/A
Fixed: False
Source: System
Issue Source: openapi-spec-validator
Issue Target: import-url_root-spec
Action: COULD NOT PROCESS: Issue definition for code 'oneOf' not found in registry.
--------------------------------------------------
Time: 2025-09-30T13:49:16.962842
Issue: <unset> | N/A
Message: Path parameter '+account' for 'post' operation in '/v3/{+account}/hotels:setLiveOnGoogle' was not resolved
Location: N/A
Fixed: False
Source: System
Issue Source: openapi-spec-validator
Issue Target: import-url_root-spec
Action: COULD NOT PROCESS: Issue definition for code '<unset>' not found in registry.
--------------------------------------------------
Time: 2025-09-30T13:49:17.033664
Issue: <unset> | N/A
Message: Path parameter '+name' for 'delete' operation in '/v3/{+name}' was not resolved
Location: N/A
Fixed: False
Source: System
Issue Source: openapi-spec-validator
Issue Target: import-url_root-spec
Action: COULD NOT PROCESS: Issue definition for code '<unset>' not found in registry.
--------------------------------------------------
Time: 2025-09-30T13:49:17.071548
Issue: <unset> | N/A
Message: Path parameter '+name' for 'get' operation in '/v3/{+name}' was not resolved
Location: N/A
Fixed: False
Source: System
Issue Source: openapi-spec-validator
Issue Target: import-url_root-spec
Action: COULD NOT PROCESS: Issue definition for code '<unset>' not found in registry.
--------------------------------------------------
Time: 2025-09-30T13:49:17.135039
Issue: <unset> | N/A
Message: Path parameter '+name' for 'patch' operation in '/v3/{+name}' was not resolved
Location: N/A
Fixed: False
Source: System
Issue Source: openapi-spec-validator
Issue Target: import-url_root-spec
Action: COULD NOT PROCESS: Issue definition for code '<unset>' not found in registry.
--------------------------------------------------
Time: 2025-09-30T13:49:17.205100
Issue: <unset> | N/A
Message: Path parameter '+name' for 'get' operation in '/v3/{+name}/freeBookingLinksReportViews:query' was not resolved
Location: N/A
Fixed: False
Source: System
Issue Source: openapi-spec-validator
Issue Target: import-url_root-spec
Action: COULD NOT PROCESS: Issue definition for code '<unset>' not found in registry.
--------------------------------------------------
Time: 2025-09-30T13:49:17.296585
Issue: <unset> | N/A
Message: Path parameter '+name' for 'get' operation in '/v3/{+name}/participationReportViews:query' was not resolved
Location: N/A
Fixed: False
Source: System
Issue Source: openapi-spec-validator
Issue Target: import-url_root-spec
Action: COULD NOT PROCESS: Issue definition for code '<unset>' not found in registry.
--------------------------------------------------
Time: 2025-09-30T13:49:17.463753
Issue: <unset> | N/A
Message: Path parameter '+name' for 'get' operation in '/v3/{+name}/propertyPerformanceReportViews:query' was not resolved
Location: N/A
Fixed: False
Source: System
Issue Source: openapi-spec-validator
Issue Target: import-url_root-spec
Action: COULD NOT PROCESS: Issue definition for code '<unset>' not found in registry.
--------------------------------------------------
Time: 2025-09-30T13:49:17.549120
Issue: <unset> | N/A
Message: Path parameter '+parent' for 'get' operation in '/v3/{+parent}/accountLinks' was not resolved
Location: N/A
Fixed: False
Source: System
Issue Source: openapi-spec-validator
Issue Target: import-url_root-spec
Action: COULD NOT PROCESS: Issue definition for code '<unset>' not found in registry.
--------------------------------------------------
Time: 2025-09-30T13:49:17.707498
Issue: <unset> | N/A
Message: Path parameter '+parent' for 'post' operation in '/v3/{+parent}/accountLinks' was not resolved
Location: N/A
Fixed: False
Source: System
Issue Source: openapi-spec-validator
Issue Target: import-url_root-spec
Action: COULD NOT PROCESS: Issue definition for code '<unset>' not found in registry.
--------------------------------------------------
Time: 2025-09-30T13:49:17.838210
Issue: <unset> | N/A
Message: Path parameter '+parent' for 'get' operation in '/v3/{+parent}/brands' was not resolved
Location: N/A
Fixed: False
Source: System
Issue Source: openapi-spec-validator
Issue Target: import-url_root-spec
Action: COULD NOT PROCESS: Issue definition for code '<unset>' not found in registry.
--------------------------------------------------
Time: 2025-09-30T13:49:17.987019
Issue: <unset> | N/A
Message: Path parameter '+parent' for 'post' operation in '/v3/{+parent}/brands' was not resolved
Location: N/A
Fixed: False
Source: System
Issue Source: openapi-spec-validator
Issue Target: import-url_root-spec
Action: COULD NOT PROCESS: Issue definition for code '<unset>' not found in registry.
--------------------------------------------------
Time: 2025-09-30T13:49:18.111760
Issue: <unset> | N/A
Message: Path parameter '+parent' for 'get' operation in '/v3/{+parent}/hotelViews' was not resolved
Location: N/A
Fixed: False
Source: System
Issue Source: openapi-spec-validator
Issue Target: import-url_root-spec
Action: COULD NOT PROCESS: Issue definition for code '<unset>' not found in registry.
--------------------------------------------------
Time: 2025-09-30T13:49:18.287373
Issue: <unset> | N/A
Message: Path parameter '+parent' for 'get' operation in '/v3/{+parent}/hotelViews:summarize' was not resolved
Location: N/A
Fixed: False
Source: System
Issue Source: openapi-spec-validator
Issue Target: import-url_root-spec
Action: COULD NOT PROCESS: Issue definition for code '<unset>' not found in registry.
--------------------------------------------------
Time: 2025-09-30T13:49:18.458238
Issue: <unset> | N/A
Message: Path parameter '+parent' for 'get' operation in '/v3/{+parent}/icons' was not resolved
Location: N/A
Fixed: False
Source: System
Issue Source: openapi-spec-validator
Issue Target: import-url_root-spec
Action: COULD NOT PROCESS: Issue definition for code '<unset>' not found in registry.
--------------------------------------------------
Time: 2025-09-30T13:49:18.571715
Issue: <unset> | N/A
Message: Path parameter '+parent' for 'post' operation in '/v3/{+parent}/icons' was not resolved
Location: N/A
Fixed: False
Source: System
Issue Source: openapi-spec-validator
Issue Target: import-url_root-spec
Action: COULD NOT PROCESS: Issue definition for code '<unset>' not found in registry.
--------------------------------------------------
Time: 2025-09-30T13:49:18.744379
Issue: <unset> | N/A
Message: Path parameter '+parent' for 'post' operation in '/v3/{+parent}/listings:verify' was not resolved
Location: N/A
Fixed: False
Source: System
Issue Source: openapi-spec-validator
Issue Target: import-url_root-spec
Action: COULD NOT PROCESS: Issue definition for code '<unset>' not found in registry.
--------------------------------------------------
Time: 2025-09-30T13:49:18.831166
Issue: <unset> | N/A
Message: Path parameter '+parent' for 'get' operation in '/v3/{+parent}/priceAccuracyViews' was not resolved
Location: N/A
Fixed: False
Source: System
Issue Source: openapi-spec-validator
Issue Target: import-url_root-spec
Action: COULD NOT PROCESS: Issue definition for code '<unset>' not found in registry.
--------------------------------------------------
Time: 2025-09-30T13:49:18.916337
Issue: <unset> | N/A
Message: Path parameter '+parent' for 'get' operation in '/v3/{+parent}/priceAccuracyViews:summarize' was not resolved
Location: N/A
Fixed: False
Source: System
Issue Source: openapi-spec-validator
Issue Target: import-url_root-spec
Action: COULD NOT PROCESS: Issue definition for code '<unset>' not found in registry.
--------------------------------------------------
Time: 2025-09-30T13:49:19.020288
Issue: <unset> | N/A
Message: Path parameter '+parent' for 'get' operation in '/v3/{+parent}/priceCoverageViews' was not resolved
Location: N/A
Fixed: False
Source: System
Issue Source: openapi-spec-validator
Issue Target: import-url_root-spec
Action: COULD NOT PROCESS: Issue definition for code '<unset>' not found in registry.
--------------------------------------------------
Time: 2025-09-30T13:49:19.108742
Issue: <unset> | N/A
Message: Path parameter '+parent' for 'get' operation in '/v3/{+parent}/priceCoverageViews:latest' was not resolved
Location: N/A
Fixed: False
Source: System
Issue Source: openapi-spec-validator
Issue Target: import-url_root-spec
Action: COULD NOT PROCESS: Issue definition for code '<unset>' not found in registry.
--------------------------------------------------
Time: 2025-09-30T13:49:19.196663
Issue: <unset> | N/A
Message: Path parameter '+parent' for 'get' operation in '/v3/{+parent}/reconciliationReports' was not resolved
Location: N/A
Fixed: False
Source: System
Issue Source: openapi-spec-validator
Issue Target: import-url_root-spec
Action: COULD NOT PROCESS: Issue definition for code '<unset>' not found in registry.
--------------------------------------------------
Time: 2025-09-30T13:49:19.379905
Issue: <unset> | N/A
Message: Path parameter '+parent' for 'post' operation in '/v3/{+parent}/reconciliationReports' was not resolved
Location: N/A
Fixed: False
Source: System
Issue Source: openapi-spec-validator
Issue Target: import-url_root-spec
Action: COULD NOT PROCESS: Issue definition for code '<unset>' not found in registry.
--------------------------------------------------
Time: 2025-09-30T13:49:19.668305
Issue: <unset> | N/A
Message: Path parameter '+parent' for 'post' operation in '/v3/{+parent}/reconciliationReports:validate' was not resolved
Location: N/A
Fixed: False
Source: System
Issue Source: openapi-spec-validator
Issue Target: import-url_root-spec
Action: COULD NOT PROCESS: Issue definition for code '<unset>' not found in registry.
--------------------------------------------------
Time: 2025-09-30T13:49:19.738465
Issue: no-server-trailing-slash | N/A
Message: Server `url` should not have a trailing slash. [path: servers.0.url]
Location: N/A
Fixed: False
Source: System
Issue Source: redocly-validator
Issue Target: import-url_root-spec
Action: COULD NOT PROCESS: Issue definition for code 'no-server-trailing-slash' not found in registry.
--------------------------------------------------
Time: 2025-09-30T13:49:19.869201
Issue: operation-summary | N/A
Message: Operation object should contain `summary` field. [path: paths./v3/{+account}/hotels:setLiveOnGoogle.post.summary]
Location: N/A
Fixed: False
Source: System
Issue Source: redocly-validator
Issue Target: import-url_root-spec
Action: COULD NOT PROCESS: Issue definition for code 'operation-summary' not found in registry.
--------------------------------------------------
Time: 2025-09-30T13:49:19.994545
Issue: path-parameters-defined | N/A
Message: Path parameter `account` is not used in the path `/v3/{+account}/hotels:setLiveOnGoogle`. [path: paths./v3/{+account}/hotels:setLiveOnGoogle.post.parameters.0.name]
Location: N/A
Fixed: False
Source: System
Issue Source: redocly-validator
Issue Target: import-url_root-spec
Action: COULD NOT PROCESS: Issue definition for code 'path-parameters-defined' not found in registry.
--------------------------------------------------
Time: 2025-09-30T13:49:20.090814
Issue: operation-summary | N/A
Message: Operation object should contain `summary` field. [path: paths./v3/{+name}.get.summary]
Location: N/A
Fixed: False
Source: System
Issue Source: redocly-validator
Issue Target: import-url_root-spec
Action: COULD NOT PROCESS: Issue definition for code 'operation-summary' not found in registry.
--------------------------------------------------
Time: 2025-09-30T13:49:20.130767
Issue: path-parameters-defined | N/A
Message: Path parameter `name` is not used in the path `/v3/{+name}`. [path: paths./v3/{+name}.get.parameters.0.name]
Location: N/A
Fixed: False
Source: System
Issue Source: redocly-validator
Issue Target: import-url_root-spec
Action: COULD NOT PROCESS: Issue definition for code 'path-parameters-defined' not found in registry.
--------------------------------------------------
Time: 2025-09-30T13:49:20.225849
Issue: operation-summary | N/A
Message: Operation object should contain `summary` field. [path: paths./v3/{+name}.delete.summary]
Location: N/A
Fixed: False
Source: System
Issue Source: redocly-validator
Issue Target: import-url_root-spec
Action: COULD NOT PROCESS: Issue definition for code 'operation-summary' not found in registry.
--------------------------------------------------
Time: 2025-09-30T13:49:20.297064
Issue: path-parameters-defined | N/A
Message: Path parameter `name` is not used in the path `/v3/{+name}`. [path: paths./v3/{+name}.delete.parameters.0.name]
Location: N/A
Fixed: False
Source: System
Issue Source: redocly-validator
Issue Target: import-url_root-spec
Action: COULD NOT PROCESS: Issue definition for code 'path-parameters-defined' not found in registry.
--------------------------------------------------
Time: 2025-09-30T13:49:20.366452
Issue: operation-summary | N/A
Message: Operation object should contain `summary` field. [path: paths./v3/{+name}.patch.summary]
Location: N/A
Fixed: False
Source: System
Issue Source: redocly-validator
Issue Target: import-url_root-spec
Action: COULD NOT PROCESS: Issue definition for code 'operation-summary' not found in registry.
--------------------------------------------------
Time: 2025-09-30T13:49:20.414416
Issue: path-parameters-defined | N/A
Message: Path parameter `name` is not used in the path `/v3/{+name}`. [path: paths./v3/{+name}.patch.parameters.0.name]
Location: N/A
Fixed: False
Source: System
Issue Source: redocly-validator
Issue Target: import-url_root-spec
Action: COULD NOT PROCESS: Issue definition for code 'path-parameters-defined' not found in registry.
--------------------------------------------------
Time: 2025-09-30T13:49:20.490742
Issue: operation-summary | N/A
Message: Operation object should contain `summary` field. [path: paths./v3/{+name}/freeBookingLinksReportViews:query.get.summary]
Location: N/A
Fixed: False
Source: System
Issue Source: redocly-validator
Issue Target: import-url_root-spec
Action: COULD NOT PROCESS: Issue definition for code 'operation-summary' not found in registry.
--------------------------------------------------
Time: 2025-09-30T13:49:20.561944
Issue: path-parameters-defined | N/A
Message: Path parameter `name` is not used in the path `/v3/{+name}/freeBookingLinksReportViews:query`. [path: paths./v3/{+name}/freeBookingLinksReportViews:query.get.parameters.0.name]
Location: N/A
Fixed: False
Source: System
Issue Source: redocly-validator
Issue Target: import-url_root-spec
Action: COULD NOT PROCESS: Issue definition for code 'path-parameters-defined' not found in registry.
--------------------------------------------------
Time: 2025-09-30T13:49:20.676046
Issue: operation-summary | N/A
Message: Operation object should contain `summary` field. [path: paths./v3/{+name}/participationReportViews:query.get.summary]
Location: N/A
Fixed: False
Source: System
Issue Source: redocly-validator
Issue Target: import-url_root-spec
Action: COULD NOT PROCESS: Issue definition for code 'operation-summary' not found in registry.
--------------------------------------------------
Time: 2025-09-30T13:49:20.724845
Issue: path-parameters-defined | N/A
Message: Path parameter `name` is not used in the path `/v3/{+name}/participationReportViews:query`. [path: paths./v3/{+name}/participationReportViews:query.get.parameters.0.name]
Location: N/A
Fixed: False
Source: System
Issue Source: redocly-validator
Issue Target: import-url_root-spec
Action: COULD NOT PROCESS: Issue definition for code 'path-parameters-defined' not found in registry.
--------------------------------------------------
Time: 2025-09-30T13:49:20.747769
Issue: operation-summary | N/A
Message: Operation object should contain `summary` field. [path: paths./v3/{+name}/propertyPerformanceReportViews:query.get.summary]
Location: N/A
Fixed: False
Source: System
Issue Source: redocly-validator
Issue Target: import-url_root-spec
Action: COULD NOT PROCESS: Issue definition for code 'operation-summary' not found in registry.
--------------------------------------------------
Time: 2025-09-30T13:49:20.830605
Issue: path-parameters-defined | N/A
Message: Path parameter `name` is not used in the path `/v3/{+name}/propertyPerformanceReportViews:query`. [path: paths./v3/{+name}/propertyPerformanceReportViews:query.get.parameters.0.name]
Location: N/A
Fixed: False
Source: System
Issue Source: redocly-validator
Issue Target: import-url_root-spec
Action: COULD NOT PROCESS: Issue definition for code 'path-parameters-defined' not found in registry.
--------------------------------------------------
Time: 2025-09-30T13:49:20.934400
Issue: operation-summary | N/A
Message: Operation object should contain `summary` field. [path: paths./v3/{+parent}/accountLinks.get.summary]
Location: N/A
Fixed: False
Source: System
Issue Source: redocly-validator
Issue Target: import-url_root-spec
Action: COULD NOT PROCESS: Issue definition for code 'operation-summary' not found in registry.
--------------------------------------------------
Time: 2025-09-30T13:49:21.004772
Issue: path-parameters-defined | N/A
Message: Path parameter `parent` is not used in the path `/v3/{+parent}/accountLinks`. [path: paths./v3/{+parent}/accountLinks.get.parameters.0.name]
Location: N/A
Fixed: False
Source: System
Issue Source: redocly-validator
Issue Target: import-url_root-spec
Action: COULD NOT PROCESS: Issue definition for code 'path-parameters-defined' not found in registry.
--------------------------------------------------
Time: 2025-09-30T13:49:21.093062
Issue: operation-summary | N/A
Message: Operation object should contain `summary` field. [path: paths./v3/{+parent}/accountLinks.post.summary]
Location: N/A
Fixed: False
Source: System
Issue Source: redocly-validator
Issue Target: import-url_root-spec
Action: COULD NOT PROCESS: Issue definition for code 'operation-summary' not found in registry.
--------------------------------------------------
Time: 2025-09-30T13:49:22.418812
Issue: path-parameters-defined | N/A
Message: Path parameter `parent` is not used in the path `/v3/{+parent}/accountLinks`. [path: paths./v3/{+parent}/accountLinks.post.parameters.0.name]
Location: N/A
Fixed: False
Source: System
Issue Source: redocly-validator
Issue Target: import-url_root-spec
Action: COULD NOT PROCESS: Issue definition for code 'path-parameters-defined' not found in registry.
--------------------------------------------------
Time: 2025-09-30T13:49:22.474690
Issue: operation-summary | N/A
Message: Operation object should contain `summary` field. [path: paths./v3/{+parent}/brands.get.summary]
Location: N/A
Fixed: False
Source: System
Issue Source: redocly-validator
Issue Target: import-url_root-spec
Action: COULD NOT PROCESS: Issue definition for code 'operation-summary' not found in registry.
--------------------------------------------------
Time: 2025-09-30T13:49:22.589127
Issue: path-parameters-defined | N/A
Message: Path parameter `parent` is not used in the path `/v3/{+parent}/brands`. [path: paths./v3/{+parent}/brands.get.parameters.0.name]
Location: N/A
Fixed: False
Source: System
Issue Source: redocly-validator
Issue Target: import-url_root-spec
Action: COULD NOT PROCESS: Issue definition for code 'path-parameters-defined' not found in registry.
--------------------------------------------------
Time: 2025-09-30T13:49:22.611169
Issue: operation-summary | N/A
Message: Operation object should contain `summary` field. [path: paths./v3/{+parent}/brands.post.summary]
Location: N/A
Fixed: False
Source: System
Issue Source: redocly-validator
Issue Target: import-url_root-spec
Action: COULD NOT PROCESS: Issue definition for code 'operation-summary' not found in registry.
--------------------------------------------------
Time: 2025-09-30T13:49:22.738818
Issue: path-parameters-defined | N/A
Message: Path parameter `parent` is not used in the path `/v3/{+parent}/brands`. [path: paths./v3/{+parent}/brands.post.parameters.0.name]
Location: N/A
Fixed: False
Source: System
Issue Source: redocly-validator
Issue Target: import-url_root-spec
Action: COULD NOT PROCESS: Issue definition for code 'path-parameters-defined' not found in registry.
--------------------------------------------------
Time: 2025-09-30T13:49:22.750027
Issue: operation-summary | N/A
Message: Operation object should contain `summary` field. [path: paths./v3/{+parent}/hotelViews.get.summary]
Location: N/A
Fixed: False
Source: System
Issue Source: redocly-validator
Issue Target: import-url_root-spec
Action: COULD NOT PROCESS: Issue definition for code 'operation-summary' not found in registry.
--------------------------------------------------
Time: 2025-09-30T13:49:22.759909
Issue: path-parameters-defined | N/A
Message: Path parameter `parent` is not used in the path `/v3/{+parent}/hotelViews`. [path: paths./v3/{+parent}/hotelViews.get.parameters.0.name]
Location: N/A
Fixed: False
Source: System
Issue Source: redocly-validator
Issue Target: import-url_root-spec
Action: COULD NOT PROCESS: Issue definition for code 'path-parameters-defined' not found in registry.
--------------------------------------------------
Time: 2025-09-30T13:49:22.808935
Issue: struct | N/A
Message: Property `enumDeprecated` is not expected here. [path: components.schemas.DataIssueDetail.properties.dataIssueType.enumDeprecated]
Location: N/A
Fixed: False
Source: System
Issue Source: redocly-validator
Issue Target: import-url_root-spec
Action: COULD NOT PROCESS: Issue definition for code 'struct' not found in registry.
--------------------------------------------------
Time: 2025-09-30T13:49:22.887777
Issue: struct | N/A
Message: Property `enumDeprecated` is not expected here. [path: components.schemas.HotelView.properties.dataIssues.items.enumDeprecated]
Location: N/A
Fixed: False
Source: System
Issue Source: redocly-validator
Issue Target: import-url_root-spec
Action: COULD NOT PROCESS: Issue definition for code 'struct' not found in registry.
--------------------------------------------------
Time: 2025-09-30T13:49:22.955661
Issue: operation-summary | N/A
Message: Operation object should contain `summary` field. [path: paths./v3/{+parent}/hotelViews:summarize.get.summary]
Location: N/A
Fixed: False
Source: System
Issue Source: redocly-validator
Issue Target: import-url_root-spec
Action: COULD NOT PROCESS: Issue definition for code 'operation-summary' not found in registry.
--------------------------------------------------
Time: 2025-09-30T13:49:22.978387
Issue: path-parameters-defined | N/A
Message: Path parameter `parent` is not used in the path `/v3/{+parent}/hotelViews:summarize`. [path: paths./v3/{+parent}/hotelViews:summarize.get.parameters.0.name]
Location: N/A
Fixed: False
Source: System
Issue Source: redocly-validator
Issue Target: import-url_root-spec
Action: COULD NOT PROCESS: Issue definition for code 'path-parameters-defined' not found in registry.
--------------------------------------------------
Time: 2025-09-30T13:49:23.103807
Issue: operation-summary | N/A
Message: Operation object should contain `summary` field. [path: paths./v3/{+parent}/icons.get.summary]
Location: N/A
Fixed: False
Source: System
Issue Source: redocly-validator
Issue Target: import-url_root-spec
Action: COULD NOT PROCESS: Issue definition for code 'operation-summary' not found in registry.
--------------------------------------------------
Time: 2025-09-30T13:49:23.182747
Issue: path-parameters-defined | N/A
Message: Path parameter `parent` is not used in the path `/v3/{+parent}/icons`. [path: paths./v3/{+parent}/icons.get.parameters.0.name]
Location: N/A
Fixed: False
Source: System
Issue Source: redocly-validator
Issue Target: import-url_root-spec
Action: COULD NOT PROCESS: Issue definition for code 'path-parameters-defined' not found in registry.
--------------------------------------------------
Time: 2025-09-30T13:49:23.302743
Issue: operation-summary | N/A
Message: Operation object should contain `summary` field. [path: paths./v3/{+parent}/icons.post.summary]
Location: N/A
Fixed: False
Source: System
Issue Source: redocly-validator
Issue Target: import-url_root-spec
Action: COULD NOT PROCESS: Issue definition for code 'operation-summary' not found in registry.
--------------------------------------------------
Time: 2025-09-30T13:49:23.360429
Issue: path-parameters-defined | N/A
Message: Path parameter `parent` is not used in the path `/v3/{+parent}/icons`. [path: paths./v3/{+parent}/icons.post.parameters.0.name]
Location: N/A
Fixed: False
Source: System
Issue Source: redocly-validator
Issue Target: import-url_root-spec
Action: COULD NOT PROCESS: Issue definition for code 'path-parameters-defined' not found in registry.
--------------------------------------------------
Time: 2025-09-30T13:49:23.449344
Issue: operation-summary | N/A
Message: Operation object should contain `summary` field. [path: paths./v3/{+parent}/listings:verify.post.summary]
Location: N/A
Fixed: False
Source: System
Issue Source: redocly-validator
Issue Target: import-url_root-spec
Action: COULD NOT PROCESS: Issue definition for code 'operation-summary' not found in registry.
--------------------------------------------------
Time: 2025-09-30T13:49:23.512893
Issue: path-parameters-defined | N/A
Message: Path parameter `parent` is not used in the path `/v3/{+parent}/listings:verify`. [path: paths./v3/{+parent}/listings:verify.post.parameters.0.name]
Location: N/A
Fixed: False
Source: System
Issue Source: redocly-validator
Issue Target: import-url_root-spec
Action: COULD NOT PROCESS: Issue definition for code 'path-parameters-defined' not found in registry.
--------------------------------------------------
Time: 2025-09-30T13:49:23.600092
Issue: operation-summary | N/A
Message: Operation object should contain `summary` field. [path: paths./v3/{+parent}/priceAccuracyViews.get.summary]
Location: N/A
Fixed: False
Source: System
Issue Source: redocly-validator
Issue Target: import-url_root-spec
Action: COULD NOT PROCESS: Issue definition for code 'operation-summary' not found in registry.
--------------------------------------------------
Time: 2025-09-30T13:49:23.664301
Issue: path-parameters-defined | N/A
Message: Path parameter `parent` is not used in the path `/v3/{+parent}/priceAccuracyViews`. [path: paths./v3/{+parent}/priceAccuracyViews.get.parameters.0.name]
Location: N/A
Fixed: False
Source: System
Issue Source: redocly-validator
Issue Target: import-url_root-spec
Action: COULD NOT PROCESS: Issue definition for code 'path-parameters-defined' not found in registry.
--------------------------------------------------
Time: 2025-09-30T13:49:23.718678
Issue: operation-summary | N/A
Message: Operation object should contain `summary` field. [path: paths./v3/{+parent}/priceAccuracyViews:summarize.get.summary]
Location: N/A
Fixed: False
Source: System
Issue Source: redocly-validator
Issue Target: import-url_root-spec
Action: COULD NOT PROCESS: Issue definition for code 'operation-summary' not found in registry.
--------------------------------------------------
Time: 2025-09-30T13:49:23.778469
Issue: path-parameters-defined | N/A
Message: Path parameter `parent` is not used in the path `/v3/{+parent}/priceAccuracyViews:summarize`. [path: paths./v3/{+parent}/priceAccuracyViews:summarize.get.parameters.0.name]
Location: N/A
Fixed: False
Source: System
Issue Source: redocly-validator
Issue Target: import-url_root-spec
Action: COULD NOT PROCESS: Issue definition for code 'path-parameters-defined' not found in registry.
--------------------------------------------------
Time: 2025-09-30T13:49:23.802068
Issue: operation-summary | N/A
Message: Operation object should contain `summary` field. [path: paths./v3/{+parent}/priceCoverageViews.get.summary]
Location: N/A
Fixed: False
Source: System
Issue Source: redocly-validator
Issue Target: import-url_root-spec
Action: COULD NOT PROCESS: Issue definition for code 'operation-summary' not found in registry.
--------------------------------------------------
Time: 2025-09-30T13:49:23.851443
Issue: path-parameters-defined | N/A
Message: Path parameter `parent` is not used in the path `/v3/{+parent}/priceCoverageViews`. [path: paths./v3/{+parent}/priceCoverageViews.get.parameters.0.name]
Location: N/A
Fixed: False
Source: System
Issue Source: redocly-validator
Issue Target: import-url_root-spec
Action: COULD NOT PROCESS: Issue definition for code 'path-parameters-defined' not found in registry.
--------------------------------------------------
Time: 2025-09-30T13:49:23.906057
Issue: operation-summary | N/A
Message: Operation object should contain `summary` field. [path: paths./v3/{+parent}/priceCoverageViews:latest.get.summary]
Location: N/A
Fixed: False
Source: System
Issue Source: redocly-validator
Issue Target: import-url_root-spec
Action: COULD NOT PROCESS: Issue definition for code 'operation-summary' not found in registry.
--------------------------------------------------
Time: 2025-09-30T13:49:23.980280
Issue: path-parameters-defined | N/A
Message: Path parameter `parent` is not used in the path `/v3/{+parent}/priceCoverageViews:latest`. [path: paths./v3/{+parent}/priceCoverageViews:latest.get.parameters.0.name]
Location: N/A
Fixed: False
Source: System
Issue Source: redocly-validator
Issue Target: import-url_root-spec
Action: COULD NOT PROCESS: Issue definition for code 'path-parameters-defined' not found in registry.
--------------------------------------------------
Time: 2025-09-30T13:49:24.069394
Issue: operation-summary | N/A
Message: Operation object should contain `summary` field. [path: paths./v3/{+parent}/reconciliationReports.get.summary]
Location: N/A
Fixed: False
Source: System
Issue Source: redocly-validator
Issue Target: import-url_root-spec
Action: COULD NOT PROCESS: Issue definition for code 'operation-summary' not found in registry.
--------------------------------------------------
Time: 2025-09-30T13:49:24.097698
Issue: path-parameters-defined | N/A
Message: Path parameter `parent` is not used in the path `/v3/{+parent}/reconciliationReports`. [path: paths./v3/{+parent}/reconciliationReports.get.parameters.0.name]
Location: N/A
Fixed: False
Source: System
Issue Source: redocly-validator
Issue Target: import-url_root-spec
Action: COULD NOT PROCESS: Issue definition for code 'path-parameters-defined' not found in registry.
--------------------------------------------------
Time: 2025-09-30T13:49:24.157769
Issue: operation-summary | N/A
Message: Operation object should contain `summary` field. [path: paths./v3/{+parent}/reconciliationReports.post.summary]
Location: N/A
Fixed: False
Source: System
Issue Source: redocly-validator
Issue Target: import-url_root-spec
Action: COULD NOT PROCESS: Issue definition for code 'operation-summary' not found in registry.
--------------------------------------------------
Time: 2025-09-30T13:49:24.229290
Issue: path-parameters-defined | N/A
Message: Path parameter `parent` is not used in the path `/v3/{+parent}/reconciliationReports`. [path: paths./v3/{+parent}/reconciliationReports.post.parameters.0.name]
Location: N/A
Fixed: False
Source: System
Issue Source: redocly-validator
Issue Target: import-url_root-spec
Action: COULD NOT PROCESS: Issue definition for code 'path-parameters-defined' not found in registry.
--------------------------------------------------
Time: 2025-09-30T13:49:24.485447
Issue: operation-summary | N/A
Message: Operation object should contain `summary` field. [path: paths./v3/{+parent}/reconciliationReports:validate.post.summary]
Location: N/A
Fixed: False
Source: System
Issue Source: redocly-validator
Issue Target: import-url_root-spec
Action: COULD NOT PROCESS: Issue definition for code 'operation-summary' not found in registry.
--------------------------------------------------
Time: 2025-09-30T13:49:24.578240
Issue: path-parameters-defined | N/A
Message: Path parameter `parent` is not used in the path `/v3/{+parent}/reconciliationReports:validate`. [path: paths./v3/{+parent}/reconciliationReports:validate.post.parameters.0.name]
Location: N/A
Fixed: False
Source: System
Issue Source: redocly-validator
Issue Target: import-url_root-spec
Action: COULD NOT PROCESS: Issue definition for code 'path-parameters-defined' not found in registry.
--------------------------------------------------
Time: 2025-09-30T13:49:24.737650
Issue: security-defined | N/A
Message: Every operation should have security defined on it or on the root level. [path: paths./v3/{+account}/hotels:setLiveOnGoogle.post]
Location: N/A
Fixed: False
Source: System
Issue Source: redocly-validator
Issue Target: import-url_root-spec
Action: COULD NOT PROCESS: Issue definition for code 'security-defined' not found in registry.
--------------------------------------------------
Time: 2025-09-30T13:49:24.828551
Issue: security-defined | N/A
Message: Every operation should have security defined on it or on the root level. [path: paths./v3/{+name}.get]
Location: N/A
Fixed: False
Source: System
Issue Source: redocly-validator
Issue Target: import-url_root-spec
Action: COULD NOT PROCESS: Issue definition for code 'security-defined' not found in registry.
--------------------------------------------------
Time: 2025-09-30T13:49:25.005471
Issue: security-defined | N/A
Message: Every operation should have security defined on it or on the root level. [path: paths./v3/{+name}.delete]
Location: N/A
Fixed: False
Source: System
Issue Source: redocly-validator
Issue Target: import-url_root-spec
Action: COULD NOT PROCESS: Issue definition for code 'security-defined' not found in registry.
--------------------------------------------------
Time: 2025-09-30T13:49:25.204698
Issue: security-defined | N/A
Message: Every operation should have security defined on it or on the root level. [path: paths./v3/{+name}.patch]
Location: N/A
Fixed: False
Source: System
Issue Source: redocly-validator
Issue Target: import-url_root-spec
Action: COULD NOT PROCESS: Issue definition for code 'security-defined' not found in registry.
--------------------------------------------------
Time: 2025-09-30T13:49:25.276962
Issue: security-defined | N/A
Message: Every operation should have security defined on it or on the root level. [path: paths./v3/{+name}/freeBookingLinksReportViews:query.get]
Location: N/A
Fixed: False
Source: System
Issue Source: redocly-validator
Issue Target: import-url_root-spec
Action: COULD NOT PROCESS: Issue definition for code 'security-defined' not found in registry.
--------------------------------------------------
Time: 2025-09-30T13:49:25.358938
Issue: security-defined | N/A
Message: Every operation should have security defined on it or on the root level. [path: paths./v3/{+name}/participationReportViews:query.get]
Location: N/A
Fixed: False
Source: System
Issue Source: redocly-validator
Issue Target: import-url_root-spec
Action: COULD NOT PROCESS: Issue definition for code 'security-defined' not found in registry.
--------------------------------------------------
Time: 2025-09-30T13:49:25.401439
Issue: security-defined | N/A
Message: Every operation should have security defined on it or on the root level. [path: paths./v3/{+name}/propertyPerformanceReportViews:query.get]
Location: N/A
Fixed: False
Source: System
Issue Source: redocly-validator
Issue Target: import-url_root-spec
Action: COULD NOT PROCESS: Issue definition for code 'security-defined' not found in registry.
--------------------------------------------------
Time: 2025-09-30T13:49:25.450488
Issue: security-defined | N/A
Message: Every operation should have security defined on it or on the root level. [path: paths./v3/{+parent}/accountLinks.get]
Location: N/A
Fixed: False
Source: System
Issue Source: redocly-validator
Issue Target: import-url_root-spec
Action: COULD NOT PROCESS: Issue definition for code 'security-defined' not found in registry.
--------------------------------------------------
Time: 2025-09-30T13:49:25.541455
Issue: security-defined | N/A
Message: Every operation should have security defined on it or on the root level. [path: paths./v3/{+parent}/accountLinks.post]
Location: N/A
Fixed: False
Source: System
Issue Source: redocly-validator
Issue Target: import-url_root-spec
Action: COULD NOT PROCESS: Issue definition for code 'security-defined' not found in registry.
--------------------------------------------------
Time: 2025-09-30T13:49:25.608416
Issue: security-defined | N/A
Message: Every operation should have security defined on it or on the root level. [path: paths./v3/{+parent}/brands.get]
Location: N/A
Fixed: False
Source: System
Issue Source: redocly-validator
Issue Target: import-url_root-spec
Action: COULD NOT PROCESS: Issue definition for code 'security-defined' not found in registry.
--------------------------------------------------
Time: 2025-09-30T13:49:25.687545
Issue: security-defined | N/A
Message: Every operation should have security defined on it or on the root level. [path: paths./v3/{+parent}/brands.post]
Location: N/A
Fixed: False
Source: System
Issue Source: redocly-validator
Issue Target: import-url_root-spec
Action: COULD NOT PROCESS: Issue definition for code 'security-defined' not found in registry.
--------------------------------------------------
Time: 2025-09-30T13:49:25.765850
Issue: security-defined | N/A
Message: Every operation should have security defined on it or on the root level. [path: paths./v3/{+parent}/hotelViews.get]
Location: N/A
Fixed: False
Source: System
Issue Source: redocly-validator
Issue Target: import-url_root-spec
Action: COULD NOT PROCESS: Issue definition for code 'security-defined' not found in registry.
--------------------------------------------------
Time: 2025-09-30T13:49:25.845543
Issue: security-defined | N/A
Message: Every operation should have security defined on it or on the root level. [path: paths./v3/{+parent}/hotelViews:summarize.get]
Location: N/A
Fixed: False
Source: System
Issue Source: redocly-validator
Issue Target: import-url_root-spec
Action: COULD NOT PROCESS: Issue definition for code 'security-defined' not found in registry.
--------------------------------------------------
Time: 2025-09-30T13:49:25.924839
Issue: security-defined | N/A
Message: Every operation should have security defined on it or on the root level. [path: paths./v3/{+parent}/icons.get]
Location: N/A
Fixed: False
Source: System
Issue Source: redocly-validator
Issue Target: import-url_root-spec
Action: COULD NOT PROCESS: Issue definition for code 'security-defined' not found in registry.
--------------------------------------------------
Time: 2025-09-30T13:49:26.010213
Issue: security-defined | N/A
Message: Every operation should have security defined on it or on the root level. [path: paths./v3/{+parent}/icons.post]
Location: N/A
Fixed: False
Source: System
Issue Source: redocly-validator
Issue Target: import-url_root-spec
Action: COULD NOT PROCESS: Issue definition for code 'security-defined' not found in registry.
--------------------------------------------------
Time: 2025-09-30T13:49:26.095383
Issue: security-defined | N/A
Message: Every operation should have security defined on it or on the root level. [path: paths./v3/{+parent}/listings:verify.post]
Location: N/A
Fixed: False
Source: System
Issue Source: redocly-validator
Issue Target: import-url_root-spec
Action: COULD NOT PROCESS: Issue definition for code 'security-defined' not found in registry.
--------------------------------------------------
Time: 2025-09-30T13:49:26.169673
Issue: security-defined | N/A
Message: Every operation should have security defined on it or on the root level. [path: paths./v3/{+parent}/priceAccuracyViews.get]
Location: N/A
Fixed: False
Source: System
Issue Source: redocly-validator
Issue Target: import-url_root-spec
Action: COULD NOT PROCESS: Issue definition for code 'security-defined' not found in registry.
--------------------------------------------------
Time: 2025-09-30T13:49:26.237663
Issue: security-defined | N/A
Message: Every operation should have security defined on it or on the root level. [path: paths./v3/{+parent}/priceAccuracyViews:summarize.get]
Location: N/A
Fixed: False
Source: System
Issue Source: redocly-validator
Issue Target: import-url_root-spec
Action: COULD NOT PROCESS: Issue definition for code 'security-defined' not found in registry.
--------------------------------------------------
Time: 2025-09-30T13:49:26.297215
Issue: security-defined | N/A
Message: Every operation should have security defined on it or on the root level. [path: paths./v3/{+parent}/priceCoverageViews.get]
Location: N/A
Fixed: False
Source: System
Issue Source: redocly-validator
Issue Target: import-url_root-spec
Action: COULD NOT PROCESS: Issue definition for code 'security-defined' not found in registry.
--------------------------------------------------
Time: 2025-09-30T13:49:26.351365
Issue: security-defined | N/A
Message: Every operation should have security defined on it or on the root level. [path: paths./v3/{+parent}/priceCoverageViews:latest.get]
Location: N/A
Fixed: False
Source: System
Issue Source: redocly-validator
Issue Target: import-url_root-spec
Action: COULD NOT PROCESS: Issue definition for code 'security-defined' not found in registry.
--------------------------------------------------
Time: 2025-09-30T13:49:26.415263
Issue: security-defined | N/A
Message: Every operation should have security defined on it or on the root level. [path: paths./v3/{+parent}/reconciliationReports.get]
Location: N/A
Fixed: False
Source: System
Issue Source: redocly-validator
Issue Target: import-url_root-spec
Action: COULD NOT PROCESS: Issue definition for code 'security-defined' not found in registry.
--------------------------------------------------
Time: 2025-09-30T13:49:26.448962
Issue: security-defined | N/A
Message: Every operation should have security defined on it or on the root level. [path: paths./v3/{+parent}/reconciliationReports.post]
Location: N/A
Fixed: False
Source: System
Issue Source: redocly-validator
Issue Target: import-url_root-spec
Action: COULD NOT PROCESS: Issue definition for code 'security-defined' not found in registry.
--------------------------------------------------
Time: 2025-09-30T13:49:26.507352
Issue: security-defined | N/A
Message: Every operation should have security defined on it or on the root level. [path: paths./v3/{+parent}/reconciliationReports:validate.post]
Location: N/A
Fixed: False
Source: System
Issue Source: redocly-validator
Issue Target: import-url_root-spec
Action: COULD NOT PROCESS: Issue definition for code 'security-defined' not found in registry.
--------------------------------------------------
Time: 2025-09-30T13:49:26.556807
Issue: tag-description | N/A
Message: Tag object should contain `description` field. [path: tags.0.description]
Location: N/A
Fixed: False
Source: System
Issue Source: redocly-validator
Issue Target: import-url_root-spec
Action: COULD NOT PROCESS: Issue definition for code 'tag-description' not found in registry.
--------------------------------------------------
Time: 2025-09-30T13:49:26.636271
Issue: operation-4xx-response | N/A
Message: Operation must have at least one `4XX` response. [path: paths./v3/{+account}/hotels:setLiveOnGoogle.post.responses]
Location: N/A
Fixed: False
Source: System
Issue Source: redocly-validator
Issue Target: import-url_root-spec
Action: COULD NOT PROCESS: Issue definition for code 'operation-4xx-response' not found in registry.
--------------------------------------------------
Time: 2025-09-30T13:49:26.700928
Issue: operation-4xx-response | N/A
Message: Operation must have at least one `4XX` response. [path: paths./v3/{+name}.get.responses]
Location: N/A
Fixed: False
Source: System
Issue Source: redocly-validator
Issue Target: import-url_root-spec
Action: COULD NOT PROCESS: Issue definition for code 'operation-4xx-response' not found in registry.
--------------------------------------------------
Time: 2025-09-30T13:49:26.771749
Issue: operation-4xx-response | N/A
Message: Operation must have at least one `4XX` response. [path: paths./v3/{+name}.delete.responses]
Location: N/A
Fixed: False
Source: System
Issue Source: redocly-validator
Issue Target: import-url_root-spec
Action: COULD NOT PROCESS: Issue definition for code 'operation-4xx-response' not found in registry.
--------------------------------------------------
Time: 2025-09-30T13:49:26.858705
Issue: operation-4xx-response | N/A
Message: Operation must have at least one `4XX` response. [path: paths./v3/{+name}.patch.responses]
Location: N/A
Fixed: False
Source: System
Issue Source: redocly-validator
Issue Target: import-url_root-spec
Action: COULD NOT PROCESS: Issue definition for code 'operation-4xx-response' not found in registry.
--------------------------------------------------
Time: 2025-09-30T13:49:26.953048
Issue: operation-4xx-response | N/A
Message: Operation must have at least one `4XX` response. [path: paths./v3/{+name}/freeBookingLinksReportViews:query.get.responses]
Location: N/A
Fixed: False
Source: System
Issue Source: redocly-validator
Issue Target: import-url_root-spec
Action: COULD NOT PROCESS: Issue definition for code 'operation-4xx-response' not found in registry.
--------------------------------------------------
Time: 2025-09-30T13:49:27.071249
Issue: operation-4xx-response | N/A
Message: Operation must have at least one `4XX` response. [path: paths./v3/{+name}/participationReportViews:query.get.responses]
Location: N/A
Fixed: False
Source: System
Issue Source: redocly-validator
Issue Target: import-url_root-spec
Action: COULD NOT PROCESS: Issue definition for code 'operation-4xx-response' not found in registry.
--------------------------------------------------
Time: 2025-09-30T13:49:27.175746
Issue: operation-4xx-response | N/A
Message: Operation must have at least one `4XX` response. [path: paths./v3/{+name}/propertyPerformanceReportViews:query.get.responses]
Location: N/A
Fixed: False
Source: System
Issue Source: redocly-validator
Issue Target: import-url_root-spec
Action: COULD NOT PROCESS: Issue definition for code 'operation-4xx-response' not found in registry.
--------------------------------------------------
Time: 2025-09-30T13:49:27.436953
Issue: operation-4xx-response | N/A
Message: Operation must have at least one `4XX` response. [path: paths./v3/{+parent}/accountLinks.get.responses]
Location: N/A
Fixed: False
Source: System
Issue Source: redocly-validator
Issue Target: import-url_root-spec
Action: COULD NOT PROCESS: Issue definition for code 'operation-4xx-response' not found in registry.
--------------------------------------------------
Time: 2025-09-30T13:49:27.561307
Issue: operation-4xx-response | N/A
Message: Operation must have at least one `4XX` response. [path: paths./v3/{+parent}/accountLinks.post.responses]
Location: N/A
Fixed: False
Source: System
Issue Source: redocly-validator
Issue Target: import-url_root-spec
Action: COULD NOT PROCESS: Issue definition for code 'operation-4xx-response' not found in registry.
--------------------------------------------------
Time: 2025-09-30T13:49:27.669293
Issue: operation-4xx-response | N/A
Message: Operation must have at least one `4XX` response. [path: paths./v3/{+parent}/brands.get.responses]
Location: N/A
Fixed: False
Source: System
Issue Source: redocly-validator
Issue Target: import-url_root-spec
Action: COULD NOT PROCESS: Issue definition for code 'operation-4xx-response' not found in registry.
--------------------------------------------------
Time: 2025-09-30T13:49:27.716272
Issue: operation-4xx-response | N/A
Message: Operation must have at least one `4XX` response. [path: paths./v3/{+parent}/brands.post.responses]
Location: N/A
Fixed: False
Source: System
Issue Source: redocly-validator
Issue Target: import-url_root-spec
Action: COULD NOT PROCESS: Issue definition for code 'operation-4xx-response' not found in registry.
--------------------------------------------------
Time: 2025-09-30T13:49:27.861000
Issue: operation-4xx-response | N/A
Message: Operation must have at least one `4XX` response. [path: paths./v3/{+parent}/hotelViews.get.responses]
Location: N/A
Fixed: False
Source: System
Issue Source: redocly-validator
Issue Target: import-url_root-spec
Action: COULD NOT PROCESS: Issue definition for code 'operation-4xx-response' not found in registry.
--------------------------------------------------
Time: 2025-09-30T13:49:27.994963
Issue: operation-4xx-response | N/A
Message: Operation must have at least one `4XX` response. [path: paths./v3/{+parent}/hotelViews:summarize.get.responses]
Location: N/A
Fixed: False
Source: System
Issue Source: redocly-validator
Issue Target: import-url_root-spec
Action: COULD NOT PROCESS: Issue definition for code 'operation-4xx-response' not found in registry.
--------------------------------------------------
Time: 2025-09-30T13:49:28.170817
Issue: operation-4xx-response | N/A
Message: Operation must have at least one `4XX` response. [path: paths./v3/{+parent}/icons.get.responses]
Location: N/A
Fixed: False
Source: System
Issue Source: redocly-validator
Issue Target: import-url_root-spec
Action: COULD NOT PROCESS: Issue definition for code 'operation-4xx-response' not found in registry.
--------------------------------------------------
Time: 2025-09-30T13:49:28.390552
Issue: operation-4xx-response | N/A
Message: Operation must have at least one `4XX` response. [path: paths./v3/{+parent}/icons.post.responses]
Location: N/A
Fixed: False
Source: System
Issue Source: redocly-validator
Issue Target: import-url_root-spec
Action: COULD NOT PROCESS: Issue definition for code 'operation-4xx-response' not found in registry.
--------------------------------------------------
Time: 2025-09-30T13:49:28.521693
Issue: operation-4xx-response | N/A
Message: Operation must have at least one `4XX` response. [path: paths./v3/{+parent}/listings:verify.post.responses]
Location: N/A
Fixed: False
Source: System
Issue Source: redocly-validator
Issue Target: import-url_root-spec
Action: COULD NOT PROCESS: Issue definition for code 'operation-4xx-response' not found in registry.
--------------------------------------------------
Time: 2025-09-30T13:49:28.615126
Issue: operation-4xx-response | N/A
Message: Operation must have at least one `4XX` response. [path: paths./v3/{+parent}/priceAccuracyViews.get.responses]
Location: N/A
Fixed: False
Source: System
Issue Source: redocly-validator
Issue Target: import-url_root-spec
Action: COULD NOT PROCESS: Issue definition for code 'operation-4xx-response' not found in registry.
--------------------------------------------------
Time: 2025-09-30T13:49:28.706085
Issue: operation-4xx-response | N/A
Message: Operation must have at least one `4XX` response. [path: paths./v3/{+parent}/priceAccuracyViews:summarize.get.responses]
Location: N/A
Fixed: False
Source: System
Issue Source: redocly-validator
Issue Target: import-url_root-spec
Action: COULD NOT PROCESS: Issue definition for code 'operation-4xx-response' not found in registry.
--------------------------------------------------
Time: 2025-09-30T13:49:28.835996
Issue: operation-4xx-response | N/A
Message: Operation must have at least one `4XX` response. [path: paths./v3/{+parent}/priceCoverageViews.get.responses]
Location: N/A
Fixed: False
Source: System
Issue Source: redocly-validator
Issue Target: import-url_root-spec
Action: COULD NOT PROCESS: Issue definition for code 'operation-4xx-response' not found in registry.
--------------------------------------------------
Time: 2025-09-30T13:49:28.916197
Issue: operation-4xx-response | N/A
Message: Operation must have at least one `4XX` response. [path: paths./v3/{+parent}/priceCoverageViews:latest.get.responses]
Location: N/A
Fixed: False
Source: System
Issue Source: redocly-validator
Issue Target: import-url_root-spec
Action: COULD NOT PROCESS: Issue definition for code 'operation-4xx-response' not found in registry.
--------------------------------------------------
Time: 2025-09-30T13:49:30.127619
Issue: operation-4xx-response | N/A
Message: Operation must have at least one `4XX` response. [path: paths./v3/{+parent}/reconciliationReports.get.responses]
Location: N/A
Fixed: False
Source: System
Issue Source: redocly-validator
Issue Target: import-url_root-spec
Action: COULD NOT PROCESS: Issue definition for code 'operation-4xx-response' not found in registry.
--------------------------------------------------
Time: 2025-09-30T13:49:30.261276
Issue: operation-4xx-response | N/A
Message: Operation must have at least one `4XX` response. [path: paths./v3/{+parent}/reconciliationReports.post.responses]
Location: N/A
Fixed: False
Source: System
Issue Source: redocly-validator
Issue Target: import-url_root-spec
Action: COULD NOT PROCESS: Issue definition for code 'operation-4xx-response' not found in registry.
--------------------------------------------------
Time: 2025-09-30T13:49:30.416152
Issue: operation-4xx-response | N/A
Message: Operation must have at least one `4XX` response. [path: paths./v3/{+parent}/reconciliationReports:validate.post.responses]
Location: N/A
Fixed: False
Source: System
Issue Source: redocly-validator
Issue Target: import-url_root-spec
Action: COULD NOT PROCESS: Issue definition for code 'operation-4xx-response' not found in registry.
--------------------------------------------------
Time: 2025-09-30T13:49:30.575896
Issue: no-unused-components | N/A
Message: Component: "PriceView" is never used. [path: components.schemas.PriceView]
Location: N/A
Fixed: False
Source: System
Issue Source: redocly-validator
Issue Target: import-url_root-spec
Action: COULD NOT PROCESS: Issue definition for code 'no-unused-components' not found in registry.
--------------------------------------------------
Time: 2025-09-30T13:49:30.779845
Issue: no-unused-components | N/A
Message: Component: "Brand" is never used. [path: components.requestBodies.Brand]
Location: N/A
Fixed: False
Source: System
Issue Source: redocly-validator
Issue Target: import-url_root-spec
Action: COULD NOT PROCESS: Issue definition for code 'no-unused-components' not found in registry.
--------------------------------------------------
Time: 2025-09-30T13:49:30.870663
Issue: no-unused-components | N/A
Message: Component: "ReconciliationReport" is never used. [path: components.requestBodies.ReconciliationReport]
Location: N/A
Fixed: False
Source: System
Issue Source: redocly-validator
Issue Target: import-url_root-spec
Action: COULD NOT PROCESS: Issue definition for code 'no-unused-components' not found in registry.
--------------------------------------------------
Time: 2025-09-30T13:49:31.003183
Issue: oas3-server-trailing-slash | N/A
Message: Server URL must not have trailing slash. [path: servers.0.url]
Location: N/A
Fixed: False
Source: System
Issue Source: spectral-validator
Issue Target: import-url_root-spec
Action: COULD NOT PROCESS: Issue definition for code 'oas3-server-trailing-slash' not found in registry.
--------------------------------------------------
Time: 2025-09-30T13:49:31.086090
Issue: path-params | N/A
Message: Parameter "account" must be used in path "/v3/{+account}/hotels:setLiveOnGoogle". [path: paths./v3/{+account}/hotels:setLiveOnGoogle.post.parameters.0]
Location: N/A
Fixed: False
Source: System
Issue Source: spectral-validator
Issue Target: import-url_root-spec
Action: COULD NOT PROCESS: Issue definition for code 'path-params' not found in registry.
--------------------------------------------------
Time: 2025-09-30T13:49:31.166197
Issue: path-params | N/A
Message: Parameter "name" must be used in path "/v3/{+name}". [path: paths./v3/{+name}.delete.parameters.0]
Location: N/A
Fixed: False
Source: System
Issue Source: spectral-validator
Issue Target: import-url_root-spec
Action: COULD NOT PROCESS: Issue definition for code 'path-params' not found in registry.
--------------------------------------------------
Time: 2025-09-30T13:49:31.305637
Issue: path-params | N/A
Message: Parameter "name" must be used in path "/v3/{+name}". [path: paths./v3/{+name}.get.parameters.0]
Location: N/A
Fixed: False
Source: System
Issue Source: spectral-validator
Issue Target: import-url_root-spec
Action: COULD NOT PROCESS: Issue definition for code 'path-params' not found in registry.
--------------------------------------------------
Time: 2025-09-30T13:49:31.495072
Issue: path-params | N/A
Message: Parameter "name" must be used in path "/v3/{+name}". [path: paths./v3/{+name}.patch.parameters.0]
Location: N/A
Fixed: False
Source: System
Issue Source: spectral-validator
Issue Target: import-url_root-spec
Action: COULD NOT PROCESS: Issue definition for code 'path-params' not found in registry.
--------------------------------------------------
Time: 2025-09-30T13:49:31.609132
Issue: path-params | N/A
Message: Parameter "name" must be used in path "/v3/{+name}/freeBookingLinksReportViews:query". [path: paths./v3/{+name}/freeBookingLinksReportViews:query.get.parameters.0]
Location: N/A
Fixed: False
Source: System
Issue Source: spectral-validator
Issue Target: import-url_root-spec
Action: COULD NOT PROCESS: Issue definition for code 'path-params' not found in registry.
--------------------------------------------------
Time: 2025-09-30T13:49:31.779356
Issue: path-params | N/A
Message: Parameter "name" must be used in path "/v3/{+name}/participationReportViews:query". [path: paths./v3/{+name}/participationReportViews:query.get.parameters.0]
Location: N/A
Fixed: False
Source: System
Issue Source: spectral-validator
Issue Target: import-url_root-spec
Action: COULD NOT PROCESS: Issue definition for code 'path-params' not found in registry.
--------------------------------------------------
Time: 2025-09-30T13:49:31.974653
Issue: path-params | N/A
Message: Parameter "name" must be used in path "/v3/{+name}/propertyPerformanceReportViews:query". [path: paths./v3/{+name}/propertyPerformanceReportViews:query.get.parameters.0]
Location: N/A
Fixed: False
Source: System
Issue Source: spectral-validator
Issue Target: import-url_root-spec
Action: COULD NOT PROCESS: Issue definition for code 'path-params' not found in registry.
--------------------------------------------------
Time: 2025-09-30T13:49:32.038079
Issue: path-params | N/A
Message: Parameter "parent" must be used in path "/v3/{+parent}/accountLinks". [path: paths./v3/{+parent}/accountLinks.get.parameters.0]
Location: N/A
Fixed: False
Source: System
Issue Source: spectral-validator
Issue Target: import-url_root-spec
Action: COULD NOT PROCESS: Issue definition for code 'path-params' not found in registry.
--------------------------------------------------
Time: 2025-09-30T13:49:32.193232
Issue: path-params | N/A
Message: Parameter "parent" must be used in path "/v3/{+parent}/accountLinks". [path: paths./v3/{+parent}/accountLinks.post.parameters.0]
Location: N/A
Fixed: False
Source: System
Issue Source: spectral-validator
Issue Target: import-url_root-spec
Action: COULD NOT PROCESS: Issue definition for code 'path-params' not found in registry.
--------------------------------------------------
Time: 2025-09-30T13:49:32.427026
Issue: path-params | N/A
Message: Parameter "parent" must be used in path "/v3/{+parent}/brands". [path: paths./v3/{+parent}/brands.get.parameters.0]
Location: N/A
Fixed: False
Source: System
Issue Source: spectral-validator
Issue Target: import-url_root-spec
Action: COULD NOT PROCESS: Issue definition for code 'path-params' not found in registry.
--------------------------------------------------
Time: 2025-09-30T13:49:32.579994
Issue: path-params | N/A
Message: Parameter "parent" must be used in path "/v3/{+parent}/brands". [path: paths./v3/{+parent}/brands.post.parameters.0]
Location: N/A
Fixed: False
Source: System
Issue Source: spectral-validator
Issue Target: import-url_root-spec
Action: COULD NOT PROCESS: Issue definition for code 'path-params' not found in registry.
--------------------------------------------------
Time: 2025-09-30T13:49:32.840672
Issue: path-params | N/A
Message: Parameter "parent" must be used in path "/v3/{+parent}/hotelViews". [path: paths./v3/{+parent}/hotelViews.get.parameters.0]
Location: N/A
Fixed: False
Source: System
Issue Source: spectral-validator
Issue Target: import-url_root-spec
Action: COULD NOT PROCESS: Issue definition for code 'path-params' not found in registry.
--------------------------------------------------
Time: 2025-09-30T13:49:32.995647
Issue: path-params | N/A
Message: Parameter "parent" must be used in path "/v3/{+parent}/hotelViews:summarize". [path: paths./v3/{+parent}/hotelViews:summarize.get.parameters.0]
Location: N/A
Fixed: False
Source: System
Issue Source: spectral-validator
Issue Target: import-url_root-spec
Action: COULD NOT PROCESS: Issue definition for code 'path-params' not found in registry.
--------------------------------------------------
Time: 2025-09-30T13:49:33.120781
Issue: path-params | N/A
Message: Parameter "parent" must be used in path "/v3/{+parent}/icons". [path: paths./v3/{+parent}/icons.get.parameters.0]
Location: N/A
Fixed: False
Source: System
Issue Source: spectral-validator
Issue Target: import-url_root-spec
Action: COULD NOT PROCESS: Issue definition for code 'path-params' not found in registry.
--------------------------------------------------
Time: 2025-09-30T13:49:33.270239
Issue: path-params | N/A
Message: Parameter "parent" must be used in path "/v3/{+parent}/icons". [path: paths./v3/{+parent}/icons.post.parameters.0]
Location: N/A
Fixed: False
Source: System
Issue Source: spectral-validator
Issue Target: import-url_root-spec
Action: COULD NOT PROCESS: Issue definition for code 'path-params' not found in registry.
--------------------------------------------------
Time: 2025-09-30T13:49:33.494028
Issue: path-params | N/A
Message: Parameter "parent" must be used in path "/v3/{+parent}/listings:verify". [path: paths./v3/{+parent}/listings:verify.post.parameters.0]
Location: N/A
Fixed: False
Source: System
Issue Source: spectral-validator
Issue Target: import-url_root-spec
Action: COULD NOT PROCESS: Issue definition for code 'path-params' not found in registry.
--------------------------------------------------
Time: 2025-09-30T13:49:33.597422
Issue: path-params | N/A
Message: Parameter "parent" must be used in path "/v3/{+parent}/priceAccuracyViews". [path: paths./v3/{+parent}/priceAccuracyViews.get.parameters.0]
Location: N/A
Fixed: False
Source: System
Issue Source: spectral-validator
Issue Target: import-url_root-spec
Action: COULD NOT PROCESS: Issue definition for code 'path-params' not found in registry.
--------------------------------------------------
Time: 2025-09-30T13:49:33.745673
Issue: path-params | N/A
Message: Parameter "parent" must be used in path "/v3/{+parent}/priceAccuracyViews:summarize". [path: paths./v3/{+parent}/priceAccuracyViews:summarize.get.parameters.0]
Location: N/A
Fixed: False
Source: System
Issue Source: spectral-validator
Issue Target: import-url_root-spec
Action: COULD NOT PROCESS: Issue definition for code 'path-params' not found in registry.
--------------------------------------------------
Time: 2025-09-30T13:49:33.891776
Issue: path-params | N/A
Message: Parameter "parent" must be used in path "/v3/{+parent}/priceCoverageViews". [path: paths./v3/{+parent}/priceCoverageViews.get.parameters.0]
Location: N/A
Fixed: False
Source: System
Issue Source: spectral-validator
Issue Target: import-url_root-spec
Action: COULD NOT PROCESS: Issue definition for code 'path-params' not found in registry.
--------------------------------------------------
Time: 2025-09-30T13:49:34.006386
Issue: path-params | N/A
Message: Parameter "parent" must be used in path "/v3/{+parent}/priceCoverageViews:latest". [path: paths./v3/{+parent}/priceCoverageViews:latest.get.parameters.0]
Location: N/A
Fixed: False
Source: System
Issue Source: spectral-validator
Issue Target: import-url_root-spec
Action: COULD NOT PROCESS: Issue definition for code 'path-params' not found in registry.
--------------------------------------------------
Time: 2025-09-30T13:49:35.106023
Issue: path-params | N/A
Message: Parameter "parent" must be used in path "/v3/{+parent}/reconciliationReports". [path: paths./v3/{+parent}/reconciliationReports.get.parameters.0]
Location: N/A
Fixed: False
Source: System
Issue Source: spectral-validator
Issue Target: import-url_root-spec
Action: COULD NOT PROCESS: Issue definition for code 'path-params' not found in registry.
--------------------------------------------------
Time: 2025-09-30T13:49:35.200759
Issue: path-params | N/A
Message: Parameter "parent" must be used in path "/v3/{+parent}/reconciliationReports". [path: paths./v3/{+parent}/reconciliationReports.post.parameters.0]
Location: N/A
Fixed: False
Source: System
Issue Source: spectral-validator
Issue Target: import-url_root-spec
Action: COULD NOT PROCESS: Issue definition for code 'path-params' not found in registry.
--------------------------------------------------
Time: 2025-09-30T13:49:35.296216
Issue: path-params | N/A
Message: Parameter "parent" must be used in path "/v3/{+parent}/reconciliationReports:validate". [path: paths./v3/{+parent}/reconciliationReports:validate.post.parameters.0]
Location: N/A
Fixed: False
Source: System
Issue Source: spectral-validator
Issue Target: import-url_root-spec
Action: COULD NOT PROCESS: Issue definition for code 'path-params' not found in registry.
--------------------------------------------------
Time: 2025-09-30T13:49:35.409291
Issue: oas3-unused-component | N/A
Message: Potentially unused component has been detected. [path: components.requestBodies.Brand]
Location: N/A
Fixed: False
Source: System
Issue Source: spectral-validator
Issue Target: import-url_root-spec
Action: COULD NOT PROCESS: Issue definition for code 'oas3-unused-component' not found in registry.
--------------------------------------------------
Time: 2025-09-30T13:49:35.504248
Issue: oas3-unused-component | N/A
Message: Potentially unused component has been detected. [path: components.requestBodies.ReconciliationReport]
Location: N/A
Fixed: False
Source: System
Issue Source: spectral-validator
Issue Target: import-url_root-spec
Action: COULD NOT PROCESS: Issue definition for code 'oas3-unused-component' not found in registry.
--------------------------------------------------
Time: 2025-09-30T13:49:35.573249
Issue: no-$ref-siblings | N/A
Message: $ref must not be placed next to any other properties [path: components.schemas.AccountLink.properties.accountLinkTarget.description]
Location: N/A
Fixed: False
Source: System
Issue Source: spectral-validator
Issue Target: import-url_root-spec
Action: COULD NOT PROCESS: Issue definition for code 'no-$ref-siblings' not found in registry.
--------------------------------------------------
Time: 2025-09-30T13:49:35.646668
Issue: no-$ref-siblings | N/A
Message: $ref must not be placed next to any other properties [path: components.schemas.AccountLinkTarget.properties.hotelList.description]
Location: N/A
Fixed: False
Source: System
Issue Source: spectral-validator
Issue Target: import-url_root-spec
Action: COULD NOT PROCESS: Issue definition for code 'no-$ref-siblings' not found in registry.
--------------------------------------------------
Time: 2025-09-30T13:49:35.736293
Issue: no-$ref-siblings | N/A
Message: $ref must not be placed next to any other properties [path: components.schemas.CreateReconciliationReportResponse.properties.reconciliationReport.description]
Location: N/A
Fixed: False
Source: System
Issue Source: spectral-validator
Issue Target: import-url_root-spec
Action: COULD NOT PROCESS: Issue definition for code 'no-$ref-siblings' not found in registry.
--------------------------------------------------
Time: 2025-09-30T13:49:35.791152
Issue: oas3-schema | N/A
Message: Property "enumDeprecated" is not expected to be here. [path: components.schemas.DataIssueDetail.properties.dataIssueType.enumDeprecated]
Location: N/A
Fixed: False
Source: System
Issue Source: spectral-validator
Issue Target: import-url_root-spec
Action: COULD NOT PROCESS: Issue definition for code 'oas3-schema' not found in registry.
--------------------------------------------------
Time: 2025-09-30T13:49:35.845776
Issue: no-$ref-siblings | N/A
Message: $ref must not be placed next to any other properties [path: components.schemas.FreeBookingLinksResult.properties.date.description]
Location: N/A
Fixed: False
Source: System
Issue Source: spectral-validator
Issue Target: import-url_root-spec
Action: COULD NOT PROCESS: Issue definition for code 'no-$ref-siblings' not found in registry.
--------------------------------------------------
Time: 2025-09-30T13:49:35.905137
Issue: no-$ref-siblings | N/A
Message: $ref must not be placed next to any other properties [path: components.schemas.HotelPricePerItinerary.properties.checkinDate.description]
Location: N/A
Fixed: False
Source: System
Issue Source: spectral-validator
Issue Target: import-url_root-spec
Action: COULD NOT PROCESS: Issue definition for code 'no-$ref-siblings' not found in registry.
--------------------------------------------------
Time: 2025-09-30T13:49:35.994922
Issue: oas3-schema | N/A
Message: Property "enumDeprecated" is not expected to be here. [path: components.schemas.HotelView.properties.dataIssues.items.enumDeprecated]
Location: N/A
Fixed: False
Source: System
Issue Source: spectral-validator
Issue Target: import-url_root-spec
Action: COULD NOT PROCESS: Issue definition for code 'oas3-schema' not found in registry.
--------------------------------------------------
Time: 2025-09-30T13:49:36.114511
Issue: no-$ref-siblings | N/A
Message: $ref must not be placed next to any other properties [path: components.schemas.Key.properties.checkinDate.description]
Location: N/A
Fixed: False
Source: System
Issue Source: spectral-validator
Issue Target: import-url_root-spec
Action: COULD NOT PROCESS: Issue definition for code 'no-$ref-siblings' not found in registry.
--------------------------------------------------
Time: 2025-09-30T13:49:36.173045
Issue: no-$ref-siblings | N/A
Message: $ref must not be placed next to any other properties [path: components.schemas.Key.properties.date.description]
Location: N/A
Fixed: False
Source: System
Issue Source: spectral-validator
Issue Target: import-url_root-spec
Action: COULD NOT PROCESS: Issue definition for code 'no-$ref-siblings' not found in registry.
--------------------------------------------------
Time: 2025-09-30T13:49:36.296449
Issue: no-$ref-siblings | N/A
Message: $ref must not be placed next to any other properties [path: components.schemas.MissedParticipationCountDetails.properties.noPriceCountDetails.deprecated]
Location: N/A
Fixed: False
Source: System
Issue Source: spectral-validator
Issue Target: import-url_root-spec
Action: COULD NOT PROCESS: Issue definition for code 'no-$ref-siblings' not found in registry.
--------------------------------------------------
Time: 2025-09-30T13:49:36.564564
Issue: no-$ref-siblings | N/A
Message: $ref must not be placed next to any other properties [path: components.schemas.MissedParticipationCountDetails.properties.noPriceCountDetails.description]
Location: N/A
Fixed: False
Source: System
Issue Source: spectral-validator
Issue Target: import-url_root-spec
Action: COULD NOT PROCESS: Issue definition for code 'no-$ref-siblings' not found in registry.
--------------------------------------------------
Time: 2025-09-30T13:49:36.980974
Issue: no-$ref-siblings | N/A
Message: $ref must not be placed next to any other properties [path: components.schemas.MissedParticipationCountDetails.properties.priceMissingCountDetails.description]
Location: N/A
Fixed: False
Source: System
Issue Source: spectral-validator
Issue Target: import-url_root-spec
Action: COULD NOT PROCESS: Issue definition for code 'no-$ref-siblings' not found in registry.
--------------------------------------------------
Time: 2025-09-30T13:49:37.181004
Issue: no-$ref-siblings | N/A
Message: $ref must not be placed next to any other properties [path: components.schemas.MissedParticipationCountDetails.properties.priceProblemCountDetails.description]
Location: N/A
Fixed: False
Source: System
Issue Source: spectral-validator
Issue Target: import-url_root-spec
Action: COULD NOT PROCESS: Issue definition for code 'no-$ref-siblings' not found in registry.
--------------------------------------------------
Time: 2025-09-30T13:49:37.293977
Issue: no-$ref-siblings | N/A
Message: $ref must not be placed next to any other properties [path: components.schemas.MissedParticipationCountDetails.properties.priceUnavailableCountDetails.description]
Location: N/A
Fixed: False
Source: System
Issue Source: spectral-validator
Issue Target: import-url_root-spec
Action: COULD NOT PROCESS: Issue definition for code 'no-$ref-siblings' not found in registry.
--------------------------------------------------
Time: 2025-09-30T13:49:37.447886
Issue: no-$ref-siblings | N/A
Message: $ref must not be placed next to any other properties [path: components.schemas.ParsedListing.properties.location.description]
Location: N/A
Fixed: False
Source: System
Issue Source: spectral-validator
Issue Target: import-url_root-spec
Action: COULD NOT PROCESS: Issue definition for code 'no-$ref-siblings' not found in registry.
--------------------------------------------------
Time: 2025-09-30T13:49:37.620444
Issue: no-$ref-siblings | N/A
Message: $ref must not be placed next to any other properties [path: components.schemas.ParticipationResult.properties.key.description]
Location: N/A
Fixed: False
Source: System
Issue Source: spectral-validator
Issue Target: import-url_root-spec
Action: COULD NOT PROCESS: Issue definition for code 'no-$ref-siblings' not found in registry.
--------------------------------------------------
Time: 2025-09-30T13:49:37.826355
Issue: no-$ref-siblings | N/A
Message: $ref must not be placed next to any other properties [path: components.schemas.ParticipationResult.properties.missedParticipationCountDetails.description]
Location: N/A
Fixed: False
Source: System
Issue Source: spectral-validator
Issue Target: import-url_root-spec
Action: COULD NOT PROCESS: Issue definition for code 'no-$ref-siblings' not found in registry.
--------------------------------------------------
Time: 2025-09-30T13:49:37.985392
Issue: no-$ref-siblings | N/A
Message: $ref must not be placed next to any other properties [path: components.schemas.PriceAccuracyRow.properties.cachedPriceRecord.description]
Location: N/A
Fixed: False
Source: System
Issue Source: spectral-validator
Issue Target: import-url_root-spec
Action: COULD NOT PROCESS: Issue definition for code 'no-$ref-siblings' not found in registry.
--------------------------------------------------
Time: 2025-09-30T13:49:38.070323
Issue: no-$ref-siblings | N/A
Message: $ref must not be placed next to any other properties [path: components.schemas.PriceAccuracyRow.properties.checkinDate.description]
Location: N/A
Fixed: False
Source: System
Issue Source: spectral-validator
Issue Target: import-url_root-spec
Action: COULD NOT PROCESS: Issue definition for code 'no-$ref-siblings' not found in registry.
--------------------------------------------------
Time: 2025-09-30T13:49:38.303970
Issue: no-$ref-siblings | N/A
Message: $ref must not be placed next to any other properties [path: components.schemas.PriceAccuracyRow.properties.fetchedPriceRecord.description]
Location: N/A
Fixed: False
Source: System
Issue Source: spectral-validator
Issue Target: import-url_root-spec
Action: COULD NOT PROCESS: Issue definition for code 'no-$ref-siblings' not found in registry.
--------------------------------------------------
Time: 2025-09-30T13:49:38.399530
Issue: no-$ref-siblings | N/A
Message: $ref must not be placed next to any other properties [path: components.schemas.PriceCoverageView.properties.calculationDate.description]
Location: N/A
Fixed: False
Source: System
Issue Source: spectral-validator
Issue Target: import-url_root-spec
Action: COULD NOT PROCESS: Issue definition for code 'no-$ref-siblings' not found in registry.
--------------------------------------------------
Time: 2025-09-30T13:49:38.555882
Issue: oas3-unused-component | N/A
Message: Potentially unused component has been detected. [path: components.schemas.PriceView]
Location: N/A
Fixed: False
Source: System
Issue Source: spectral-validator
Issue Target: import-url_root-spec
Action: COULD NOT PROCESS: Issue definition for code 'oas3-unused-component' not found in registry.
--------------------------------------------------
Time: 2025-09-30T13:49:39.536922
Issue: no-$ref-siblings | N/A
Message: $ref must not be placed next to any other properties [path: components.schemas.PropertyPerformanceResult.properties.date.description]
Location: N/A
Fixed: False
Source: System
Issue Source: spectral-validator
Issue Target: import-url_root-spec
Action: COULD NOT PROCESS: Issue definition for code 'no-$ref-siblings' not found in registry.
--------------------------------------------------
Time: 2025-09-30T13:49:39.616301
Issue: no-$ref-siblings | N/A
Message: $ref must not be placed next to any other properties [path: components.schemas.VerifyListingsResponse.properties.parsedListing.description]
Location: N/A
Fixed: False
Source: System
Issue Source: spectral-validator
Issue Target: import-url_root-spec
Action: COULD NOT PROCESS: Issue definition for code 'no-$ref-siblings' not found in registry.
